[INFO] Scanning for projects...
[INFO] ------------------------------------------------------------------------
[INFO] Reactor Build Order:
[INFO] 
[INFO] GeoServer
[INFO] Core Platform Module
[INFO] Open Web Service Module
[INFO] Main Module
[INFO] GeoServer Security Modules
[INFO] GeoServer JDBC Security Module
[INFO] GeoServer LDAP Security Module
[INFO] Web Coverage Service Module
[INFO] Web Coverage Service 1.0 Module
[INFO] Web Coverage Service 1.1 Module
[INFO] Web Coverage Service 2.0 Module
[INFO] Web Feature Service Module
[INFO] Web Map Service Module
[INFO] KML support for GeoServer
[INFO] GeoWebCache (GWC) Module
[INFO] REST Support Module
[INFO] REST Configuration Service Module
[INFO] GeoServer Web Modules
[INFO] Core UI Module
[INFO] WMS UI Module
[INFO] GWC UI Module
[INFO] WFS UI Module
[INFO] Demos Module
[INFO] WCS UI Module
[INFO] Security UI Modules
[INFO] Security UI Core Module
[INFO] Security UI JDBC Module
[INFO] Security UI LDAP Module
[INFO] REST UI Module
[INFO] GeoServer Web Application
[INFO] Community Space
[INFO] GeoServer Extensions
[INFO]                                                                         
[INFO] ------------------------------------------------------------------------
[INFO] Building GeoServer 2.11.0
[INFO] ------------------------------------------------------------------------
[INFO] 
[INFO] --- git-commit-id-plugin:2.1.15:revision (default) @ geoserver ---
[INFO]                                                                         
[INFO] ------------------------------------------------------------------------
[INFO] Building Core Platform Module 2.11.0
[INFO] ------------------------------------------------------------------------
[INFO] 
[INFO] --- git-commit-id-plugin:2.1.15:revision (default) @ gs-platform ---
[INFO] 
[INFO] --- maven-resources-plugin:2.6:resources (default-resources) @ gs-platform ---
[INFO] Using 'UTF-8' encoding to copy filtered resources.
[INFO] Copying 0 resource
[INFO] skip non existing resourceDirectory /root/workspace/geoserver/geoserver/226907097/src/platform/src/main/resources
[INFO] 
[INFO] --- maven-compiler-plugin:2.3.2:compile (default-compile) @ gs-platform ---
[INFO] Nothing to compile - all classes are up to date
[INFO] 
[INFO] --- maven-resources-plugin:2.6:testResources (default-testResources) @ gs-platform ---
[INFO] Using 'UTF-8' encoding to copy filtered resources.
[INFO] Copying 3 resources
[INFO] skip non existing resourceDirectory /root/workspace/geoserver/geoserver/226907097/src/platform/src/test/resources
[INFO] 
[INFO] --- maven-compiler-plugin:2.3.2:testCompile (default-testCompile) @ gs-platform ---
[INFO] Nothing to compile - all classes are up to date
[INFO] 
[INFO] --- maven-surefire-plugin:2.12.3:test (default-test) @ gs-platform ---
[INFO] Surefire report directory: /root/workspace/geoserver/geoserver/226907097/src/platform/target/surefire-reports
[INFO] Downloading: https://repo.maven.apache.org/maven2/org/apache/maven/surefire/surefire-junit4/2.12.3/surefire-junit4-2.12.3.pom
[INFO] Downloaded: https://repo.maven.apache.org/maven2/org/apache/maven/surefire/surefire-junit4/2.12.3/surefire-junit4-2.12.3.pom (3 KB at 6.7 KB/sec)
[INFO] Downloading: https://repo.maven.apache.org/maven2/org/apache/maven/surefire/surefire-providers/2.12.3/surefire-providers-2.12.3.pom
[INFO] Downloaded: https://repo.maven.apache.org/maven2/org/apache/maven/surefire/surefire-providers/2.12.3/surefire-providers-2.12.3.pom (3 KB at 84.9 KB/sec)
[INFO] Downloading: https://repo.maven.apache.org/maven2/org/apache/maven/surefire/surefire-junit4/2.12.3/surefire-junit4-2.12.3.jar
[INFO] Downloaded: https://repo.maven.apache.org/maven2/org/apache/maven/surefire/surefire-junit4/2.12.3/surefire-junit4-2.12.3.jar (36 KB at 579.5 KB/sec)

-------------------------------------------------------
 T E S T S
-------------------------------------------------------
Running org.geoserver.platform.AdvancedDispatchFilterTest
Tests run: 2, Failures: 0, Errors: 0, Skipped: 0, Time elapsed: 0.067 sec
Running org.geoserver.platform.GeoServerEnvironmentTest
Tests run: 1, Failures: 0, Errors: 0, Skipped: 0, Time elapsed: 0.506 sec
Running org.geoserver.platform.GeoServerExtensionsTest
Tests run: 9, Failures: 0, Errors: 0, Skipped: 0, Time elapsed: 0.016 sec
Running org.geoserver.platform.GeoServerResourceLoaderTest
Tests run: 8, Failures: 0, Errors: 0, Skipped: 0, Time elapsed: 0.026 sec
Running org.geoserver.platform.ModuleStatusTest
test
default
Tests run: 2, Failures: 0, Errors: 0, Skipped: 0, Time elapsed: 0.001 sec
Running org.geoserver.platform.RenderingEngineStatusTest
Tests run: 1, Failures: 0, Errors: 0, Skipped: 0, Time elapsed: 0.013 sec
Running org.geoserver.platform.SystemEnvironmentTest
Tests run: 2, Failures: 0, Errors: 0, Skipped: 0, Time elapsed: 0.005 sec
Running org.geoserver.platform.SystemPropertiesStatusTest
Tests run: 1, Failures: 0, Errors: 0, Skipped: 0, Time elapsed: 0.005 sec
Running org.geoserver.platform.exception.ExceptionLocalizeTest
Tests run: 6, Failures: 0, Errors: 0, Skipped: 0, Time elapsed: 0.016 sec
Running org.geoserver.platform.exception.GeoServerExceptionsTest
Tests run: 5, Failures: 0, Errors: 0, Skipped: 0, Time elapsed: 0.006 sec
Running org.geoserver.platform.resource.FileSystemResourceTheoryTest
Tests run: 37, Failures: 0, Errors: 0, Skipped: 0, Time elapsed: 5.552 sec
Running org.geoserver.platform.resource.FileWrapperResourceTheoryTest
Tests run: 33, Failures: 0, Errors: 0, Skipped: 0, Time elapsed: 0.217 sec
Running org.geoserver.platform.resource.PathsTest
Tests run: 6, Failures: 0, Errors: 0, Skipped: 0, Time elapsed: 0.004 sec
Running org.geoserver.platform.resource.ResourcesTest
Tests run: 34, Failures: 0, Errors: 0, Skipped: 0, Time elapsed: 0.201 sec
Running org.geoserver.platform.resource.SimpleResourceNotificationDispatcherTest
Tests run: 6, Failures: 0, Errors: 0, Skipped: 0, Time elapsed: 0.008 sec
Running org.geoserver.util.IOUtilsTest
Tests run: 1, Failures: 0, Errors: 0, Skipped: 0, Time elapsed: 0.009 sec
Running org.geoserver.util.LoggerRuleTest
Tests run: 7, Failures: 0, Errors: 0, Skipped: 0, Time elapsed: 0.059 sec

Results :

Tests run: 161, Failures: 0, Errors: 0, Skipped: 0

[INFO]                                                                         
[INFO] ------------------------------------------------------------------------
[INFO] Building Open Web Service Module 2.11.0
[INFO] ------------------------------------------------------------------------
[INFO] 
[INFO] --- git-commit-id-plugin:2.1.15:revision (default) @ gs-ows ---
[INFO] 
[INFO] --- maven-resources-plugin:2.6:resources (default-resources) @ gs-ows ---
[INFO] Using 'UTF-8' encoding to copy filtered resources.
[INFO] Copying 9 resources
[INFO] skip non existing resourceDirectory /root/workspace/geoserver/geoserver/226907097/src/ows/src/main/resources
[INFO] 
[INFO] --- maven-compiler-plugin:2.3.2:compile (default-compile) @ gs-ows ---
[INFO] Nothing to compile - all classes are up to date
[INFO] 
[INFO] --- maven-resources-plugin:2.6:testResources (default-testResources) @ gs-ows ---
[INFO] Using 'UTF-8' encoding to copy filtered resources.
[INFO] Copying 7 resources
[INFO] skip non existing resourceDirectory /root/workspace/geoserver/geoserver/226907097/src/ows/src/test/resources
[INFO] 
[INFO] --- maven-compiler-plugin:2.3.2:testCompile (default-testCompile) @ gs-ows ---
[INFO] Nothing to compile - all classes are up to date
[INFO] 
[INFO] --- maven-surefire-plugin:2.12.3:test (default-test) @ gs-ows ---
[INFO] Surefire report directory: /root/workspace/geoserver/geoserver/226907097/src/ows/target/surefire-reports

-------------------------------------------------------
 T E S T S
-------------------------------------------------------
Running org.geoserver.ows.DefaultServiceExceptionHandlerTest
Tests run: 5, Failures: 0, Errors: 0, Skipped: 0, Time elapsed: 1.457 sec
Running org.geoserver.ows.DispatcherTest
Tests run: 29, Failures: 0, Errors: 0, Skipped: 0, Time elapsed: 0.721 sec
Running org.geoserver.ows.FilePublisherTest
Tests run: 2, Failures: 0, Errors: 0, Skipped: 0, Time elapsed: 0.075 sec
Running org.geoserver.ows.XmlObjectEncodingResponseTest
Tests run: 3, Failures: 0, Errors: 0, Skipped: 0, Time elapsed: 0.012 sec
Running org.geoserver.ows.kvp.CharsetKvpParserTest
Tests run: 2, Failures: 0, Errors: 0, Skipped: 0, Time elapsed: 0.004 sec
Running org.geoserver.ows.kvp.ElevationKvpParserTest
Tests run: 3, Failures: 0, Errors: 0, Skipped: 0, Time elapsed: 0.013 sec
Running org.geoserver.ows.kvp.FormatOptionsKvpParserTest
Tests run: 4, Failures: 0, Errors: 0, Skipped: 0, Time elapsed: 0.006 sec
Running org.geoserver.ows.kvp.KvpUtilsTest
Tests run: 10, Failures: 0, Errors: 0, Skipped: 0, Time elapsed: 0 sec
Running org.geoserver.ows.kvp.TimeKvpParserTest
Tests run: 13, Failures: 0, Errors: 0, Skipped: 0, Time elapsed: 0.035 sec
Running org.geoserver.ows.util.CaseInsensitiveMapTest
Tests run: 1, Failures: 0, Errors: 0, Skipped: 0, Time elapsed: 0.001 sec
Running org.geoserver.ows.util.OwsUtilsTest
Tests run: 3, Failures: 0, Errors: 0, Skipped: 0, Time elapsed: 0.001 sec
Running org.geoserver.ows.xml.v1_0.ExceptionReportBindingTest
Tests run: 1, Failures: 0, Errors: 0, Skipped: 0, Time elapsed: 0.023 sec

Results :

Tests run: 76, Failures: 0, Errors: 0, Skipped: 0

[INFO]                                                                         
[INFO] ------------------------------------------------------------------------
[INFO] Building Main Module 2.11.0
[INFO] ------------------------------------------------------------------------
[INFO] 
[INFO] --- git-commit-id-plugin:2.1.15:revision (default) @ gs-main ---
[INFO] 
[INFO] --- maven-resources-plugin:2.6:resources (default-resources) @ gs-main ---
[INFO] Using 'UTF-8' encoding to copy filtered resources.
[INFO] Copying 35 resources
[INFO] Copying 169 resources
[INFO] 
[INFO] --- maven-compiler-plugin:2.3.2:compile (default-compile) @ gs-main ---
[INFO] Compiling 2 source files to /root/workspace/geoserver/geoserver/226907097/src/main/target/classes
[INFO] 
[INFO] --- maven-resources-plugin:2.6:testResources (default-testResources) @ gs-main ---
[INFO] Using 'UTF-8' encoding to copy filtered resources.
[INFO] Copying 133 resources
[INFO] Copying 47 resources
[INFO] 
[INFO] --- maven-compiler-plugin:2.3.2:testCompile (default-testCompile) @ gs-main ---
[INFO] Nothing to compile - all classes are up to date
[INFO] 
[INFO] --- maven-surefire-plugin:2.12.3:test (default-test) @ gs-main ---
[INFO] Surefire report directory: /root/workspace/geoserver/geoserver/226907097/src/main/target/surefire-reports

-------------------------------------------------------
 T E S T S
-------------------------------------------------------
Running org.geoserver.GeoServerInitStartupListenerTest
Tests run: 1, Failures: 0, Errors: 0, Skipped: 0, Time elapsed: 0.657 sec
Running org.geoserver.GeoServerNodeDataTest
Tests run: 1, Failures: 0, Errors: 0, Skipped: 0, Time elapsed: 0.002 sec
Running org.geoserver.ManifestLoaderTest
Tests run: 6, Failures: 0, Errors: 0, Skipped: 0, Time elapsed: 5.757 sec
Running org.geoserver.ManifestLoaderTest$ManifestPropertiesTest
Tests run: 2, Failures: 0, Errors: 0, Skipped: 0, Time elapsed: 3.29 sec
Running org.geoserver.ModuleStatusTest
Tests run: 1, Failures: 0, Errors: 0, Skipped: 0, Time elapsed: 0.466 sec
Running org.geoserver.catalog.CatalogIntegrationTest
Tests run: 5, Failures: 0, Errors: 0, Skipped: 0, Time elapsed: 5.886 sec
Running org.geoserver.catalog.CoverageDimensionCustomizerReaderTest
Tests run: 5, Failures: 0, Errors: 0, Skipped: 0, Time elapsed: 0.25 sec
Running org.geoserver.catalog.CoverageViewTest
Tests run: 7, Failures: 0, Errors: 0, Skipped: 0, Time elapsed: 2.287 sec
Running org.geoserver.catalog.LayerGroupHelperTest
Tests run: 10, Failures: 0, Errors: 0, Skipped: 0, Time elapsed: 2.401 sec
Running org.geoserver.catalog.PredicatesTest
Tests run: 7, Failures: 0, Errors: 0, Skipped: 0, Time elapsed: 0.011 sec
Running org.geoserver.catalog.ResourcePoolTest
Tests run: 17, Failures: 0, Errors: 0, Skipped: 0, Time elapsed: 7.521 sec
Running org.geoserver.catalog.SchemaMappingTest
Tests run: 3, Failures: 0, Errors: 0, Skipped: 0, Time elapsed: 0.628 sec
Running org.geoserver.catalog.StyleGeneratorTest
Tests run: 3, Failures: 0, Errors: 0, Skipped: 0, Time elapsed: 0.086 sec
Running org.geoserver.catalog.StylesTest
Tests run: 5, Failures: 0, Errors: 0, Skipped: 0, Time elapsed: 0.303 sec
Running org.geoserver.catalog.impl.CascadeDeleteVisitorTest
Tests run: 6, Failures: 0, Errors: 0, Skipped: 0, Time elapsed: 0.68 sec
Running org.geoserver.catalog.impl.CascadeRemovalReporterTest
Tests run: 4, Failures: 0, Errors: 0, Skipped: 0, Time elapsed: 0.604 sec
Running org.geoserver.catalog.impl.CatalogBuilderIntTest
/root/workspace/geoserver/geoserver/226907097/src/main/./target/smallMosaic
/root/workspace/geoserver/geoserver/226907097/src/main/./target/largeMosaic
Tests run: 2, Failures: 0, Errors: 0, Skipped: 0, Time elapsed: 8.227 sec
Running org.geoserver.catalog.impl.CatalogBuilderTest
Tests run: 21, Failures: 0, Errors: 0, Skipped: 0, Time elapsed: 3.154 sec
Running org.geoserver.catalog.impl.CatalogImplTest
Tests run: 96, Failures: 0, Errors: 0, Skipped: 1, Time elapsed: 0.094 sec
Running org.geoserver.catalog.impl.CatalogProxiesTest
Tests run: 2, Failures: 0, Errors: 0, Skipped: 0, Time elapsed: 0.594 sec
Running org.geoserver.catalog.impl.DataLinkInfoImplTest
Tests run: 10, Failures: 0, Errors: 0, Skipped: 0, Time elapsed: 0.007 sec
Running org.geoserver.catalog.impl.InfoObjectProxyTest
Tests run: 1, Failures: 0, Errors: 0, Skipped: 0, Time elapsed: 0 sec
Running org.geoserver.catalog.impl.LocalWorkspaceCatalogTest
Tests run: 9, Failures: 0, Errors: 0, Skipped: 0, Time elapsed: 0.008 sec
Running org.geoserver.catalog.impl.LocalWorkspaceLayersTest
[]
Tests run: 5, Failures: 0, Errors: 0, Skipped: 0, Time elapsed: 0.293 sec
Running org.geoserver.catalog.impl.MetadataLinkInfoImplTest
Tests run: 10, Failures: 0, Errors: 0, Skipped: 0, Time elapsed: 0.002 sec
Running org.geoserver.catalog.impl.ModificationProxyClonerTest
Tests run: 6, Failures: 0, Errors: 0, Skipped: 0, Time elapsed: 0.004 sec
Running org.geoserver.catalog.impl.ReaderDimensionAccessorTest
Tests run: 2, Failures: 0, Errors: 0, Skipped: 0, Time elapsed: 0.004 sec
Running org.geoserver.catalog.impl.WorkspaceNamespaceConstencyTest
Tests run: 5, Failures: 0, Errors: 0, Skipped: 0, Time elapsed: 0.003 sec
Running org.geoserver.catalog.impl.util.LegacyCatalogImporterTest
Tests run: 3, Failures: 0, Errors: 0, Skipped: 0, Time elapsed: 1.029 sec
Running org.geoserver.config.DefaultGeoServerLoaderTest
Tests run: 3, Failures: 0, Errors: 0, Skipped: 0, Time elapsed: 0.046 sec
Running org.geoserver.config.GeoServerDataDirectoryTest
Tests run: 2, Failures: 0, Errors: 0, Skipped: 0, Time elapsed: 0.014 sec
Running org.geoserver.config.GeoServerImplTest
Tests run: 9, Failures: 0, Errors: 0, Skipped: 0, Time elapsed: 0.009 sec
Running org.geoserver.config.GeoServerPersisterTest
Tests run: 48, Failures: 0, Errors: 0, Skipped: 0, Time elapsed: 1.082 sec
Running org.geoserver.config.GeoServerPropertyConfigurerTest
Tests run: 2, Failures: 0, Errors: 0, Skipped: 0, Time elapsed: 0.044 sec
Running org.geoserver.config.GeoServerPropertyOverrideConfigurerTest
Tests run: 1, Failures: 0, Errors: 0, Skipped: 0, Time elapsed: 0.026 sec
Running org.geoserver.config.LegacyConfigurationImporterTest
Tests run: 1, Failures: 0, Errors: 0, Skipped: 0, Time elapsed: 0.001 sec
Running org.geoserver.config.ServicePersisterTest
Tests run: 4, Failures: 0, Errors: 0, Skipped: 0, Time elapsed: 0.605 sec
Running org.geoserver.config.UpdateSequenceListenerTest
Tests run: 2, Failures: 0, Errors: 0, Skipped: 0, Time elapsed: 0.233 sec
Running org.geoserver.config.util.AuthorityURLInfoInfoListConverterTest
Tests run: 6, Failures: 0, Errors: 0, Skipped: 0, Time elapsed: 0.046 sec
Running org.geoserver.config.util.LayerIdentifierInfoListConverterTest
[{"authority":"auth1","identifier":"IDENTIFIER_1"},{"authority":"auth2","identifier":"IDENTIFIER_2"}]
Tests run: 6, Failures: 0, Errors: 0, Skipped: 0, Time elapsed: 0.002 sec
Running org.geoserver.config.util.SecureXStreamTest
Tests run: 3, Failures: 0, Errors: 0, Skipped: 0, Time elapsed: 0.011 sec
Running org.geoserver.config.util.XStreamPersisterIntegrationTest
Tests run: 2, Failures: 0, Errors: 0, Skipped: 0, Time elapsed: 0.341 sec
Running org.geoserver.config.util.XStreamPersisterTest
Tests run: 33, Failures: 0, Errors: 0, Skipped: 1, Time elapsed: 0.173 sec
Running org.geoserver.data.jdbc.GenericUnWrapperTest
Tests run: 2, Failures: 0, Errors: 0, Skipped: 0, Time elapsed: 0.015 sec
Running org.geoserver.data.test.PropertyDataStoreRelativeUrlTest
Tests run: 1, Failures: 0, Errors: 0, Skipped: 0, Time elapsed: 0.349 sec
Running org.geoserver.data.util.CoverageUtilsTest
Tests run: 2, Failures: 0, Errors: 0, Skipped: 0, Time elapsed: 0 sec
Running org.geoserver.feature.ReprojectingFeatureCollectionTest
Tests run: 1, Failures: 0, Errors: 0, Skipped: 0, Time elapsed: 0.045 sec
Running org.geoserver.feature.RetypingFeatureCollectionTest
Tests run: 2, Failures: 0, Errors: 0, Skipped: 0, Time elapsed: 0.001 sec
Running org.geoserver.feature.retype.FullyRetypingDataStoreTest
Tests run: 10, Failures: 0, Errors: 0, Skipped: 0, Time elapsed: 0.045 sec
Running org.geoserver.feature.retype.RetypingDataStoreTest
Tests run: 11, Failures: 0, Errors: 0, Skipped: 0, Time elapsed: 0.019 sec
Running org.geoserver.feature.retype.RetypingFeatureSourceMockTest
Tests run: 1, Failures: 0, Errors: 0, Skipped: 0, Time elapsed: 0.003 sec
Running org.geoserver.feature.retype.RetypingFeatureSourceTest
Tests run: 2, Failures: 0, Errors: 0, Skipped: 0, Time elapsed: 0.002 sec
Running org.geoserver.filters.BufferedRequestStreamTest
Tests run: 1, Failures: 0, Errors: 0, Skipped: 0, Time elapsed: 0 sec
Running org.geoserver.filters.BufferedRequestWrapperTest
Tests run: 5, Failures: 0, Errors: 0, Skipped: 0, Time elapsed: 0.008 sec
Running org.geoserver.filters.FlushSafeFilterTest
Tests run: 2, Failures: 0, Errors: 0, Skipped: 0, Time elapsed: 0.006 sec
Running org.geoserver.filters.GZipFilterTest
Tests run: 3, Failures: 0, Errors: 0, Skipped: 0, Time elapsed: 0.003 sec
Running org.geoserver.function.InstanceOfTest
Tests run: 5, Failures: 0, Errors: 0, Skipped: 0, Time elapsed: 0.004 sec
Running org.geoserver.logging.LegacyLoggingImporterTest
Tests run: 1, Failures: 0, Errors: 0, Skipped: 0, Time elapsed: 0 sec
Running org.geoserver.logging.LoggingStartupContextListenerTest
Tests run: 2, Failures: 0, Errors: 0, Skipped: 0, Time elapsed: 0.016 sec
Running org.geoserver.ows.CustomManglerTest
Tests run: 2, Failures: 0, Errors: 0, Skipped: 0, Time elapsed: 0.327 sec
Running org.geoserver.ows.LocalWorkspaceSecureCatalogTest
Tests run: 4, Failures: 0, Errors: 0, Skipped: 0, Time elapsed: 0.04 sec
Running org.geoserver.ows.StylePublisherTest
Tests run: 3, Failures: 0, Errors: 0, Skipped: 0, Time elapsed: 0.375 sec
Running org.geoserver.ows.URLManglersTest
Tests run: 3, Failures: 0, Errors: 0, Skipped: 0, Time elapsed: 0.323 sec
Running org.geoserver.ows.kvp.NamespaceKvpParserTest
Tests run: 5, Failures: 0, Errors: 0, Skipped: 0, Time elapsed: 0.002 sec
Running org.geoserver.platform.GeoServerExtensionsHelperTest
Tests run: 4, Failures: 0, Errors: 0, Skipped: 0, Time elapsed: 0.007 sec
Running org.geoserver.security.GeoServerCustomAuthTest
Tests run: 2, Failures: 0, Errors: 0, Skipped: 0, Time elapsed: 0.485 sec
Running org.geoserver.security.GeoServerCustomFilterTest
Tests run: 5, Failures: 0, Errors: 0, Skipped: 0, Time elapsed: 0.509 sec
Running org.geoserver.security.GeoServerCustomSecurityProviderTest
Tests run: 2, Failures: 0, Errors: 0, Skipped: 0, Time elapsed: 0.231 sec
Running org.geoserver.security.GeoServerRoleFilterTest
Tests run: 2, Failures: 0, Errors: 0, Skipped: 0, Time elapsed: 0.225 sec
Running org.geoserver.security.GeoServerSecurityManagerTest
This file was created at 2017/04/29 03:00:17

The current master password is: geoserver

Test the master password by logging in as user "root"

This file should be removed after reading !!!.
Tests run: 6, Failures: 0, Errors: 0, Skipped: 0, Time elapsed: 0.487 sec
Running org.geoserver.security.GeoserverRequestMatcherTest
Tests run: 2, Failures: 0, Errors: 0, Skipped: 0, Time elapsed: 0.075 sec
Running org.geoserver.security.GroupAdminServiceTest
Tests run: 9, Failures: 0, Errors: 0, Skipped: 0, Time elapsed: 0.841 sec
Running org.geoserver.security.KeyStoreProviderTest
Tests run: 1, Failures: 0, Errors: 0, Skipped: 0, Time elapsed: 0.223 sec
Running org.geoserver.security.MigrateFrom_2_2_Test
Tests run: 2, Failures: 0, Errors: 0, Skipped: 0, Time elapsed: 0.488 sec
Running org.geoserver.security.auth.AuthenticationCacheFilterTest
Tests run: 7, Failures: 0, Errors: 0, Skipped: 0, Time elapsed: 1.923 sec
Running org.geoserver.security.auth.AuthenticationFilterTest
Tests run: 10, Failures: 0, Errors: 0, Skipped: 0, Time elapsed: 3.36 sec
Running org.geoserver.security.auth.GeoServerRootAuthenticationProviderTest
Tests run: 1, Failures: 0, Errors: 0, Skipped: 0, Time elapsed: 0.667 sec
Running org.geoserver.security.auth.GuavaAuthenticationCacheTest
Tests run: 8, Failures: 0, Errors: 0, Skipped: 0, Time elapsed: 8.007 sec
Running org.geoserver.security.auth.LRUAuthenticationCacheTest
Tests run: 11, Failures: 0, Errors: 0, Skipped: 0, Time elapsed: 7.525 sec
Running org.geoserver.security.decorators.DecoratingLayerGroupInfoTest
Tests run: 1, Failures: 0, Errors: 0, Skipped: 0, Time elapsed: 0 sec
Running org.geoserver.security.decorators.DecoratingWMSLayerInfoTest
Tests run: 1, Failures: 0, Errors: 0, Skipped: 0, Time elapsed: 0.001 sec
Running org.geoserver.security.decorators.ReadOnlyDataAccessTest
Tests run: 2, Failures: 0, Errors: 0, Skipped: 0, Time elapsed: 0.01 sec
Running org.geoserver.security.decorators.ReadOnlyDataStoreTest
Tests run: 2, Failures: 0, Errors: 0, Skipped: 0, Time elapsed: 0.004 sec
Running org.geoserver.security.decorators.ReadSecuredCatalogDecoratorsTest
Tests run: 7, Failures: 0, Errors: 0, Skipped: 0, Time elapsed: 0.012 sec
Running org.geoserver.security.decorators.SecuredFeatureCollectionTest
Tests run: 3, Failures: 0, Errors: 0, Skipped: 0, Time elapsed: 0.005 sec
Running org.geoserver.security.decorators.SecuredFeatureSourceTest
Tests run: 3, Failures: 0, Errors: 0, Skipped: 0, Time elapsed: 0 sec
Running org.geoserver.security.decorators.SecuredFeatureStoreTest
Tests run: 2, Failures: 0, Errors: 0, Skipped: 0, Time elapsed: 0.002 sec
Running org.geoserver.security.decorators.SecuredGetMapRequestTest
Tests run: 1, Failures: 0, Errors: 0, Skipped: 0, Time elapsed: 0.005 sec
Running org.geoserver.security.decorators.SecuredGridCoverage2DReaderTest
Tests run: 2, Failures: 0, Errors: 0, Skipped: 0, Time elapsed: 0.022 sec
Running org.geoserver.security.decorators.SecuredSimpleFeatureCollectionTest
Tests run: 3, Failures: 0, Errors: 0, Skipped: 0, Time elapsed: 0.035 sec
Running org.geoserver.security.file.FileTest
Tests run: 1, Failures: 0, Errors: 0, Skipped: 0, Time elapsed: 0.202 sec
Running org.geoserver.security.filter.GeoServerBasicAuthenticationFilterTest
Tests run: 1, Failures: 0, Errors: 0, Skipped: 0, Time elapsed: 0.017 sec
Running org.geoserver.security.impl.AdvertisedCatalogTest
Tests run: 3, Failures: 0, Errors: 0, Skipped: 0, Time elapsed: 0.006 sec
Running org.geoserver.security.impl.DataAccessRuleDAOTest
Tests run: 10, Failures: 0, Errors: 0, Skipped: 0, Time elapsed: 0.003 sec
Running org.geoserver.security.impl.DataAccessRuleTest
Tests run: 3, Failures: 0, Errors: 0, Skipped: 0, Time elapsed: 0.002 sec
Running org.geoserver.security.impl.DefaultDataAccessManagerTreeTest
Tests run: 4, Failures: 0, Errors: 0, Skipped: 0, Time elapsed: 0.01 sec
Running org.geoserver.security.impl.DefaultResourceAccessManagerAuthTest
Tests run: 15, Failures: 0, Errors: 0, Skipped: 0, Time elapsed: 0.036 sec
Running org.geoserver.security.impl.GeoServerJ2eeRoleServiceTest
Tests run: 2, Failures: 0, Errors: 0, Skipped: 0, Time elapsed: 0.095 sec
Running org.geoserver.security.impl.GeoServerRoleConverterImplTest
Tests run: 1, Failures: 0, Errors: 0, Skipped: 0, Time elapsed: 0 sec
Running org.geoserver.security.impl.GeoServerUserDaoTest
Tests run: 8, Failures: 0, Errors: 0, Skipped: 0, Time elapsed: 0.005 sec
Running org.geoserver.security.impl.LayerGroupContainmentCacheTest
Tests run: 13, Failures: 0, Errors: 0, Skipped: 0, Time elapsed: 0.133 sec
Running org.geoserver.security.impl.MemoryRoleServiceTest
Tests run: 5, Failures: 0, Errors: 0, Skipped: 0, Time elapsed: 0.111 sec
Running org.geoserver.security.impl.MemoryUserDetailsServiceTest
Tests run: 8, Failures: 0, Errors: 0, Skipped: 0, Time elapsed: 3.98 sec
Running org.geoserver.security.impl.MemoryUserGroupServiceTest
Tests run: 7, Failures: 0, Errors: 0, Skipped: 0, Time elapsed: 0.536 sec
Running org.geoserver.security.impl.RoleHierarchyHelperTest
Tests run: 3, Failures: 0, Errors: 0, Skipped: 0, Time elapsed: 0 sec
Running org.geoserver.security.impl.SecureCatalogImplFilterTest
Tests run: 1, Failures: 0, Errors: 0, Skipped: 0, Time elapsed: 0.011 sec
Running org.geoserver.security.impl.SecureCatalogImplGroupsTest
Tests run: 16, Failures: 0, Errors: 0, Skipped: 0, Time elapsed: 0.039 sec
Running org.geoserver.security.impl.SecureCatalogImplTest
Tests run: 28, Failures: 0, Errors: 0, Skipped: 0, Time elapsed: 0.092 sec
Running org.geoserver.security.impl.SecureCatalogIntegrationTest
Tests run: 3, Failures: 0, Errors: 0, Skipped: 0, Time elapsed: 0.227 sec
Running org.geoserver.security.impl.SecureTreeNodeTest
Tests run: 1, Failures: 0, Errors: 0, Skipped: 0, Time elapsed: 0.002 sec
Running org.geoserver.security.impl.SecuredLayerGroupTest
Tests run: 3, Failures: 0, Errors: 0, Skipped: 0, Time elapsed: 0.329 sec
Running org.geoserver.security.password.GeoServerMultiplexingPasswordEncoderTest
Tests run: 1, Failures: 0, Errors: 0, Skipped: 0, Time elapsed: 0.002 sec
Running org.geoserver.security.password.GeoserverPasswordEncoderTest
Tests run: 7, Failures: 0, Errors: 0, Skipped: 0, Time elapsed: 3.039 sec
Running org.geoserver.security.password.MasterPasswordChangeTest
Tests run: 1, Failures: 0, Errors: 0, Skipped: 0, Time elapsed: 0.798 sec
Running org.geoserver.security.password.URLMasterPasswordProviderTest
Tests run: 1, Failures: 0, Errors: 0, Skipped: 0, Time elapsed: 0.212 sec
Running org.geoserver.security.rememberme.RememberMeTest
Tests run: 2, Failures: 0, Errors: 0, Skipped: 0, Time elapsed: 0.58 sec
Running org.geoserver.security.validation.FilterConfigValidatorTest
Tests run: 8, Failures: 0, Errors: 0, Skipped: 0, Time elapsed: 0.013 sec
Running org.geoserver.security.validation.MasterPasswordChangeValidatorTest
Tests run: 2, Failures: 0, Errors: 0, Skipped: 0, Time elapsed: 0.003 sec
Running org.geoserver.security.validation.PasswordValidatorTest
Tests run: 1, Failures: 0, Errors: 0, Skipped: 0, Time elapsed: 0.002 sec
Running org.geoserver.security.validation.RoleStoreValidationWrapperTest
Tests run: 4, Failures: 0, Errors: 0, Skipped: 0, Time elapsed: 0.019 sec
Running org.geoserver.security.validation.SecurityConfigValidatorTest
Tests run: 6, Failures: 0, Errors: 0, Skipped: 0, Time elapsed: 0.264 sec
Running org.geoserver.security.validation.UserGroupStoreValidationWrapperTest
Tests run: 1, Failures: 0, Errors: 0, Skipped: 0, Time elapsed: 0.287 sec
Running org.geoserver.security.xml.XMLRoleServiceTest
Tests run: 8, Failures: 0, Errors: 0, Skipped: 0, Time elapsed: 0.535 sec
Running org.geoserver.security.xml.XMLSecurityConfigValidatorTest
Tests run: 6, Failures: 0, Errors: 0, Skipped: 0, Time elapsed: 0.252 sec
Running org.geoserver.security.xml.XMLUserDetailsServiceTest
Tests run: 4, Failures: 0, Errors: 0, Skipped: 0, Time elapsed: 1.927 sec
Running org.geoserver.security.xml.XMLUserGroupServiceTest
Tests run: 11, Failures: 0, Errors: 0, Skipped: 0, Time elapsed: 13.061 sec
Running org.geoserver.template.DirectFeatureWrapperTest
Tests run: 4, Failures: 0, Errors: 0, Skipped: 0, Time elapsed: 0.174 sec
Running org.geoserver.template.FeatureWrapperTest
Tests run: 4, Failures: 0, Errors: 0, Skipped: 0, Time elapsed: 0.016 sec
Running org.geoserver.template.GeoServerTemplateLoader2Test
Tests run: 5, Failures: 0, Errors: 0, Skipped: 0, Time elapsed: 0.016 sec
Running org.geoserver.threadlocals.AdminRequestThreadLocalTransferTest
Tests run: 1, Failures: 0, Errors: 0, Skipped: 0, Time elapsed: 0.001 sec
Running org.geoserver.threadlocals.AuthenticationThreadLocalTransferTest
Tests run: 1, Failures: 0, Errors: 0, Skipped: 0, Time elapsed: 0.011 sec
Running org.geoserver.threadlocals.LocalLayerThreadLocalTransferTest
Tests run: 1, Failures: 0, Errors: 0, Skipped: 0, Time elapsed: 0.004 sec
Running org.geoserver.threadlocals.LocalWorkspaceThreadLocalTransferTest
Tests run: 1, Failures: 0, Errors: 0, Skipped: 0, Time elapsed: 0.002 sec
Running org.geoserver.threadlocals.PublicThreadLocalTransferTest
Tests run: 1, Failures: 0, Errors: 0, Skipped: 0, Time elapsed: 0.005 sec
Running org.geoserver.threadlocals.ThreadLocalsTransferTest
Tests run: 1, Failures: 0, Errors: 0, Skipped: 0, Time elapsed: 0.094 sec
Running org.geoserver.util.DefaultCacheProviderTest
29 Apr 03:01:07 WARN [geoserver.util] - Multiple Cache Providers in context: testCacheProvider1, testCacheProvider2
	Using testCacheProvider1.  Override by setting system property GEOSERVER_DEFAULT_CACHE_PROVIDER
Tests run: 5, Failures: 0, Errors: 0, Skipped: 1, Time elapsed: 0.008 sec
Running org.geoserver.util.PartialBufferOutputStream2Test
Tests run: 1, Failures: 0, Errors: 0, Skipped: 0, Time elapsed: 0 sec
Running org.geoserver.util.XCQLTest
Tests run: 2, Failures: 0, Errors: 0, Skipped: 0, Time elapsed: 0.014 sec
Running org.geoserver.vfny.global.TolerantStartupTest
Tests run: 1, Failures: 0, Errors: 0, Skipped: 0, Time elapsed: 0.213 sec
Running org.geoserver.wfsng.WfsCompatibilityTest
Tests run: 1, Failures: 0, Errors: 0, Skipped: 1, Time elapsed: 0.222 sec
Running org.vfny.geoserver.ProjectionPolicyTest
Tests run: 5, Failures: 0, Errors: 0, Skipped: 0, Time elapsed: 0.24 sec
Running org.vfny.geoserver.crs.OverrideCRSTest
Tests run: 1, Failures: 0, Errors: 0, Skipped: 0, Time elapsed: 0.109 sec
Running org.vfny.geoserver.crs.OvverideTransformationsTest
Tests run: 4, Failures: 0, Errors: 0, Skipped: 0, Time elapsed: 0.551 sec
Running org.vfny.geoserver.global.GeoserverDataDirectoryTest
Tests run: 4, Failures: 0, Errors: 0, Skipped: 0, Time elapsed: 0.265 sec
Running org.vfny.geoserver.global.xml.WriterHelperTest
Tests run: 3, Failures: 0, Errors: 0, Skipped: 0, Time elapsed: 0.001 sec
Running org.vfny.geoserver.util.ResponseUtilsTest
Tests run: 6, Failures: 0, Errors: 0, Skipped: 0, Time elapsed: 0.001 sec
Running org.vfny.geoserver.util.SLDValidatorTest
Tests run: 2, Failures: 0, Errors: 0, Skipped: 0, Time elapsed: 0.035 sec

Results :

Tests run: 797, Failures: 0, Errors: 0, Skipped: 4

[INFO]                                                                         
[INFO] ------------------------------------------------------------------------
[INFO] Building GeoServer Security Modules 2.11.0
[INFO] ------------------------------------------------------------------------
[INFO] 
[INFO] --- git-commit-id-plugin:2.1.15:revision (default) @ gs-security ---
[INFO]                                                                         
[INFO] ------------------------------------------------------------------------
[INFO] Building GeoServer JDBC Security Module 2.11.0
[INFO] ------------------------------------------------------------------------
[INFO] 
[INFO] --- git-commit-id-plugin:2.1.15:revision (default) @ gs-sec-jdbc ---
[INFO] 
[INFO] --- maven-resources-plugin:2.6:resources (default-resources) @ gs-sec-jdbc ---
[INFO] Using 'UTF-8' encoding to copy filtered resources.
[INFO] Copying 2 resources
[INFO] Copying 20 resources
[INFO] 
[INFO] --- maven-compiler-plugin:2.3.2:compile (default-compile) @ gs-sec-jdbc ---
[INFO] Nothing to compile - all classes are up to date
[INFO] 
[INFO] --- maven-resources-plugin:2.6:testResources (default-testResources) @ gs-sec-jdbc ---
[INFO] Using 'UTF-8' encoding to copy filtered resources.
[INFO] Copying 0 resource
[INFO] Copying 8 resources
[INFO] 
[INFO] --- maven-compiler-plugin:2.3.2:testCompile (default-testCompile) @ gs-sec-jdbc ---
[INFO] Nothing to compile - all classes are up to date
[INFO] 
[INFO] --- maven-surefire-plugin:2.12.3:test (default-test) @ gs-sec-jdbc ---
[INFO] Surefire report directory: /root/workspace/geoserver/geoserver/226907097/src/security/jdbc/target/surefire-reports

-------------------------------------------------------
 T E S T S
-------------------------------------------------------
Running org.geoserver.security.jdbc.DB2RoleServiceTest
Tests run: 5, Failures: 0, Errors: 0, Skipped: 5, Time elapsed: 0.671 sec
Running org.geoserver.security.jdbc.DB2UserDetailsServiceTest
Tests run: 3, Failures: 0, Errors: 0, Skipped: 3, Time elapsed: 0.012 sec
Running org.geoserver.security.jdbc.DB2UserGroupServiceTest
Tests run: 8, Failures: 0, Errors: 0, Skipped: 8, Time elapsed: 0.015 sec
Running org.geoserver.security.jdbc.H2RoleServiceTest
Tests run: 5, Failures: 0, Errors: 0, Skipped: 0, Time elapsed: 2.333 sec
Running org.geoserver.security.jdbc.H2UserDetailsServiceTest
Tests run: 3, Failures: 0, Errors: 0, Skipped: 0, Time elapsed: 3.626 sec
Running org.geoserver.security.jdbc.H2UserGroupServiceTest
Tests run: 8, Failures: 0, Errors: 0, Skipped: 0, Time elapsed: 1.941 sec
Running org.geoserver.security.jdbc.JDBCConnectAuthProviderTest
Tests run: 3, Failures: 0, Errors: 0, Skipped: 0, Time elapsed: 1.872 sec
Running org.geoserver.security.jdbc.JDBCGroupAdminServiceTest
Tests run: 9, Failures: 0, Errors: 0, Skipped: 0, Time elapsed: 0.888 sec
Running org.geoserver.security.jdbc.JdbcSecurityConfigValidatorTest
Tests run: 6, Failures: 0, Errors: 0, Skipped: 0, Time elapsed: 1.324 sec
Running org.geoserver.security.jdbc.MySqlRoleServiceTest
Tests run: 5, Failures: 0, Errors: 0, Skipped: 5, Time elapsed: 0.009 sec
Running org.geoserver.security.jdbc.MySqlUserDetailsServiceTest
Tests run: 3, Failures: 0, Errors: 0, Skipped: 3, Time elapsed: 0.008 sec
Running org.geoserver.security.jdbc.MySqlUserGroupServiceTest
Tests run: 8, Failures: 0, Errors: 0, Skipped: 8, Time elapsed: 0.009 sec
Running org.geoserver.security.jdbc.OracleRoleServiceTest
Tests run: 5, Failures: 0, Errors: 0, Skipped: 5, Time elapsed: 0.009 sec
Running org.geoserver.security.jdbc.OracleUserDetailsServiceTest
Tests run: 3, Failures: 0, Errors: 0, Skipped: 3, Time elapsed: 0.008 sec
Running org.geoserver.security.jdbc.OracleUserGroupServiceTest
Tests run: 8, Failures: 0, Errors: 0, Skipped: 8, Time elapsed: 0.01 sec
Running org.geoserver.security.jdbc.PostGisRoleServiceTest
Tests run: 5, Failures: 0, Errors: 0, Skipped: 5, Time elapsed: 0.01 sec
Running org.geoserver.security.jdbc.PostGisUserDetailsServiceTest
Tests run: 3, Failures: 0, Errors: 0, Skipped: 3, Time elapsed: 0.009 sec
Running org.geoserver.security.jdbc.PostGisUserGroupServiceTest
Tests run: 8, Failures: 0, Errors: 0, Skipped: 8, Time elapsed: 0.014 sec
Running org.geoserver.security.jdbc.SqlServerRoleServiceTest
Tests run: 5, Failures: 0, Errors: 0, Skipped: 5, Time elapsed: 0.009 sec
Running org.geoserver.security.jdbc.SqlServerUserDetailsServiceTest
Tests run: 3, Failures: 0, Errors: 0, Skipped: 3, Time elapsed: 0.009 sec
Running org.geoserver.security.jdbc.SqlServerUserGroupServiceTest
Tests run: 8, Failures: 0, Errors: 0, Skipped: 8, Time elapsed: 0.009 sec

Results :

Tests run: 114, Failures: 0, Errors: 0, Skipped: 80

[INFO]                                                                         
[INFO] ------------------------------------------------------------------------
[INFO] Building GeoServer LDAP Security Module 2.11.0
[INFO] ------------------------------------------------------------------------
[INFO] 
[INFO] --- git-commit-id-plugin:2.1.15:revision (default) @ gs-sec-ldap ---
[INFO] 
[INFO] --- maven-resources-plugin:2.6:resources (default-resources) @ gs-sec-ldap ---
[INFO] Using 'UTF-8' encoding to copy filtered resources.
[INFO] Copying 1 resource
[INFO] Copying 13 resources
[INFO] 
[INFO] --- maven-compiler-plugin:2.3.2:compile (default-compile) @ gs-sec-ldap ---
[INFO] Nothing to compile - all classes are up to date
[INFO] 
[INFO] --- maven-resources-plugin:2.6:testResources (default-testResources) @ gs-sec-ldap ---
[INFO] Using 'UTF-8' encoding to copy filtered resources.
[INFO] Copying 0 resource
[INFO] Copying 4 resources
[INFO] 
[INFO] --- maven-compiler-plugin:2.3.2:testCompile (default-testCompile) @ gs-sec-ldap ---
[INFO] Nothing to compile - all classes are up to date
[INFO] 
[INFO] --- maven-surefire-plugin:2.12.3:test (default-test) @ gs-sec-ldap ---
[INFO] Surefire report directory: /root/workspace/geoserver/geoserver/226907097/src/security/ldap/target/surefire-reports

-------------------------------------------------------
 T E S T S
-------------------------------------------------------
Running org.geoserver.security.ldap.LDAPAuthenticationProviderTest
29 Apr 03:01:24 ERROR [registries.DefaultAttributeTypeRegistry] - attributeType w/ OID 2.5.4.16 not registered!
29 Apr 03:01:25 WARN [normalization.NormalizationInterceptor] - The RDN 'dc=example' is not present in the entry
29 Apr 03:01:25 WARN [ldap.LdapProtocolHandler] - Null LdapSession given to cleanUpSession.
29 Apr 03:01:25 WARN [ldap.LdapProtocolHandler] - Unexpected exception forcing session to close: sending disconnect notice to client.
java.lang.NullPointerException
	at org.apache.directory.server.ldap.handlers.LdapRequestHandler.handleMessage(LdapRequestHandler.java:129)
	at org.apache.directory.server.ldap.handlers.LdapRequestHandler.handleMessage(LdapRequestHandler.java:56)
	at org.apache.mina.handler.demux.DemuxingIoHandler.messageReceived(DemuxingIoHandler.java:232)
	at org.apache.directory.server.ldap.LdapProtocolHandler.messageReceived(LdapProtocolHandler.java:194)
	at org.apache.mina.core.filterchain.DefaultIoFilterChain$TailFilter.messageReceived(DefaultIoFilterChain.java:721)
	at org.apache.mina.core.filterchain.DefaultIoFilterChain.callNextMessageReceived(DefaultIoFilterChain.java:433)
	at org.apache.mina.core.filterchain.DefaultIoFilterChain.access$1200(DefaultIoFilterChain.java:47)
	at org.apache.mina.core.filterchain.DefaultIoFilterChain$EntryImpl$1.messageReceived(DefaultIoFilterChain.java:801)
	at org.apache.mina.core.filterchain.IoFilterEvent.fire(IoFilterEvent.java:71)
	at org.apache.mina.core.session.IoEvent.run(IoEvent.java:63)
	at org.apache.mina.filter.executor.UnorderedThreadPoolExecutor$Worker.runTask(UnorderedThreadPoolExecutor.java:480)
	at org.apache.mina.filter.executor.UnorderedThreadPoolExecutor$Worker.run(UnorderedThreadPoolExecutor.java:434)
	at java.lang.Thread.run(Thread.java:745)
29 Apr 03:01:25 WARN [ldap.LdapProtocolHandler] - Null LdapSession given to cleanUpSession.
29 Apr 03:01:25 WARN [ldap.LdapProtocolHandler] - Null LdapSession given to cleanUpSession.
29 Apr 03:01:25 WARN [registries.DefaultOidRegistry] - OID for name 'javaremotelocation' was not found within the OID registry
29 Apr 03:01:25 WARN [context.SearchingOperationContext] - Requested attribute javaremotelocation does not exist in the schema, it will be ignored
29 Apr 03:01:29 ERROR [registries.DefaultAttributeTypeRegistry] - attributeType w/ OID 2.5.4.16 not registered!
29 Apr 03:01:30 WARN [ldap.LdapProtocolHandler] - Unexpected exception forcing session to close: sending disconnect notice to client.
java.lang.NullPointerException
	at org.apache.directory.server.ldap.handlers.LdapRequestHandler.handleMessage(LdapRequestHandler.java:129)
	at org.apache.directory.server.ldap.handlers.LdapRequestHandler.handleMessage(LdapRequestHandler.java:56)
	at org.apache.mina.handler.demux.DemuxingIoHandler.messageReceived(DemuxingIoHandler.java:232)
	at org.apache.directory.server.ldap.LdapProtocolHandler.messageReceived(LdapProtocolHandler.java:194)
	at org.apache.mina.core.filterchain.DefaultIoFilterChain$TailFilter.messageReceived(DefaultIoFilterChain.java:721)
	at org.apache.mina.core.filterchain.DefaultIoFilterChain.callNextMessageReceived(DefaultIoFilterChain.java:433)
	at org.apache.mina.core.filterchain.DefaultIoFilterChain.access$1200(DefaultIoFilterChain.java:47)
	at org.apache.mina.core.filterchain.DefaultIoFilterChain$EntryImpl$1.messageReceived(DefaultIoFilterChain.java:801)
	at org.apache.mina.core.filterchain.IoFilterEvent.fire(IoFilterEvent.java:71)
	at org.apache.mina.core.session.IoEvent.run(IoEvent.java:63)
	at org.apache.mina.filter.executor.UnorderedThreadPoolExecutor$Worker.runTask(UnorderedThreadPoolExecutor.java:480)
	at org.apache.mina.filter.executor.UnorderedThreadPoolExecutor$Worker.run(UnorderedThreadPoolExecutor.java:434)
	at java.lang.Thread.run(Thread.java:745)
29 Apr 03:01:30 WARN [ldap.LdapProtocolHandler] - Null LdapSession given to cleanUpSession.
29 Apr 03:01:30 WARN [ldap.LdapProtocolHandler] - Unexpected exception forcing session to close: sending disconnect notice to client.
java.lang.NullPointerException
	at org.apache.directory.server.ldap.handlers.LdapRequestHandler.handleMessage(LdapRequestHandler.java:129)
	at org.apache.directory.server.ldap.handlers.LdapRequestHandler.handleMessage(LdapRequestHandler.java:56)
	at org.apache.mina.handler.demux.DemuxingIoHandler.messageReceived(DemuxingIoHandler.java:232)
	at org.apache.directory.server.ldap.LdapProtocolHandler.messageReceived(LdapProtocolHandler.java:194)
	at org.apache.mina.core.filterchain.DefaultIoFilterChain$TailFilter.messageReceived(DefaultIoFilterChain.java:721)
	at org.apache.mina.core.filterchain.DefaultIoFilterChain.callNextMessageReceived(DefaultIoFilterChain.java:433)
	at org.apache.mina.core.filterchain.DefaultIoFilterChain.access$1200(DefaultIoFilterChain.java:47)
	at org.apache.mina.core.filterchain.DefaultIoFilterChain$EntryImpl$1.messageReceived(DefaultIoFilterChain.java:801)
	at org.apache.mina.core.filterchain.IoFilterEvent.fire(IoFilterEvent.java:71)
	at org.apache.mina.core.session.IoEvent.run(IoEvent.java:63)
	at org.apache.mina.filter.executor.UnorderedThreadPoolExecutor$Worker.runTask(UnorderedThreadPoolExecutor.java:480)
	at org.apache.mina.filter.executor.UnorderedThreadPoolExecutor$Worker.run(UnorderedThreadPoolExecutor.java:434)
	at java.lang.Thread.run(Thread.java:745)
29 Apr 03:01:30 WARN [ldap.LdapProtocolHandler] - Null LdapSession given to cleanUpSession.
29 Apr 03:01:30 WARN [ldap.LdapProtocolHandler] - Null LdapSession given to cleanUpSession.
29 Apr 03:01:30 WARN [registries.DefaultOidRegistry] - OID for name 'javaremotelocation' was not found within the OID registry
29 Apr 03:01:30 WARN [context.SearchingOperationContext] - Requested attribute javaremotelocation does not exist in the schema, it will be ignored
29 Apr 03:01:30 ERROR [authn.AuthenticationInterceptor] - Attempted operation SEARCH_REQUEST by unauthenticated caller.
29 Apr 03:01:33 ERROR [registries.DefaultAttributeTypeRegistry] - attributeType w/ OID 2.5.4.16 not registered!
29 Apr 03:01:33 WARN [ldap.LdapProtocolHandler] - Null LdapSession given to cleanUpSession.
29 Apr 03:01:33 WARN [ldap.LdapProtocolHandler] - Null LdapSession given to cleanUpSession.
29 Apr 03:01:33 WARN [ldap.LdapProtocolHandler] - Unexpected exception forcing session to close: sending disconnect notice to client.
java.lang.NullPointerException
	at org.apache.directory.server.ldap.handlers.LdapRequestHandler.handleMessage(LdapRequestHandler.java:129)
	at org.apache.directory.server.ldap.handlers.LdapRequestHandler.handleMessage(LdapRequestHandler.java:56)
	at org.apache.mina.handler.demux.DemuxingIoHandler.messageReceived(DemuxingIoHandler.java:232)
	at org.apache.directory.server.ldap.LdapProtocolHandler.messageReceived(LdapProtocolHandler.java:194)
	at org.apache.mina.core.filterchain.DefaultIoFilterChain$TailFilter.messageReceived(DefaultIoFilterChain.java:721)
	at org.apache.mina.core.filterchain.DefaultIoFilterChain.callNextMessageReceived(DefaultIoFilterChain.java:433)
	at org.apache.mina.core.filterchain.DefaultIoFilterChain.access$1200(DefaultIoFilterChain.java:47)
	at org.apache.mina.core.filterchain.DefaultIoFilterChain$EntryImpl$1.messageReceived(DefaultIoFilterChain.java:801)
	at org.apache.mina.core.filterchain.IoFilterEvent.fire(IoFilterEvent.java:71)
	at org.apache.mina.core.session.IoEvent.run(IoEvent.java:63)
	at org.apache.mina.filter.executor.UnorderedThreadPoolExecutor$Worker.runTask(UnorderedThreadPoolExecutor.java:480)
	at org.apache.mina.filter.executor.UnorderedThreadPoolExecutor$Worker.run(UnorderedThreadPoolExecutor.java:434)
	at java.lang.Thread.run(Thread.java:745)
29 Apr 03:01:33 WARN [ldap.LdapProtocolHandler] - Null LdapSession given to cleanUpSession.
29 Apr 03:01:33 WARN [registries.DefaultOidRegistry] - OID for name 'javaremotelocation' was not found within the OID registry
29 Apr 03:01:33 WARN [context.SearchingOperationContext] - Requested attribute javaremotelocation does not exist in the schema, it will be ignored
29 Apr 03:01:37 ERROR [registries.DefaultAttributeTypeRegistry] - attributeType w/ OID 2.5.4.16 not registered!
29 Apr 03:01:37 WARN [ldap.LdapProtocolHandler] - Null LdapSession given to cleanUpSession.
29 Apr 03:01:37 WARN [ldap.LdapProtocolHandler] - Unexpected exception forcing session to close: sending disconnect notice to client.
java.lang.NullPointerException
	at org.apache.directory.server.ldap.handlers.LdapRequestHandler.handleMessage(LdapRequestHandler.java:129)
	at org.apache.directory.server.ldap.handlers.LdapRequestHandler.handleMessage(LdapRequestHandler.java:56)
	at org.apache.mina.handler.demux.DemuxingIoHandler.messageReceived(DemuxingIoHandler.java:232)
	at org.apache.directory.server.ldap.LdapProtocolHandler.messageReceived(LdapProtocolHandler.java:194)
	at org.apache.mina.core.filterchain.DefaultIoFilterChain$TailFilter.messageReceived(DefaultIoFilterChain.java:721)
	at org.apache.mina.core.filterchain.DefaultIoFilterChain.callNextMessageReceived(DefaultIoFilterChain.java:433)
	at org.apache.mina.core.filterchain.DefaultIoFilterChain.access$1200(DefaultIoFilterChain.java:47)
	at org.apache.mina.core.filterchain.DefaultIoFilterChain$EntryImpl$1.messageReceived(DefaultIoFilterChain.java:801)
	at org.apache.mina.core.filterchain.IoFilterEvent.fire(IoFilterEvent.java:71)
	at org.apache.mina.core.session.IoEvent.run(IoEvent.java:63)
	at org.apache.mina.filter.executor.UnorderedThreadPoolExecutor$Worker.runTask(UnorderedThreadPoolExecutor.java:480)
	at org.apache.mina.filter.executor.UnorderedThreadPoolExecutor$Worker.run(UnorderedThreadPoolExecutor.java:434)
	at java.lang.Thread.run(Thread.java:745)
29 Apr 03:01:37 WARN [ldap.LdapProtocolHandler] - Null LdapSession given to cleanUpSession.
29 Apr 03:01:37 WARN [registries.DefaultOidRegistry] - OID for name 'javaremotelocation' was not found within the OID registry
29 Apr 03:01:37 WARN [context.SearchingOperationContext] - Requested attribute javaremotelocation does not exist in the schema, it will be ignored
29 Apr 03:01:37 WARN [ldap.LdapProtocolHandler] - Unexpected exception forcing session to close: sending disconnect notice to client.
java.lang.NullPointerException
	at org.apache.directory.server.ldap.handlers.LdapRequestHandler.handleMessage(LdapRequestHandler.java:129)
	at org.apache.directory.server.ldap.handlers.LdapRequestHandler.handleMessage(LdapRequestHandler.java:56)
	at org.apache.mina.handler.demux.DemuxingIoHandler.messageReceived(DemuxingIoHandler.java:232)
	at org.apache.directory.server.ldap.LdapProtocolHandler.messageReceived(LdapProtocolHandler.java:194)
	at org.apache.mina.core.filterchain.DefaultIoFilterChain$TailFilter.messageReceived(DefaultIoFilterChain.java:721)
	at org.apache.mina.core.filterchain.DefaultIoFilterChain.callNextMessageReceived(DefaultIoFilterChain.java:433)
	at org.apache.mina.core.filterchain.DefaultIoFilterChain.access$1200(DefaultIoFilterChain.java:47)
	at org.apache.mina.core.filterchain.DefaultIoFilterChain$EntryImpl$1.messageReceived(DefaultIoFilterChain.java:801)
	at org.apache.mina.core.filterchain.IoFilterEvent.fire(IoFilterEvent.java:71)
	at org.apache.mina.core.session.IoEvent.run(IoEvent.java:63)
	at org.apache.mina.filter.executor.UnorderedThreadPoolExecutor$Worker.runTask(UnorderedThreadPoolExecutor.java:480)
	at org.apache.mina.filter.executor.UnorderedThreadPoolExecutor$Worker.run(UnorderedThreadPoolExecutor.java:434)
	at java.lang.Thread.run(Thread.java:745)
29 Apr 03:01:37 WARN [ldap.LdapProtocolHandler] - Null LdapSession given to cleanUpSession.
29 Apr 03:01:37 WARN [registries.DefaultOidRegistry] - OID for name 'javaremotelocation' was not found within the OID registry
29 Apr 03:01:37 WARN [context.SearchingOperationContext] - Requested attribute javaremotelocation does not exist in the schema, it will be ignored
29 Apr 03:01:43 ERROR [registries.DefaultAttributeTypeRegistry] - attributeType w/ OID 2.5.4.16 not registered!
29 Apr 03:01:43 WARN [ldap.LdapProtocolHandler] - Unexpected exception forcing session to close: sending disconnect notice to client.
java.lang.NullPointerException
	at org.apache.directory.server.ldap.handlers.LdapRequestHandler.handleMessage(LdapRequestHandler.java:129)
	at org.apache.directory.server.ldap.handlers.LdapRequestHandler.handleMessage(LdapRequestHandler.java:56)
	at org.apache.mina.handler.demux.DemuxingIoHandler.messageReceived(DemuxingIoHandler.java:232)
	at org.apache.directory.server.ldap.LdapProtocolHandler.messageReceived(LdapProtocolHandler.java:194)
	at org.apache.mina.core.filterchain.DefaultIoFilterChain$TailFilter.messageReceived(DefaultIoFilterChain.java:721)
	at org.apache.mina.core.filterchain.DefaultIoFilterChain.callNextMessageReceived(DefaultIoFilterChain.java:433)
	at org.apache.mina.core.filterchain.DefaultIoFilterChain.access$1200(DefaultIoFilterChain.java:47)
	at org.apache.mina.core.filterchain.DefaultIoFilterChain$EntryImpl$1.messageReceived(DefaultIoFilterChain.java:801)
	at org.apache.mina.core.filterchain.IoFilterEvent.fire(IoFilterEvent.java:71)
	at org.apache.mina.core.session.IoEvent.run(IoEvent.java:63)
	at org.apache.mina.filter.executor.UnorderedThreadPoolExecutor$Worker.runTask(UnorderedThreadPoolExecutor.java:480)
	at org.apache.mina.filter.executor.UnorderedThreadPoolExecutor$Worker.run(UnorderedThreadPoolExecutor.java:434)
	at java.lang.Thread.run(Thread.java:745)
29 Apr 03:01:43 WARN [ldap.LdapProtocolHandler] - Null LdapSession given to cleanUpSession.
29 Apr 03:01:43 WARN [ldap.LdapProtocolHandler] - Null LdapSession given to cleanUpSession.
29 Apr 03:01:43 WARN [ldap.LdapProtocolHandler] - Null LdapSession given to cleanUpSession.
29 Apr 03:01:43 WARN [registries.DefaultOidRegistry] - OID for name 'javaremotelocation' was not found within the OID registry
29 Apr 03:01:43 WARN [context.SearchingOperationContext] - Requested attribute javaremotelocation does not exist in the schema, it will be ignored
29 Apr 03:01:43 WARN [ldap.LdapProtocolHandler] - Null LdapSession given to cleanUpSession.
29 Apr 03:01:48 ERROR [registries.DefaultAttributeTypeRegistry] - attributeType w/ OID 2.5.4.16 not registered!
29 Apr 03:01:48 WARN [ldap.LdapProtocolHandler] - Unexpected exception forcing session to close: sending disconnect notice to client.
java.lang.NullPointerException
	at org.apache.directory.server.ldap.handlers.LdapRequestHandler.handleMessage(LdapRequestHandler.java:129)
	at org.apache.directory.server.ldap.handlers.LdapRequestHandler.handleMessage(LdapRequestHandler.java:56)
	at org.apache.mina.handler.demux.DemuxingIoHandler.messageReceived(DemuxingIoHandler.java:232)
	at org.apache.directory.server.ldap.LdapProtocolHandler.messageReceived(LdapProtocolHandler.java:194)
	at org.apache.mina.core.filterchain.DefaultIoFilterChain$TailFilter.messageReceived(DefaultIoFilterChain.java:721)
	at org.apache.mina.core.filterchain.DefaultIoFilterChain.callNextMessageReceived(DefaultIoFilterChain.java:433)
	at org.apache.mina.core.filterchain.DefaultIoFilterChain.access$1200(DefaultIoFilterChain.java:47)
	at org.apache.mina.core.filterchain.DefaultIoFilterChain$EntryImpl$1.messageReceived(DefaultIoFilterChain.java:801)
	at org.apache.mina.core.filterchain.IoFilterEvent.fire(IoFilterEvent.java:71)
	at org.apache.mina.core.session.IoEvent.run(IoEvent.java:63)
	at org.apache.mina.filter.executor.UnorderedThreadPoolExecutor$Worker.runTask(UnorderedThreadPoolExecutor.java:480)
	at org.apache.mina.filter.executor.UnorderedThreadPoolExecutor$Worker.run(UnorderedThreadPoolExecutor.java:434)
	at java.lang.Thread.run(Thread.java:745)
29 Apr 03:01:48 WARN [ldap.LdapProtocolHandler] - Null LdapSession given to cleanUpSession.
29 Apr 03:01:48 WARN [ldap.LdapProtocolHandler] - Null LdapSession given to cleanUpSession.
29 Apr 03:01:48 WARN [ldap.LdapProtocolHandler] - Null LdapSession given to cleanUpSession.
29 Apr 03:01:48 WARN [registries.DefaultOidRegistry] - OID for name 'javaremotelocation' was not found within the OID registry
29 Apr 03:01:48 WARN [context.SearchingOperationContext] - Requested attribute javaremotelocation does not exist in the schema, it will be ignored
29 Apr 03:01:55 ERROR [registries.DefaultAttributeTypeRegistry] - attributeType w/ OID 2.5.4.16 not registered!
29 Apr 03:01:55 WARN [ldap.LdapProtocolHandler] - Null LdapSession given to cleanUpSession.
29 Apr 03:01:55 WARN [ldap.LdapProtocolHandler] - Null LdapSession given to cleanUpSession.
29 Apr 03:01:55 WARN [ldap.LdapProtocolHandler] - Null LdapSession given to cleanUpSession.
29 Apr 03:01:55 WARN [registries.DefaultOidRegistry] - OID for name 'javaremotelocation' was not found within the OID registry
29 Apr 03:01:55 WARN [context.SearchingOperationContext] - Requested attribute javaremotelocation does not exist in the schema, it will be ignored
29 Apr 03:01:58 ERROR [registries.DefaultAttributeTypeRegistry] - attributeType w/ OID 2.5.4.16 not registered!
29 Apr 03:01:58 WARN [ldap.LdapProtocolHandler] - Unexpected exception forcing session to close: sending disconnect notice to client.
java.lang.NullPointerException
	at org.apache.directory.server.ldap.handlers.LdapRequestHandler.handleMessage(LdapRequestHandler.java:129)
	at org.apache.directory.server.ldap.handlers.LdapRequestHandler.handleMessage(LdapRequestHandler.java:56)
	at org.apache.mina.handler.demux.DemuxingIoHandler.messageReceived(DemuxingIoHandler.java:232)
	at org.apache.directory.server.ldap.LdapProtocolHandler.messageReceived(LdapProtocolHandler.java:194)
	at org.apache.mina.core.filterchain.DefaultIoFilterChain$TailFilter.messageReceived(DefaultIoFilterChain.java:721)
	at org.apache.mina.core.filterchain.DefaultIoFilterChain.callNextMessageReceived(DefaultIoFilterChain.java:433)
	at org.apache.mina.core.filterchain.DefaultIoFilterChain.access$1200(DefaultIoFilterChain.java:47)
	at org.apache.mina.core.filterchain.DefaultIoFilterChain$EntryImpl$1.messageReceived(DefaultIoFilterChain.java:801)
	at org.apache.mina.core.filterchain.IoFilterEvent.fire(IoFilterEvent.java:71)
	at org.apache.mina.core.session.IoEvent.run(IoEvent.java:63)
	at org.apache.mina.filter.executor.UnorderedThreadPoolExecutor$Worker.runTask(UnorderedThreadPoolExecutor.java:480)
	at org.apache.mina.filter.executor.UnorderedThreadPoolExecutor$Worker.run(UnorderedThreadPoolExecutor.java:434)
	at java.lang.Thread.run(Thread.java:745)
29 Apr 03:01:58 WARN [ldap.LdapProtocolHandler] - Null LdapSession given to cleanUpSession.
29 Apr 03:01:58 WARN [ldap.LdapProtocolHandler] - Unexpected exception forcing session to close: sending disconnect notice to client.
java.lang.NullPointerException
	at org.apache.directory.server.ldap.handlers.LdapRequestHandler.handleMessage(LdapRequestHandler.java:129)
	at org.apache.directory.server.ldap.handlers.LdapRequestHandler.handleMessage(LdapRequestHandler.java:56)
	at org.apache.mina.handler.demux.DemuxingIoHandler.messageReceived(DemuxingIoHandler.java:232)
	at org.apache.directory.server.ldap.LdapProtocolHandler.messageReceived(LdapProtocolHandler.java:194)
	at org.apache.mina.core.filterchain.DefaultIoFilterChain$TailFilter.messageReceived(DefaultIoFilterChain.java:721)
	at org.apache.mina.core.filterchain.DefaultIoFilterChain.callNextMessageReceived(DefaultIoFilterChain.java:433)
	at org.apache.mina.core.filterchain.DefaultIoFilterChain.access$1200(DefaultIoFilterChain.java:47)
	at org.apache.mina.core.filterchain.DefaultIoFilterChain$EntryImpl$1.messageReceived(DefaultIoFilterChain.java:801)
	at org.apache.mina.core.filterchain.IoFilterEvent.fire(IoFilterEvent.java:71)
	at org.apache.mina.core.session.IoEvent.run(IoEvent.java:63)
	at org.apache.mina.filter.executor.UnorderedThreadPoolExecutor$Worker.runTask(UnorderedThreadPoolExecutor.java:480)
	at org.apache.mina.filter.executor.UnorderedThreadPoolExecutor$Worker.run(UnorderedThreadPoolExecutor.java:434)
	at java.lang.Thread.run(Thread.java:745)
29 Apr 03:01:58 WARN [ldap.LdapProtocolHandler] - Null LdapSession given to cleanUpSession.
29 Apr 03:01:58 WARN [ldap.LdapProtocolHandler] - Null LdapSession given to cleanUpSession.
29 Apr 03:01:58 WARN [registries.DefaultOidRegistry] - OID for name 'javaremotelocation' was not found within the OID registry
29 Apr 03:01:58 WARN [context.SearchingOperationContext] - Requested attribute javaremotelocation does not exist in the schema, it will be ignored
Tests run: 8, Failures: 0, Errors: 0, Skipped: 0, Time elapsed: 38.615 sec
Running org.geoserver.security.ldap.LDAPRoleServiceTest
29 Apr 03:02:02 ERROR [registries.DefaultAttributeTypeRegistry] - attributeType w/ OID 2.5.4.16 not registered!
29 Apr 03:02:02 WARN [ldap.LdapProtocolHandler] - Unexpected exception forcing session to close: sending disconnect notice to client.
java.lang.NullPointerException
	at org.apache.directory.server.ldap.handlers.LdapRequestHandler.handleMessage(LdapRequestHandler.java:129)
	at org.apache.directory.server.ldap.handlers.LdapRequestHandler.handleMessage(LdapRequestHandler.java:56)
	at org.apache.mina.handler.demux.DemuxingIoHandler.messageReceived(DemuxingIoHandler.java:232)
	at org.apache.directory.server.ldap.LdapProtocolHandler.messageReceived(LdapProtocolHandler.java:194)
	at org.apache.mina.core.filterchain.DefaultIoFilterChain$TailFilter.messageReceived(DefaultIoFilterChain.java:721)
	at org.apache.mina.core.filterchain.DefaultIoFilterChain.callNextMessageReceived(DefaultIoFilterChain.java:433)
	at org.apache.mina.core.filterchain.DefaultIoFilterChain.access$1200(DefaultIoFilterChain.java:47)
	at org.apache.mina.core.filterchain.DefaultIoFilterChain$EntryImpl$1.messageReceived(DefaultIoFilterChain.java:801)
	at org.apache.mina.core.filterchain.IoFilterEvent.fire(IoFilterEvent.java:71)
	at org.apache.mina.core.session.IoEvent.run(IoEvent.java:63)
	at org.apache.mina.filter.executor.UnorderedThreadPoolExecutor$Worker.runTask(UnorderedThreadPoolExecutor.java:480)
	at org.apache.mina.filter.executor.UnorderedThreadPoolExecutor$Worker.run(UnorderedThreadPoolExecutor.java:434)
	at java.lang.Thread.run(Thread.java:745)
29 Apr 03:02:02 WARN [ldap.LdapProtocolHandler] - Null LdapSession given to cleanUpSession.
29 Apr 03:02:02 WARN [ldap.LdapProtocolHandler] - Unexpected exception forcing session to close: sending disconnect notice to client.
java.lang.NullPointerException
	at org.apache.directory.server.ldap.handlers.LdapRequestHandler.handleMessage(LdapRequestHandler.java:129)
	at org.apache.directory.server.ldap.handlers.LdapRequestHandler.handleMessage(LdapRequestHandler.java:56)
	at org.apache.mina.handler.demux.DemuxingIoHandler.messageReceived(DemuxingIoHandler.java:232)
	at org.apache.directory.server.ldap.LdapProtocolHandler.messageReceived(LdapProtocolHandler.java:194)
	at org.apache.mina.core.filterchain.DefaultIoFilterChain$TailFilter.messageReceived(DefaultIoFilterChain.java:721)
	at org.apache.mina.core.filterchain.DefaultIoFilterChain.callNextMessageReceived(DefaultIoFilterChain.java:433)
	at org.apache.mina.core.filterchain.DefaultIoFilterChain.access$1200(DefaultIoFilterChain.java:47)
	at org.apache.mina.core.filterchain.DefaultIoFilterChain$EntryImpl$1.messageReceived(DefaultIoFilterChain.java:801)
	at org.apache.mina.core.filterchain.IoFilterEvent.fire(IoFilterEvent.java:71)
	at org.apache.mina.core.session.IoEvent.run(IoEvent.java:63)
	at org.apache.mina.filter.executor.UnorderedThreadPoolExecutor$Worker.runTask(UnorderedThreadPoolExecutor.java:480)
	at org.apache.mina.filter.executor.UnorderedThreadPoolExecutor$Worker.run(UnorderedThreadPoolExecutor.java:434)
	at java.lang.Thread.run(Thread.java:745)
29 Apr 03:02:02 WARN [ldap.LdapProtocolHandler] - Null LdapSession given to cleanUpSession.
29 Apr 03:02:02 WARN [registries.DefaultOidRegistry] - OID for name 'javaremotelocation' was not found within the OID registry
29 Apr 03:02:02 WARN [context.SearchingOperationContext] - Requested attribute javaremotelocation does not exist in the schema, it will be ignored
29 Apr 03:02:02 WARN [registries.DefaultOidRegistry] - OID for name 'javaremotelocation' was not found within the OID registry
29 Apr 03:02:02 WARN [context.SearchingOperationContext] - Requested attribute javaremotelocation does not exist in the schema, it will be ignored
29 Apr 03:02:02 WARN [registries.DefaultOidRegistry] - OID for name 'javaremotelocation' was not found within the OID registry
29 Apr 03:02:02 WARN [context.SearchingOperationContext] - Requested attribute javaremotelocation does not exist in the schema, it will be ignored
29 Apr 03:02:02 WARN [registries.DefaultOidRegistry] - OID for name 'javaremotelocation' was not found within the OID registry
29 Apr 03:02:02 WARN [context.SearchingOperationContext] - Requested attribute javaremotelocation does not exist in the schema, it will be ignored
29 Apr 03:02:05 ERROR [registries.DefaultAttributeTypeRegistry] - attributeType w/ OID 2.5.4.16 not registered!
29 Apr 03:02:05 WARN [ldap.LdapProtocolHandler] - Null LdapSession given to cleanUpSession.
29 Apr 03:02:05 WARN [ldap.LdapProtocolHandler] - Unexpected exception forcing session to close: sending disconnect notice to client.
java.lang.NullPointerException
	at org.apache.directory.server.ldap.handlers.LdapRequestHandler.handleMessage(LdapRequestHandler.java:129)
	at org.apache.directory.server.ldap.handlers.LdapRequestHandler.handleMessage(LdapRequestHandler.java:56)
	at org.apache.mina.handler.demux.DemuxingIoHandler.messageReceived(DemuxingIoHandler.java:232)
	at org.apache.directory.server.ldap.LdapProtocolHandler.messageReceived(LdapProtocolHandler.java:194)
	at org.apache.mina.core.filterchain.DefaultIoFilterChain$TailFilter.messageReceived(DefaultIoFilterChain.java:721)
	at org.apache.mina.core.filterchain.DefaultIoFilterChain.callNextMessageReceived(DefaultIoFilterChain.java:433)
	at org.apache.mina.core.filterchain.DefaultIoFilterChain.access$1200(DefaultIoFilterChain.java:47)
	at org.apache.mina.core.filterchain.DefaultIoFilterChain$EntryImpl$1.messageReceived(DefaultIoFilterChain.java:801)
	at org.apache.mina.core.filterchain.IoFilterEvent.fire(IoFilterEvent.java:71)
	at org.apache.mina.core.session.IoEvent.run(IoEvent.java:63)
	at org.apache.mina.filter.executor.UnorderedThreadPoolExecutor$Worker.runTask(UnorderedThreadPoolExecutor.java:480)
	at org.apache.mina.filter.executor.UnorderedThreadPoolExecutor$Worker.run(UnorderedThreadPoolExecutor.java:434)
	at java.lang.Thread.run(Thread.java:745)
29 Apr 03:02:05 WARN [ldap.LdapProtocolHandler] - Null LdapSession given to cleanUpSession.
29 Apr 03:02:09 ERROR [registries.DefaultAttributeTypeRegistry] - attributeType w/ OID 2.5.4.16 not registered!
29 Apr 03:02:09 WARN [ldap.LdapProtocolHandler] - Unexpected exception forcing session to close: sending disconnect notice to client.
java.lang.NullPointerException
	at org.apache.directory.server.ldap.handlers.LdapRequestHandler.handleMessage(LdapRequestHandler.java:129)
	at org.apache.directory.server.ldap.handlers.LdapRequestHandler.handleMessage(LdapRequestHandler.java:56)
	at org.apache.mina.handler.demux.DemuxingIoHandler.messageReceived(DemuxingIoHandler.java:232)
	at org.apache.directory.server.ldap.LdapProtocolHandler.messageReceived(LdapProtocolHandler.java:194)
	at org.apache.mina.core.filterchain.DefaultIoFilterChain$TailFilter.messageReceived(DefaultIoFilterChain.java:721)
	at org.apache.mina.core.filterchain.DefaultIoFilterChain.callNextMessageReceived(DefaultIoFilterChain.java:433)
	at org.apache.mina.core.filterchain.DefaultIoFilterChain.access$1200(DefaultIoFilterChain.java:47)
	at org.apache.mina.core.filterchain.DefaultIoFilterChain$EntryImpl$1.messageReceived(DefaultIoFilterChain.java:801)
	at org.apache.mina.core.filterchain.IoFilterEvent.fire(IoFilterEvent.java:71)
	at org.apache.mina.core.session.IoEvent.run(IoEvent.java:63)
	at org.apache.mina.filter.executor.UnorderedThreadPoolExecutor$Worker.runTask(UnorderedThreadPoolExecutor.java:480)
	at org.apache.mina.filter.executor.UnorderedThreadPoolExecutor$Worker.run(UnorderedThreadPoolExecutor.java:434)
	at java.lang.Thread.run(Thread.java:745)
29 Apr 03:02:09 WARN [ldap.LdapProtocolHandler] - Null LdapSession given to cleanUpSession.
29 Apr 03:02:09 WARN [ldap.LdapProtocolHandler] - Null LdapSession given to cleanUpSession.
29 Apr 03:02:09 WARN [registries.DefaultOidRegistry] - OID for name 'javaremotelocation' was not found within the OID registry
29 Apr 03:02:09 WARN [context.SearchingOperationContext] - Requested attribute javaremotelocation does not exist in the schema, it will be ignored
29 Apr 03:02:09 WARN [registries.DefaultOidRegistry] - OID for name 'javaremotelocation' was not found within the OID registry
29 Apr 03:02:09 WARN [context.SearchingOperationContext] - Requested attribute javaremotelocation does not exist in the schema, it will be ignored
29 Apr 03:02:12 ERROR [registries.DefaultAttributeTypeRegistry] - attributeType w/ OID 2.5.4.16 not registered!
29 Apr 03:02:12 WARN [ldap.LdapProtocolHandler] - Unexpected exception forcing session to close: sending disconnect notice to client.
java.lang.NullPointerException
	at org.apache.directory.server.ldap.handlers.LdapRequestHandler.handleMessage(LdapRequestHandler.java:129)
	at org.apache.directory.server.ldap.handlers.LdapRequestHandler.handleMessage(LdapRequestHandler.java:56)
	at org.apache.mina.handler.demux.DemuxingIoHandler.messageReceived(DemuxingIoHandler.java:232)
	at org.apache.directory.server.ldap.LdapProtocolHandler.messageReceived(LdapProtocolHandler.java:194)
	at org.apache.mina.core.filterchain.DefaultIoFilterChain$TailFilter.messageReceived(DefaultIoFilterChain.java:721)
	at org.apache.mina.core.filterchain.DefaultIoFilterChain.callNextMessageReceived(DefaultIoFilterChain.java:433)
	at org.apache.mina.core.filterchain.DefaultIoFilterChain.access$1200(DefaultIoFilterChain.java:47)
	at org.apache.mina.core.filterchain.DefaultIoFilterChain$EntryImpl$1.messageReceived(DefaultIoFilterChain.java:801)
	at org.apache.mina.core.filterchain.IoFilterEvent.fire(IoFilterEvent.java:71)
	at org.apache.mina.core.session.IoEvent.run(IoEvent.java:63)
	at org.apache.mina.filter.executor.UnorderedThreadPoolExecutor$Worker.runTask(UnorderedThreadPoolExecutor.java:480)
	at org.apache.mina.filter.executor.UnorderedThreadPoolExecutor$Worker.run(UnorderedThreadPoolExecutor.java:434)
	at java.lang.Thread.run(Thread.java:745)
29 Apr 03:02:12 WARN [ldap.LdapProtocolHandler] - Null LdapSession given to cleanUpSession.
29 Apr 03:02:12 WARN [ldap.LdapProtocolHandler] - Unexpected exception forcing session to close: sending disconnect notice to client.
java.lang.NullPointerException
	at org.apache.directory.server.ldap.handlers.LdapRequestHandler.handleMessage(LdapRequestHandler.java:129)
	at org.apache.directory.server.ldap.handlers.LdapRequestHandler.handleMessage(LdapRequestHandler.java:56)
	at org.apache.mina.handler.demux.DemuxingIoHandler.messageReceived(DemuxingIoHandler.java:232)
	at org.apache.directory.server.ldap.LdapProtocolHandler.messageReceived(LdapProtocolHandler.java:194)
	at org.apache.mina.core.filterchain.DefaultIoFilterChain$TailFilter.messageReceived(DefaultIoFilterChain.java:721)
	at org.apache.mina.core.filterchain.DefaultIoFilterChain.callNextMessageReceived(DefaultIoFilterChain.java:433)
	at org.apache.mina.core.filterchain.DefaultIoFilterChain.access$1200(DefaultIoFilterChain.java:47)
	at org.apache.mina.core.filterchain.DefaultIoFilterChain$EntryImpl$1.messageReceived(DefaultIoFilterChain.java:801)
	at org.apache.mina.core.filterchain.IoFilterEvent.fire(IoFilterEvent.java:71)
	at org.apache.mina.core.session.IoEvent.run(IoEvent.java:63)
	at org.apache.mina.filter.executor.UnorderedThreadPoolExecutor$Worker.runTask(UnorderedThreadPoolExecutor.java:480)
	at org.apache.mina.filter.executor.UnorderedThreadPoolExecutor$Worker.run(UnorderedThreadPoolExecutor.java:434)
	at java.lang.Thread.run(Thread.java:745)
29 Apr 03:02:12 WARN [ldap.LdapProtocolHandler] - Null LdapSession given to cleanUpSession.
29 Apr 03:02:12 WARN [registries.DefaultOidRegistry] - OID for name 'javaremotelocation' was not found within the OID registry
29 Apr 03:02:12 WARN [context.SearchingOperationContext] - Requested attribute javaremotelocation does not exist in the schema, it will be ignored
29 Apr 03:02:16 ERROR [registries.DefaultAttributeTypeRegistry] - attributeType w/ OID 2.5.4.16 not registered!
29 Apr 03:02:16 WARN [ldap.LdapProtocolHandler] - Unexpected exception forcing session to close: sending disconnect notice to client.
java.lang.NullPointerException
	at org.apache.directory.server.ldap.handlers.LdapRequestHandler.handleMessage(LdapRequestHandler.java:129)
	at org.apache.directory.server.ldap.handlers.LdapRequestHandler.handleMessage(LdapRequestHandler.java:56)
	at org.apache.mina.handler.demux.DemuxingIoHandler.messageReceived(DemuxingIoHandler.java:232)
	at org.apache.directory.server.ldap.LdapProtocolHandler.messageReceived(LdapProtocolHandler.java:194)
	at org.apache.mina.core.filterchain.DefaultIoFilterChain$TailFilter.messageReceived(DefaultIoFilterChain.java:721)
	at org.apache.mina.core.filterchain.DefaultIoFilterChain.callNextMessageReceived(DefaultIoFilterChain.java:433)
	at org.apache.mina.core.filterchain.DefaultIoFilterChain.access$1200(DefaultIoFilterChain.java:47)
	at org.apache.mina.core.filterchain.DefaultIoFilterChain$EntryImpl$1.messageReceived(DefaultIoFilterChain.java:801)
	at org.apache.mina.core.filterchain.IoFilterEvent.fire(IoFilterEvent.java:71)
	at org.apache.mina.core.session.IoEvent.run(IoEvent.java:63)
	at org.apache.mina.filter.executor.UnorderedThreadPoolExecutor$Worker.runTask(UnorderedThreadPoolExecutor.java:480)
	at org.apache.mina.filter.executor.UnorderedThreadPoolExecutor$Worker.run(UnorderedThreadPoolExecutor.java:434)
	at java.lang.Thread.run(Thread.java:745)
29 Apr 03:02:16 WARN [ldap.LdapProtocolHandler] - Null LdapSession given to cleanUpSession.
29 Apr 03:02:16 WARN [ldap.LdapProtocolHandler] - Unexpected exception forcing session to close: sending disconnect notice to client.
java.lang.NullPointerException
	at org.apache.directory.server.ldap.handlers.LdapRequestHandler.handleMessage(LdapRequestHandler.java:129)
	at org.apache.directory.server.ldap.handlers.LdapRequestHandler.handleMessage(LdapRequestHandler.java:56)
	at org.apache.mina.handler.demux.DemuxingIoHandler.messageReceived(DemuxingIoHandler.java:232)
	at org.apache.directory.server.ldap.LdapProtocolHandler.messageReceived(LdapProtocolHandler.java:194)
	at org.apache.mina.core.filterchain.DefaultIoFilterChain$TailFilter.messageReceived(DefaultIoFilterChain.java:721)
	at org.apache.mina.core.filterchain.DefaultIoFilterChain.callNextMessageReceived(DefaultIoFilterChain.java:433)
	at org.apache.mina.core.filterchain.DefaultIoFilterChain.access$1200(DefaultIoFilterChain.java:47)
	at org.apache.mina.core.filterchain.DefaultIoFilterChain$EntryImpl$1.messageReceived(DefaultIoFilterChain.java:801)
	at org.apache.mina.core.filterchain.IoFilterEvent.fire(IoFilterEvent.java:71)
	at org.apache.mina.core.session.IoEvent.run(IoEvent.java:63)
	at org.apache.mina.filter.executor.UnorderedThreadPoolExecutor$Worker.runTask(UnorderedThreadPoolExecutor.java:480)
	at org.apache.mina.filter.executor.UnorderedThreadPoolExecutor$Worker.run(UnorderedThreadPoolExecutor.java:434)
	at java.lang.Thread.run(Thread.java:745)
29 Apr 03:02:16 WARN [ldap.LdapProtocolHandler] - Null LdapSession given to cleanUpSession.
29 Apr 03:02:16 WARN [registries.DefaultOidRegistry] - OID for name 'javaremotelocation' was not found within the OID registry
29 Apr 03:02:16 WARN [context.SearchingOperationContext] - Requested attribute javaremotelocation does not exist in the schema, it will be ignored
29 Apr 03:02:16 WARN [registries.DefaultOidRegistry] - OID for name 'javaremotelocation' was not found within the OID registry
29 Apr 03:02:16 WARN [context.SearchingOperationContext] - Requested attribute javaremotelocation does not exist in the schema, it will be ignored
29 Apr 03:02:19 ERROR [registries.DefaultAttributeTypeRegistry] - attributeType w/ OID 2.5.4.16 not registered!
29 Apr 03:02:19 WARN [ldap.LdapProtocolHandler] - Unexpected exception forcing session to close: sending disconnect notice to client.
java.lang.NullPointerException
	at org.apache.directory.server.ldap.handlers.LdapRequestHandler.handleMessage(LdapRequestHandler.java:129)
	at org.apache.directory.server.ldap.handlers.LdapRequestHandler.handleMessage(LdapRequestHandler.java:56)
	at org.apache.mina.handler.demux.DemuxingIoHandler.messageReceived(DemuxingIoHandler.java:232)
	at org.apache.directory.server.ldap.LdapProtocolHandler.messageReceived(LdapProtocolHandler.java:194)
	at org.apache.mina.core.filterchain.DefaultIoFilterChain$TailFilter.messageReceived(DefaultIoFilterChain.java:721)
	at org.apache.mina.core.filterchain.DefaultIoFilterChain.callNextMessageReceived(DefaultIoFilterChain.java:433)
	at org.apache.mina.core.filterchain.DefaultIoFilterChain.access$1200(DefaultIoFilterChain.java:47)
	at org.apache.mina.core.filterchain.DefaultIoFilterChain$EntryImpl$1.messageReceived(DefaultIoFilterChain.java:801)
	at org.apache.mina.core.filterchain.IoFilterEvent.fire(IoFilterEvent.java:71)
	at org.apache.mina.core.session.IoEvent.run(IoEvent.java:63)
	at org.apache.mina.filter.executor.UnorderedThreadPoolExecutor$Worker.runTask(UnorderedThreadPoolExecutor.java:480)
	at org.apache.mina.filter.executor.UnorderedThreadPoolExecutor$Worker.run(UnorderedThreadPoolExecutor.java:434)
	at java.lang.Thread.run(Thread.java:745)
29 Apr 03:02:19 WARN [ldap.LdapProtocolHandler] - Null LdapSession given to cleanUpSession.
29 Apr 03:02:19 WARN [ldap.LdapProtocolHandler] - Null LdapSession given to cleanUpSession.
29 Apr 03:02:19 WARN [registries.DefaultOidRegistry] - OID for name 'javaremotelocation' was not found within the OID registry
29 Apr 03:02:19 WARN [context.SearchingOperationContext] - Requested attribute javaremotelocation does not exist in the schema, it will be ignored
29 Apr 03:02:19 WARN [ldap.LdapProtocolHandler] - Null LdapSession given to cleanUpSession.
29 Apr 03:02:19 WARN [registries.DefaultOidRegistry] - OID for name 'javaremotelocation' was not found within the OID registry
29 Apr 03:02:19 WARN [context.SearchingOperationContext] - Requested attribute javaremotelocation does not exist in the schema, it will be ignored
29 Apr 03:02:19 WARN [ldap.LdapProtocolHandler] - Unexpected exception forcing session to close: sending disconnect notice to client.
java.lang.NullPointerException
	at org.apache.directory.server.ldap.handlers.LdapRequestHandler.handleMessage(LdapRequestHandler.java:129)
	at org.apache.directory.server.ldap.handlers.LdapRequestHandler.handleMessage(LdapRequestHandler.java:56)
	at org.apache.mina.handler.demux.DemuxingIoHandler.messageReceived(DemuxingIoHandler.java:232)
	at org.apache.directory.server.ldap.LdapProtocolHandler.messageReceived(LdapProtocolHandler.java:194)
	at org.apache.mina.core.filterchain.DefaultIoFilterChain$TailFilter.messageReceived(DefaultIoFilterChain.java:721)
	at org.apache.mina.core.filterchain.DefaultIoFilterChain.callNextMessageReceived(DefaultIoFilterChain.java:433)
	at org.apache.mina.core.filterchain.DefaultIoFilterChain.access$1200(DefaultIoFilterChain.java:47)
	at org.apache.mina.core.filterchain.DefaultIoFilterChain$EntryImpl$1.messageReceived(DefaultIoFilterChain.java:801)
	at org.apache.mina.core.filterchain.IoFilterEvent.fire(IoFilterEvent.java:71)
	at org.apache.mina.core.session.IoEvent.run(IoEvent.java:63)
	at org.apache.mina.filter.executor.UnorderedThreadPoolExecutor$Worker.runTask(UnorderedThreadPoolExecutor.java:480)
	at org.apache.mina.filter.executor.UnorderedThreadPoolExecutor$Worker.run(UnorderedThreadPoolExecutor.java:434)
	at java.lang.Thread.run(Thread.java:745)
29 Apr 03:02:19 WARN [ldap.LdapProtocolHandler] - Null LdapSession given to cleanUpSession.
29 Apr 03:02:23 ERROR [registries.DefaultAttributeTypeRegistry] - attributeType w/ OID 2.5.4.16 not registered!
29 Apr 03:02:23 WARN [ldap.LdapProtocolHandler] - Unexpected exception forcing session to close: sending disconnect notice to client.
java.lang.NullPointerException
	at org.apache.directory.server.ldap.handlers.LdapRequestHandler.handleMessage(LdapRequestHandler.java:129)
	at org.apache.directory.server.ldap.handlers.LdapRequestHandler.handleMessage(LdapRequestHandler.java:56)
	at org.apache.mina.handler.demux.DemuxingIoHandler.messageReceived(DemuxingIoHandler.java:232)
	at org.apache.directory.server.ldap.LdapProtocolHandler.messageReceived(LdapProtocolHandler.java:194)
	at org.apache.mina.core.filterchain.DefaultIoFilterChain$TailFilter.messageReceived(DefaultIoFilterChain.java:721)
	at org.apache.mina.core.filterchain.DefaultIoFilterChain.callNextMessageReceived(DefaultIoFilterChain.java:433)
	at org.apache.mina.core.filterchain.DefaultIoFilterChain.access$1200(DefaultIoFilterChain.java:47)
	at org.apache.mina.core.filterchain.DefaultIoFilterChain$EntryImpl$1.messageReceived(DefaultIoFilterChain.java:801)
	at org.apache.mina.core.filterchain.IoFilterEvent.fire(IoFilterEvent.java:71)
	at org.apache.mina.core.session.IoEvent.run(IoEvent.java:63)
	at org.apache.mina.filter.executor.UnorderedThreadPoolExecutor$Worker.runTask(UnorderedThreadPoolExecutor.java:480)
	at org.apache.mina.filter.executor.UnorderedThreadPoolExecutor$Worker.run(UnorderedThreadPoolExecutor.java:434)
	at java.lang.Thread.run(Thread.java:745)
29 Apr 03:02:23 WARN [ldap.LdapProtocolHandler] - Null LdapSession given to cleanUpSession.
29 Apr 03:02:23 WARN [ldap.LdapProtocolHandler] - Unexpected exception forcing session to close: sending disconnect notice to client.
java.lang.NullPointerException
	at org.apache.directory.server.ldap.handlers.LdapRequestHandler.handleMessage(LdapRequestHandler.java:129)
	at org.apache.directory.server.ldap.handlers.LdapRequestHandler.handleMessage(LdapRequestHandler.java:56)
	at org.apache.mina.handler.demux.DemuxingIoHandler.messageReceived(DemuxingIoHandler.java:232)
	at org.apache.directory.server.ldap.LdapProtocolHandler.messageReceived(LdapProtocolHandler.java:194)
	at org.apache.mina.core.filterchain.DefaultIoFilterChain$TailFilter.messageReceived(DefaultIoFilterChain.java:721)
	at org.apache.mina.core.filterchain.DefaultIoFilterChain.callNextMessageReceived(DefaultIoFilterChain.java:433)
	at org.apache.mina.core.filterchain.DefaultIoFilterChain.access$1200(DefaultIoFilterChain.java:47)
	at org.apache.mina.core.filterchain.DefaultIoFilterChain$EntryImpl$1.messageReceived(DefaultIoFilterChain.java:801)
	at org.apache.mina.core.filterchain.IoFilterEvent.fire(IoFilterEvent.java:71)
	at org.apache.mina.core.session.IoEvent.run(IoEvent.java:63)
	at org.apache.mina.filter.executor.UnorderedThreadPoolExecutor$Worker.runTask(UnorderedThreadPoolExecutor.java:480)
	at org.apache.mina.filter.executor.UnorderedThreadPoolExecutor$Worker.run(UnorderedThreadPoolExecutor.java:434)
	at java.lang.Thread.run(Thread.java:745)
29 Apr 03:02:23 WARN [ldap.LdapProtocolHandler] - Null LdapSession given to cleanUpSession.
29 Apr 03:02:23 WARN [registries.DefaultOidRegistry] - OID for name 'javaremotelocation' was not found within the OID registry
29 Apr 03:02:23 WARN [context.SearchingOperationContext] - Requested attribute javaremotelocation does not exist in the schema, it will be ignored
29 Apr 03:02:23 WARN [registries.DefaultOidRegistry] - OID for name 'javaremotelocation' was not found within the OID registry
29 Apr 03:02:23 WARN [context.SearchingOperationContext] - Requested attribute javaremotelocation does not exist in the schema, it will be ignored
29 Apr 03:02:27 ERROR [registries.DefaultAttributeTypeRegistry] - attributeType w/ OID 2.5.4.16 not registered!
29 Apr 03:02:27 WARN [ldap.LdapProtocolHandler] - Null LdapSession given to cleanUpSession.
29 Apr 03:02:27 WARN [ldap.LdapProtocolHandler] - Unexpected exception forcing session to close: sending disconnect notice to client.
java.lang.NullPointerException
	at org.apache.directory.server.ldap.handlers.LdapRequestHandler.handleMessage(LdapRequestHandler.java:129)
	at org.apache.directory.server.ldap.handlers.LdapRequestHandler.handleMessage(LdapRequestHandler.java:56)
	at org.apache.mina.handler.demux.DemuxingIoHandler.messageReceived(DemuxingIoHandler.java:232)
	at org.apache.directory.server.ldap.LdapProtocolHandler.messageReceived(LdapProtocolHandler.java:194)
	at org.apache.mina.core.filterchain.DefaultIoFilterChain$TailFilter.messageReceived(DefaultIoFilterChain.java:721)
	at org.apache.mina.core.filterchain.DefaultIoFilterChain.callNextMessageReceived(DefaultIoFilterChain.java:433)
	at org.apache.mina.core.filterchain.DefaultIoFilterChain.access$1200(DefaultIoFilterChain.java:47)
	at org.apache.mina.core.filterchain.DefaultIoFilterChain$EntryImpl$1.messageReceived(DefaultIoFilterChain.java:801)
	at org.apache.mina.core.filterchain.IoFilterEvent.fire(IoFilterEvent.java:71)
	at org.apache.mina.core.session.IoEvent.run(IoEvent.java:63)
	at org.apache.mina.filter.executor.UnorderedThreadPoolExecutor$Worker.runTask(UnorderedThreadPoolExecutor.java:480)
	at org.apache.mina.filter.executor.UnorderedThreadPoolExecutor$Worker.run(UnorderedThreadPoolExecutor.java:434)
	at java.lang.Thread.run(Thread.java:745)
29 Apr 03:02:27 WARN [ldap.LdapProtocolHandler] - Null LdapSession given to cleanUpSession.
29 Apr 03:02:27 WARN [ldap.LdapProtocolHandler] - Unexpected exception forcing session to close: sending disconnect notice to client.
java.lang.NullPointerException
	at org.apache.directory.server.ldap.handlers.LdapRequestHandler.handleMessage(LdapRequestHandler.java:129)
	at org.apache.directory.server.ldap.handlers.LdapRequestHandler.handleMessage(LdapRequestHandler.java:56)
	at org.apache.mina.handler.demux.DemuxingIoHandler.messageReceived(DemuxingIoHandler.java:232)
	at org.apache.directory.server.ldap.LdapProtocolHandler.messageReceived(LdapProtocolHandler.java:194)
	at org.apache.mina.core.filterchain.DefaultIoFilterChain$TailFilter.messageReceived(DefaultIoFilterChain.java:721)
	at org.apache.mina.core.filterchain.DefaultIoFilterChain.callNextMessageReceived(DefaultIoFilterChain.java:433)
	at org.apache.mina.core.filterchain.DefaultIoFilterChain.access$1200(DefaultIoFilterChain.java:47)
	at org.apache.mina.core.filterchain.DefaultIoFilterChain$EntryImpl$1.messageReceived(DefaultIoFilterChain.java:801)
	at org.apache.mina.core.filterchain.IoFilterEvent.fire(IoFilterEvent.java:71)
	at org.apache.mina.core.session.IoEvent.run(IoEvent.java:63)
	at org.apache.mina.filter.executor.UnorderedThreadPoolExecutor$Worker.runTask(UnorderedThreadPoolExecutor.java:480)
	at org.apache.mina.filter.executor.UnorderedThreadPoolExecutor$Worker.run(UnorderedThreadPoolExecutor.java:434)
	at java.lang.Thread.run(Thread.java:745)
29 Apr 03:02:27 WARN [ldap.LdapProtocolHandler] - Null LdapSession given to cleanUpSession.
29 Apr 03:02:31 ERROR [registries.DefaultAttributeTypeRegistry] - attributeType w/ OID 2.5.4.16 not registered!
29 Apr 03:02:31 WARN [ldap.LdapProtocolHandler] - Unexpected exception forcing session to close: sending disconnect notice to client.
java.lang.NullPointerException
	at org.apache.directory.server.ldap.handlers.LdapRequestHandler.handleMessage(LdapRequestHandler.java:129)
	at org.apache.directory.server.ldap.handlers.LdapRequestHandler.handleMessage(LdapRequestHandler.java:56)
	at org.apache.mina.handler.demux.DemuxingIoHandler.messageReceived(DemuxingIoHandler.java:232)
	at org.apache.directory.server.ldap.LdapProtocolHandler.messageReceived(LdapProtocolHandler.java:194)
	at org.apache.mina.core.filterchain.DefaultIoFilterChain$TailFilter.messageReceived(DefaultIoFilterChain.java:721)
	at org.apache.mina.core.filterchain.DefaultIoFilterChain.callNextMessageReceived(DefaultIoFilterChain.java:433)
	at org.apache.mina.core.filterchain.DefaultIoFilterChain.access$1200(DefaultIoFilterChain.java:47)
	at org.apache.mina.core.filterchain.DefaultIoFilterChain$EntryImpl$1.messageReceived(DefaultIoFilterChain.java:801)
	at org.apache.mina.core.filterchain.IoFilterEvent.fire(IoFilterEvent.java:71)
	at org.apache.mina.core.session.IoEvent.run(IoEvent.java:63)
	at org.apache.mina.filter.executor.UnorderedThreadPoolExecutor$Worker.runTask(UnorderedThreadPoolExecutor.java:480)
	at org.apache.mina.filter.executor.UnorderedThreadPoolExecutor$Worker.run(UnorderedThreadPoolExecutor.java:434)
	at java.lang.Thread.run(Thread.java:745)
29 Apr 03:02:31 WARN [ldap.LdapProtocolHandler] - Null LdapSession given to cleanUpSession.
29 Apr 03:02:31 WARN [ldap.LdapProtocolHandler] - Unexpected exception forcing session to close: sending disconnect notice to client.
java.lang.NullPointerException
	at org.apache.directory.server.ldap.handlers.LdapRequestHandler.handleMessage(LdapRequestHandler.java:129)
	at org.apache.directory.server.ldap.handlers.LdapRequestHandler.handleMessage(LdapRequestHandler.java:56)
	at org.apache.mina.handler.demux.DemuxingIoHandler.messageReceived(DemuxingIoHandler.java:232)
	at org.apache.directory.server.ldap.LdapProtocolHandler.messageReceived(LdapProtocolHandler.java:194)
	at org.apache.mina.core.filterchain.DefaultIoFilterChain$TailFilter.messageReceived(DefaultIoFilterChain.java:721)
	at org.apache.mina.core.filterchain.DefaultIoFilterChain.callNextMessageReceived(DefaultIoFilterChain.java:433)
	at org.apache.mina.core.filterchain.DefaultIoFilterChain.access$1200(DefaultIoFilterChain.java:47)
	at org.apache.mina.core.filterchain.DefaultIoFilterChain$EntryImpl$1.messageReceived(DefaultIoFilterChain.java:801)
	at org.apache.mina.core.filterchain.IoFilterEvent.fire(IoFilterEvent.java:71)
	at org.apache.mina.core.session.IoEvent.run(IoEvent.java:63)
	at org.apache.mina.filter.executor.UnorderedThreadPoolExecutor$Worker.runTask(UnorderedThreadPoolExecutor.java:480)
	at org.apache.mina.filter.executor.UnorderedThreadPoolExecutor$Worker.run(UnorderedThreadPoolExecutor.java:434)
	at java.lang.Thread.run(Thread.java:745)
29 Apr 03:02:31 WARN [ldap.LdapProtocolHandler] - Null LdapSession given to cleanUpSession.
29 Apr 03:02:35 ERROR [registries.DefaultAttributeTypeRegistry] - attributeType w/ OID 2.5.4.16 not registered!
29 Apr 03:02:35 WARN [ldap.LdapProtocolHandler] - Unexpected exception forcing session to close: sending disconnect notice to client.
java.lang.NullPointerException
	at org.apache.directory.server.ldap.handlers.LdapRequestHandler.handleMessage(LdapRequestHandler.java:129)
	at org.apache.directory.server.ldap.handlers.LdapRequestHandler.handleMessage(LdapRequestHandler.java:56)
	at org.apache.mina.handler.demux.DemuxingIoHandler.messageReceived(DemuxingIoHandler.java:232)
	at org.apache.directory.server.ldap.LdapProtocolHandler.messageReceived(LdapProtocolHandler.java:194)
	at org.apache.mina.core.filterchain.DefaultIoFilterChain$TailFilter.messageReceived(DefaultIoFilterChain.java:721)
	at org.apache.mina.core.filterchain.DefaultIoFilterChain.callNextMessageReceived(DefaultIoFilterChain.java:433)
	at org.apache.mina.core.filterchain.DefaultIoFilterChain.access$1200(DefaultIoFilterChain.java:47)
	at org.apache.mina.core.filterchain.DefaultIoFilterChain$EntryImpl$1.messageReceived(DefaultIoFilterChain.java:801)
	at org.apache.mina.core.filterchain.IoFilterEvent.fire(IoFilterEvent.java:71)
	at org.apache.mina.core.session.IoEvent.run(IoEvent.java:63)
	at org.apache.mina.filter.executor.UnorderedThreadPoolExecutor$Worker.runTask(UnorderedThreadPoolExecutor.java:480)
	at org.apache.mina.filter.executor.UnorderedThreadPoolExecutor$Worker.run(UnorderedThreadPoolExecutor.java:434)
	at java.lang.Thread.run(Thread.java:745)
29 Apr 03:02:35 WARN [ldap.LdapProtocolHandler] - Null LdapSession given to cleanUpSession.
29 Apr 03:02:35 WARN [ldap.LdapProtocolHandler] - Unexpected exception forcing session to close: sending disconnect notice to client.
java.lang.NullPointerException
	at org.apache.directory.server.ldap.handlers.LdapRequestHandler.handleMessage(LdapRequestHandler.java:129)
	at org.apache.directory.server.ldap.handlers.LdapRequestHandler.handleMessage(LdapRequestHandler.java:56)
	at org.apache.mina.handler.demux.DemuxingIoHandler.messageReceived(DemuxingIoHandler.java:232)
	at org.apache.directory.server.ldap.LdapProtocolHandler.messageReceived(LdapProtocolHandler.java:194)
	at org.apache.mina.core.filterchain.DefaultIoFilterChain$TailFilter.messageReceived(DefaultIoFilterChain.java:721)
	at org.apache.mina.core.filterchain.DefaultIoFilterChain.callNextMessageReceived(DefaultIoFilterChain.java:433)
	at org.apache.mina.core.filterchain.DefaultIoFilterChain.access$1200(DefaultIoFilterChain.java:47)
	at org.apache.mina.core.filterchain.DefaultIoFilterChain$EntryImpl$1.messageReceived(DefaultIoFilterChain.java:801)
	at org.apache.mina.core.filterchain.IoFilterEvent.fire(IoFilterEvent.java:71)
	at org.apache.mina.core.session.IoEvent.run(IoEvent.java:63)
	at org.apache.mina.filter.executor.UnorderedThreadPoolExecutor$Worker.runTask(UnorderedThreadPoolExecutor.java:480)
	at org.apache.mina.filter.executor.UnorderedThreadPoolExecutor$Worker.run(UnorderedThreadPoolExecutor.java:434)
	at java.lang.Thread.run(Thread.java:745)
29 Apr 03:02:35 WARN [ldap.LdapProtocolHandler] - Null LdapSession given to cleanUpSession.
29 Apr 03:02:38 ERROR [registries.DefaultAttributeTypeRegistry] - attributeType w/ OID 2.5.4.16 not registered!
29 Apr 03:02:38 WARN [ldap.LdapProtocolHandler] - Unexpected exception forcing session to close: sending disconnect notice to client.
java.lang.NullPointerException
	at org.apache.directory.server.ldap.handlers.LdapRequestHandler.handleMessage(LdapRequestHandler.java:129)
	at org.apache.directory.server.ldap.handlers.LdapRequestHandler.handleMessage(LdapRequestHandler.java:56)
	at org.apache.mina.handler.demux.DemuxingIoHandler.messageReceived(DemuxingIoHandler.java:232)
	at org.apache.directory.server.ldap.LdapProtocolHandler.messageReceived(LdapProtocolHandler.java:194)
	at org.apache.mina.core.filterchain.DefaultIoFilterChain$TailFilter.messageReceived(DefaultIoFilterChain.java:721)
	at org.apache.mina.core.filterchain.DefaultIoFilterChain.callNextMessageReceived(DefaultIoFilterChain.java:433)
	at org.apache.mina.core.filterchain.DefaultIoFilterChain.access$1200(DefaultIoFilterChain.java:47)
	at org.apache.mina.core.filterchain.DefaultIoFilterChain$EntryImpl$1.messageReceived(DefaultIoFilterChain.java:801)
	at org.apache.mina.core.filterchain.IoFilterEvent.fire(IoFilterEvent.java:71)
	at org.apache.mina.core.session.IoEvent.run(IoEvent.java:63)
	at org.apache.mina.filter.executor.UnorderedThreadPoolExecutor$Worker.runTask(UnorderedThreadPoolExecutor.java:480)
	at org.apache.mina.filter.executor.UnorderedThreadPoolExecutor$Worker.run(UnorderedThreadPoolExecutor.java:434)
	at java.lang.Thread.run(Thread.java:745)
29 Apr 03:02:38 WARN [ldap.LdapProtocolHandler] - Null LdapSession given to cleanUpSession.
29 Apr 03:02:38 WARN [ldap.LdapProtocolHandler] - Null LdapSession given to cleanUpSession.
29 Apr 03:02:38 WARN [registries.DefaultOidRegistry] - OID for name 'javaremotelocation' was not found within the OID registry
29 Apr 03:02:38 WARN [context.SearchingOperationContext] - Requested attribute javaremotelocation does not exist in the schema, it will be ignored
29 Apr 03:02:38 WARN [ldap.LdapProtocolHandler] - Null LdapSession given to cleanUpSession.
29 Apr 03:02:42 ERROR [registries.DefaultAttributeTypeRegistry] - attributeType w/ OID 2.5.4.16 not registered!
29 Apr 03:02:42 WARN [ldap.LdapProtocolHandler] - Unexpected exception forcing session to close: sending disconnect notice to client.
java.lang.NullPointerException
	at org.apache.directory.server.ldap.handlers.LdapRequestHandler.handleMessage(LdapRequestHandler.java:129)
	at org.apache.directory.server.ldap.handlers.LdapRequestHandler.handleMessage(LdapRequestHandler.java:56)
	at org.apache.mina.handler.demux.DemuxingIoHandler.messageReceived(DemuxingIoHandler.java:232)
	at org.apache.directory.server.ldap.LdapProtocolHandler.messageReceived(LdapProtocolHandler.java:194)
	at org.apache.mina.core.filterchain.DefaultIoFilterChain$TailFilter.messageReceived(DefaultIoFilterChain.java:721)
	at org.apache.mina.core.filterchain.DefaultIoFilterChain.callNextMessageReceived(DefaultIoFilterChain.java:433)
	at org.apache.mina.core.filterchain.DefaultIoFilterChain.access$1200(DefaultIoFilterChain.java:47)
	at org.apache.mina.core.filterchain.DefaultIoFilterChain$EntryImpl$1.messageReceived(DefaultIoFilterChain.java:801)
	at org.apache.mina.core.filterchain.IoFilterEvent.fire(IoFilterEvent.java:71)
	at org.apache.mina.core.session.IoEvent.run(IoEvent.java:63)
	at org.apache.mina.filter.executor.UnorderedThreadPoolExecutor$Worker.runTask(UnorderedThreadPoolExecutor.java:480)
	at org.apache.mina.filter.executor.UnorderedThreadPoolExecutor$Worker.run(UnorderedThreadPoolExecutor.java:434)
	at java.lang.Thread.run(Thread.java:745)
29 Apr 03:02:42 WARN [ldap.LdapProtocolHandler] - Null LdapSession given to cleanUpSession.
29 Apr 03:02:42 WARN [ldap.LdapProtocolHandler] - Unexpected exception forcing session to close: sending disconnect notice to client.
java.lang.NullPointerException
	at org.apache.directory.server.ldap.handlers.LdapRequestHandler.handleMessage(LdapRequestHandler.java:129)
	at org.apache.directory.server.ldap.handlers.LdapRequestHandler.handleMessage(LdapRequestHandler.java:56)
	at org.apache.mina.handler.demux.DemuxingIoHandler.messageReceived(DemuxingIoHandler.java:232)
	at org.apache.directory.server.ldap.LdapProtocolHandler.messageReceived(LdapProtocolHandler.java:194)
	at org.apache.mina.core.filterchain.DefaultIoFilterChain$TailFilter.messageReceived(DefaultIoFilterChain.java:721)
	at org.apache.mina.core.filterchain.DefaultIoFilterChain.callNextMessageReceived(DefaultIoFilterChain.java:433)
	at org.apache.mina.core.filterchain.DefaultIoFilterChain.access$1200(DefaultIoFilterChain.java:47)
	at org.apache.mina.core.filterchain.DefaultIoFilterChain$EntryImpl$1.messageReceived(DefaultIoFilterChain.java:801)
	at org.apache.mina.core.filterchain.IoFilterEvent.fire(IoFilterEvent.java:71)
	at org.apache.mina.core.session.IoEvent.run(IoEvent.java:63)
	at org.apache.mina.filter.executor.UnorderedThreadPoolExecutor$Worker.runTask(UnorderedThreadPoolExecutor.java:480)
	at org.apache.mina.filter.executor.UnorderedThreadPoolExecutor$Worker.run(UnorderedThreadPoolExecutor.java:434)
	at java.lang.Thread.run(Thread.java:745)
29 Apr 03:02:42 WARN [ldap.LdapProtocolHandler] - Null LdapSession given to cleanUpSession.
29 Apr 03:02:42 WARN [registries.DefaultOidRegistry] - OID for name 'javaremotelocation' was not found within the OID registry
29 Apr 03:02:42 WARN [context.SearchingOperationContext] - Requested attribute javaremotelocation does not exist in the schema, it will be ignored
29 Apr 03:02:42 WARN [ldap.LdapProtocolHandler] - Null LdapSession given to cleanUpSession.
29 Apr 03:02:42 WARN [ldap.LdapProtocolHandler] - Null LdapSession given to cleanUpSession.
29 Apr 03:02:42 WARN [registries.DefaultOidRegistry] - OID for name 'javaremotelocation' was not found within the OID registry
29 Apr 03:02:42 WARN [context.SearchingOperationContext] - Requested attribute javaremotelocation does not exist in the schema, it will be ignored
29 Apr 03:02:42 WARN [ldap.LdapProtocolHandler] - Unexpected exception forcing session to close: sending disconnect notice to client.
java.lang.NullPointerException
	at org.apache.directory.server.ldap.handlers.LdapRequestHandler.handleMessage(LdapRequestHandler.java:129)
	at org.apache.directory.server.ldap.handlers.LdapRequestHandler.handleMessage(LdapRequestHandler.java:56)
	at org.apache.mina.handler.demux.DemuxingIoHandler.messageReceived(DemuxingIoHandler.java:232)
	at org.apache.directory.server.ldap.LdapProtocolHandler.messageReceived(LdapProtocolHandler.java:194)
	at org.apache.mina.core.filterchain.DefaultIoFilterChain$TailFilter.messageReceived(DefaultIoFilterChain.java:721)
	at org.apache.mina.core.filterchain.DefaultIoFilterChain.callNextMessageReceived(DefaultIoFilterChain.java:433)
	at org.apache.mina.core.filterchain.DefaultIoFilterChain.access$1200(DefaultIoFilterChain.java:47)
	at org.apache.mina.core.filterchain.DefaultIoFilterChain$EntryImpl$1.messageReceived(DefaultIoFilterChain.java:801)
	at org.apache.mina.core.filterchain.IoFilterEvent.fire(IoFilterEvent.java:71)
	at org.apache.mina.core.session.IoEvent.run(IoEvent.java:63)
	at org.apache.mina.filter.executor.UnorderedThreadPoolExecutor$Worker.runTask(UnorderedThreadPoolExecutor.java:480)
	at org.apache.mina.filter.executor.UnorderedThreadPoolExecutor$Worker.run(UnorderedThreadPoolExecutor.java:434)
	at java.lang.Thread.run(Thread.java:745)
29 Apr 03:02:42 WARN [ldap.LdapProtocolHandler] - Null LdapSession given to cleanUpSession.
29 Apr 03:02:46 ERROR [registries.DefaultAttributeTypeRegistry] - attributeType w/ OID 2.5.4.16 not registered!
29 Apr 03:02:46 WARN [ldap.LdapProtocolHandler] - Unexpected exception forcing session to close: sending disconnect notice to client.
java.lang.NullPointerException
	at org.apache.directory.server.ldap.handlers.LdapRequestHandler.handleMessage(LdapRequestHandler.java:129)
	at org.apache.directory.server.ldap.handlers.LdapRequestHandler.handleMessage(LdapRequestHandler.java:56)
	at org.apache.mina.handler.demux.DemuxingIoHandler.messageReceived(DemuxingIoHandler.java:232)
	at org.apache.directory.server.ldap.LdapProtocolHandler.messageReceived(LdapProtocolHandler.java:194)
	at org.apache.mina.core.filterchain.DefaultIoFilterChain$TailFilter.messageReceived(DefaultIoFilterChain.java:721)
	at org.apache.mina.core.filterchain.DefaultIoFilterChain.callNextMessageReceived(DefaultIoFilterChain.java:433)
	at org.apache.mina.core.filterchain.DefaultIoFilterChain.access$1200(DefaultIoFilterChain.java:47)
	at org.apache.mina.core.filterchain.DefaultIoFilterChain$EntryImpl$1.messageReceived(DefaultIoFilterChain.java:801)
	at org.apache.mina.core.filterchain.IoFilterEvent.fire(IoFilterEvent.java:71)
	at org.apache.mina.core.session.IoEvent.run(IoEvent.java:63)
	at org.apache.mina.filter.executor.UnorderedThreadPoolExecutor$Worker.runTask(UnorderedThreadPoolExecutor.java:480)
	at org.apache.mina.filter.executor.UnorderedThreadPoolExecutor$Worker.run(UnorderedThreadPoolExecutor.java:434)
	at java.lang.Thread.run(Thread.java:745)
29 Apr 03:02:46 WARN [ldap.LdapProtocolHandler] - Null LdapSession given to cleanUpSession.
29 Apr 03:02:46 WARN [ldap.LdapProtocolHandler] - Unexpected exception forcing session to close: sending disconnect notice to client.
java.lang.NullPointerException
	at org.apache.directory.server.ldap.handlers.LdapRequestHandler.handleMessage(LdapRequestHandler.java:129)
	at org.apache.directory.server.ldap.handlers.LdapRequestHandler.handleMessage(LdapRequestHandler.java:56)
	at org.apache.mina.handler.demux.DemuxingIoHandler.messageReceived(DemuxingIoHandler.java:232)
	at org.apache.directory.server.ldap.LdapProtocolHandler.messageReceived(LdapProtocolHandler.java:194)
	at org.apache.mina.core.filterchain.DefaultIoFilterChain$TailFilter.messageReceived(DefaultIoFilterChain.java:721)
	at org.apache.mina.core.filterchain.DefaultIoFilterChain.callNextMessageReceived(DefaultIoFilterChain.java:433)
	at org.apache.mina.core.filterchain.DefaultIoFilterChain.access$1200(DefaultIoFilterChain.java:47)
	at org.apache.mina.core.filterchain.DefaultIoFilterChain$EntryImpl$1.messageReceived(DefaultIoFilterChain.java:801)
	at org.apache.mina.core.filterchain.IoFilterEvent.fire(IoFilterEvent.java:71)
	at org.apache.mina.core.session.IoEvent.run(IoEvent.java:63)
	at org.apache.mina.filter.executor.UnorderedThreadPoolExecutor$Worker.runTask(UnorderedThreadPoolExecutor.java:480)
	at org.apache.mina.filter.executor.UnorderedThreadPoolExecutor$Worker.run(UnorderedThreadPoolExecutor.java:434)
	at java.lang.Thread.run(Thread.java:745)
29 Apr 03:02:46 WARN [ldap.LdapProtocolHandler] - Null LdapSession given to cleanUpSession.
29 Apr 03:02:46 WARN [registries.DefaultOidRegistry] - OID for name 'javaremotelocation' was not found within the OID registry
29 Apr 03:02:46 WARN [context.SearchingOperationContext] - Requested attribute javaremotelocation does not exist in the schema, it will be ignored
29 Apr 03:02:46 WARN [ldap.LdapProtocolHandler] - Unexpected exception forcing session to close: sending disconnect notice to client.
java.lang.NullPointerException
	at org.apache.directory.server.ldap.handlers.LdapRequestHandler.handleMessage(LdapRequestHandler.java:129)
	at org.apache.directory.server.ldap.handlers.LdapRequestHandler.handleMessage(LdapRequestHandler.java:56)
	at org.apache.mina.handler.demux.DemuxingIoHandler.messageReceived(DemuxingIoHandler.java:232)
	at org.apache.directory.server.ldap.LdapProtocolHandler.messageReceived(LdapProtocolHandler.java:194)
	at org.apache.mina.core.filterchain.DefaultIoFilterChain$TailFilter.messageReceived(DefaultIoFilterChain.java:721)
	at org.apache.mina.core.filterchain.DefaultIoFilterChain.callNextMessageReceived(DefaultIoFilterChain.java:433)
	at org.apache.mina.core.filterchain.DefaultIoFilterChain.access$1200(DefaultIoFilterChain.java:47)
	at org.apache.mina.core.filterchain.DefaultIoFilterChain$EntryImpl$1.messageReceived(DefaultIoFilterChain.java:801)
	at org.apache.mina.core.filterchain.IoFilterEvent.fire(IoFilterEvent.java:71)
	at org.apache.mina.core.session.IoEvent.run(IoEvent.java:63)
	at org.apache.mina.filter.executor.UnorderedThreadPoolExecutor$Worker.runTask(UnorderedThreadPoolExecutor.java:480)
	at org.apache.mina.filter.executor.UnorderedThreadPoolExecutor$Worker.run(UnorderedThreadPoolExecutor.java:434)
	at java.lang.Thread.run(Thread.java:745)
29 Apr 03:02:46 WARN [ldap.LdapProtocolHandler] - Null LdapSession given to cleanUpSession.
29 Apr 03:02:46 WARN [registries.DefaultOidRegistry] - OID for name 'javaremotelocation' was not found within the OID registry
29 Apr 03:02:46 WARN [context.SearchingOperationContext] - Requested attribute javaremotelocation does not exist in the schema, it will be ignored
29 Apr 03:02:46 WARN [ldap.LdapProtocolHandler] - Unexpected exception forcing session to close: sending disconnect notice to client.
java.lang.NullPointerException
	at org.apache.directory.server.ldap.handlers.LdapRequestHandler.handleMessage(LdapRequestHandler.java:129)
	at org.apache.directory.server.ldap.handlers.LdapRequestHandler.handleMessage(LdapRequestHandler.java:56)
	at org.apache.mina.handler.demux.DemuxingIoHandler.messageReceived(DemuxingIoHandler.java:232)
	at org.apache.directory.server.ldap.LdapProtocolHandler.messageReceived(LdapProtocolHandler.java:194)
	at org.apache.mina.core.filterchain.DefaultIoFilterChain$TailFilter.messageReceived(DefaultIoFilterChain.java:721)
	at org.apache.mina.core.filterchain.DefaultIoFilterChain.callNextMessageReceived(DefaultIoFilterChain.java:433)
	at org.apache.mina.core.filterchain.DefaultIoFilterChain.access$1200(DefaultIoFilterChain.java:47)
	at org.apache.mina.core.filterchain.DefaultIoFilterChain$EntryImpl$1.messageReceived(DefaultIoFilterChain.java:801)
	at org.apache.mina.core.filterchain.IoFilterEvent.fire(IoFilterEvent.java:71)
	at org.apache.mina.core.session.IoEvent.run(IoEvent.java:63)
	at org.apache.mina.filter.executor.UnorderedThreadPoolExecutor$Worker.runTask(UnorderedThreadPoolExecutor.java:480)
	at org.apache.mina.filter.executor.UnorderedThreadPoolExecutor$Worker.run(UnorderedThreadPoolExecutor.java:434)
	at java.lang.Thread.run(Thread.java:745)
29 Apr 03:02:46 WARN [ldap.LdapProtocolHandler] - Null LdapSession given to cleanUpSession.
29 Apr 03:02:46 WARN [registries.DefaultOidRegistry] - OID for name 'javaremotelocation' was not found within the OID registry
29 Apr 03:02:46 WARN [context.SearchingOperationContext] - Requested attribute javaremotelocation does not exist in the schema, it will be ignored
29 Apr 03:02:46 WARN [ldap.LdapProtocolHandler] - Null LdapSession given to cleanUpSession.
29 Apr 03:02:46 WARN [registries.DefaultOidRegistry] - OID for name 'javaremotelocation' was not found within the OID registry
29 Apr 03:02:46 WARN [context.SearchingOperationContext] - Requested attribute javaremotelocation does not exist in the schema, it will be ignored
29 Apr 03:02:46 WARN [ldap.LdapProtocolHandler] - Null LdapSession given to cleanUpSession.
29 Apr 03:02:49 ERROR [registries.DefaultAttributeTypeRegistry] - attributeType w/ OID 2.5.4.16 not registered!
29 Apr 03:02:49 WARN [ldap.LdapProtocolHandler] - Unexpected exception forcing session to close: sending disconnect notice to client.
java.lang.NullPointerException
	at org.apache.directory.server.ldap.handlers.LdapRequestHandler.handleMessage(LdapRequestHandler.java:129)
	at org.apache.directory.server.ldap.handlers.LdapRequestHandler.handleMessage(LdapRequestHandler.java:56)
	at org.apache.mina.handler.demux.DemuxingIoHandler.messageReceived(DemuxingIoHandler.java:232)
	at org.apache.directory.server.ldap.LdapProtocolHandler.messageReceived(LdapProtocolHandler.java:194)
	at org.apache.mina.core.filterchain.DefaultIoFilterChain$TailFilter.messageReceived(DefaultIoFilterChain.java:721)
	at org.apache.mina.core.filterchain.DefaultIoFilterChain.callNextMessageReceived(DefaultIoFilterChain.java:433)
	at org.apache.mina.core.filterchain.DefaultIoFilterChain.access$1200(DefaultIoFilterChain.java:47)
	at org.apache.mina.core.filterchain.DefaultIoFilterChain$EntryImpl$1.messageReceived(DefaultIoFilterChain.java:801)
	at org.apache.mina.core.filterchain.IoFilterEvent.fire(IoFilterEvent.java:71)
	at org.apache.mina.core.session.IoEvent.run(IoEvent.java:63)
	at org.apache.mina.filter.executor.UnorderedThreadPoolExecutor$Worker.runTask(UnorderedThreadPoolExecutor.java:480)
	at org.apache.mina.filter.executor.UnorderedThreadPoolExecutor$Worker.run(UnorderedThreadPoolExecutor.java:434)
	at java.lang.Thread.run(Thread.java:745)
29 Apr 03:02:49 WARN [ldap.LdapProtocolHandler] - Null LdapSession given to cleanUpSession.
29 Apr 03:02:49 WARN [ldap.LdapProtocolHandler] - Unexpected exception forcing session to close: sending disconnect notice to client.
java.lang.NullPointerException
	at org.apache.directory.server.ldap.handlers.LdapRequestHandler.handleMessage(LdapRequestHandler.java:129)
	at org.apache.directory.server.ldap.handlers.LdapRequestHandler.handleMessage(LdapRequestHandler.java:56)
	at org.apache.mina.handler.demux.DemuxingIoHandler.messageReceived(DemuxingIoHandler.java:232)
	at org.apache.directory.server.ldap.LdapProtocolHandler.messageReceived(LdapProtocolHandler.java:194)
	at org.apache.mina.core.filterchain.DefaultIoFilterChain$TailFilter.messageReceived(DefaultIoFilterChain.java:721)
	at org.apache.mina.core.filterchain.DefaultIoFilterChain.callNextMessageReceived(DefaultIoFilterChain.java:433)
	at org.apache.mina.core.filterchain.DefaultIoFilterChain.access$1200(DefaultIoFilterChain.java:47)
	at org.apache.mina.core.filterchain.DefaultIoFilterChain$EntryImpl$1.messageReceived(DefaultIoFilterChain.java:801)
	at org.apache.mina.core.filterchain.IoFilterEvent.fire(IoFilterEvent.java:71)
	at org.apache.mina.core.session.IoEvent.run(IoEvent.java:63)
	at org.apache.mina.filter.executor.UnorderedThreadPoolExecutor$Worker.runTask(UnorderedThreadPoolExecutor.java:480)
	at org.apache.mina.filter.executor.UnorderedThreadPoolExecutor$Worker.run(UnorderedThreadPoolExecutor.java:434)
	at java.lang.Thread.run(Thread.java:745)
29 Apr 03:02:49 WARN [ldap.LdapProtocolHandler] - Null LdapSession given to cleanUpSession.
29 Apr 03:02:49 WARN [registries.DefaultOidRegistry] - OID for name 'javaremotelocation' was not found within the OID registry
29 Apr 03:02:49 WARN [context.SearchingOperationContext] - Requested attribute javaremotelocation does not exist in the schema, it will be ignored
29 Apr 03:02:49 WARN [ldap.LdapProtocolHandler] - Null LdapSession given to cleanUpSession.
29 Apr 03:02:49 WARN [registries.DefaultOidRegistry] - OID for name 'javaremotelocation' was not found within the OID registry
29 Apr 03:02:49 WARN [context.SearchingOperationContext] - Requested attribute javaremotelocation does not exist in the schema, it will be ignored
29 Apr 03:02:49 WARN [ldap.LdapProtocolHandler] - Unexpected exception forcing session to close: sending disconnect notice to client.
java.lang.NullPointerException
	at org.apache.directory.server.ldap.handlers.LdapRequestHandler.handleMessage(LdapRequestHandler.java:129)
	at org.apache.directory.server.ldap.handlers.LdapRequestHandler.handleMessage(LdapRequestHandler.java:56)
	at org.apache.mina.handler.demux.DemuxingIoHandler.messageReceived(DemuxingIoHandler.java:232)
	at org.apache.directory.server.ldap.LdapProtocolHandler.messageReceived(LdapProtocolHandler.java:194)
	at org.apache.mina.core.filterchain.DefaultIoFilterChain$TailFilter.messageReceived(DefaultIoFilterChain.java:721)
	at org.apache.mina.core.filterchain.DefaultIoFilterChain.callNextMessageReceived(DefaultIoFilterChain.java:433)
	at org.apache.mina.core.filterchain.DefaultIoFilterChain.access$1200(DefaultIoFilterChain.java:47)
	at org.apache.mina.core.filterchain.DefaultIoFilterChain$EntryImpl$1.messageReceived(DefaultIoFilterChain.java:801)
	at org.apache.mina.core.filterchain.IoFilterEvent.fire(IoFilterEvent.java:71)
	at org.apache.mina.core.session.IoEvent.run(IoEvent.java:63)
	at org.apache.mina.filter.executor.UnorderedThreadPoolExecutor$Worker.runTask(UnorderedThreadPoolExecutor.java:480)
	at org.apache.mina.filter.executor.UnorderedThreadPoolExecutor$Worker.run(UnorderedThreadPoolExecutor.java:434)
	at java.lang.Thread.run(Thread.java:745)
29 Apr 03:02:49 WARN [ldap.LdapProtocolHandler] - Null LdapSession given to cleanUpSession.
Tests run: 14, Failures: 0, Errors: 0, Skipped: 0, Time elapsed: 51.968 sec
Running org.geoserver.security.ldap.LDAPUserGroupServiceTest
29 Apr 03:02:53 ERROR [registries.DefaultAttributeTypeRegistry] - attributeType w/ OID 2.5.4.16 not registered!
29 Apr 03:02:54 WARN [ldap.LdapProtocolHandler] - Unexpected exception forcing session to close: sending disconnect notice to client.
java.lang.NullPointerException
	at org.apache.directory.server.ldap.handlers.LdapRequestHandler.handleMessage(LdapRequestHandler.java:129)
	at org.apache.directory.server.ldap.handlers.LdapRequestHandler.handleMessage(LdapRequestHandler.java:56)
	at org.apache.mina.handler.demux.DemuxingIoHandler.messageReceived(DemuxingIoHandler.java:232)
	at org.apache.directory.server.ldap.LdapProtocolHandler.messageReceived(LdapProtocolHandler.java:194)
	at org.apache.mina.core.filterchain.DefaultIoFilterChain$TailFilter.messageReceived(DefaultIoFilterChain.java:721)
	at org.apache.mina.core.filterchain.DefaultIoFilterChain.callNextMessageReceived(DefaultIoFilterChain.java:433)
	at org.apache.mina.core.filterchain.DefaultIoFilterChain.access$1200(DefaultIoFilterChain.java:47)
	at org.apache.mina.core.filterchain.DefaultIoFilterChain$EntryImpl$1.messageReceived(DefaultIoFilterChain.java:801)
	at org.apache.mina.core.filterchain.IoFilterEvent.fire(IoFilterEvent.java:71)
	at org.apache.mina.core.session.IoEvent.run(IoEvent.java:63)
	at org.apache.mina.filter.executor.UnorderedThreadPoolExecutor$Worker.runTask(UnorderedThreadPoolExecutor.java:480)
	at org.apache.mina.filter.executor.UnorderedThreadPoolExecutor$Worker.run(UnorderedThreadPoolExecutor.java:434)
	at java.lang.Thread.run(Thread.java:745)
29 Apr 03:02:54 WARN [ldap.LdapProtocolHandler] - Null LdapSession given to cleanUpSession.
29 Apr 03:02:54 WARN [ldap.LdapProtocolHandler] - Unexpected exception forcing session to close: sending disconnect notice to client.
java.lang.NullPointerException
	at org.apache.directory.server.ldap.handlers.LdapRequestHandler.handleMessage(LdapRequestHandler.java:129)
	at org.apache.directory.server.ldap.handlers.LdapRequestHandler.handleMessage(LdapRequestHandler.java:56)
	at org.apache.mina.handler.demux.DemuxingIoHandler.messageReceived(DemuxingIoHandler.java:232)
	at org.apache.directory.server.ldap.LdapProtocolHandler.messageReceived(LdapProtocolHandler.java:194)
	at org.apache.mina.core.filterchain.DefaultIoFilterChain$TailFilter.messageReceived(DefaultIoFilterChain.java:721)
	at org.apache.mina.core.filterchain.DefaultIoFilterChain.callNextMessageReceived(DefaultIoFilterChain.java:433)
	at org.apache.mina.core.filterchain.DefaultIoFilterChain.access$1200(DefaultIoFilterChain.java:47)
	at org.apache.mina.core.filterchain.DefaultIoFilterChain$EntryImpl$1.messageReceived(DefaultIoFilterChain.java:801)
	at org.apache.mina.core.filterchain.IoFilterEvent.fire(IoFilterEvent.java:71)
	at org.apache.mina.core.session.IoEvent.run(IoEvent.java:63)
	at org.apache.mina.filter.executor.UnorderedThreadPoolExecutor$Worker.runTask(UnorderedThreadPoolExecutor.java:480)
	at org.apache.mina.filter.executor.UnorderedThreadPoolExecutor$Worker.run(UnorderedThreadPoolExecutor.java:434)
	at java.lang.Thread.run(Thread.java:745)
29 Apr 03:02:54 WARN [ldap.LdapProtocolHandler] - Null LdapSession given to cleanUpSession.
29 Apr 03:02:57 ERROR [registries.DefaultAttributeTypeRegistry] - attributeType w/ OID 2.5.4.16 not registered!
29 Apr 03:02:57 WARN [ldap.LdapProtocolHandler] - Unexpected exception forcing session to close: sending disconnect notice to client.
java.lang.NullPointerException
	at org.apache.directory.server.ldap.handlers.LdapRequestHandler.handleMessage(LdapRequestHandler.java:129)
	at org.apache.directory.server.ldap.handlers.LdapRequestHandler.handleMessage(LdapRequestHandler.java:56)
	at org.apache.mina.handler.demux.DemuxingIoHandler.messageReceived(DemuxingIoHandler.java:232)
	at org.apache.directory.server.ldap.LdapProtocolHandler.messageReceived(LdapProtocolHandler.java:194)
	at org.apache.mina.core.filterchain.DefaultIoFilterChain$TailFilter.messageReceived(DefaultIoFilterChain.java:721)
	at org.apache.mina.core.filterchain.DefaultIoFilterChain.callNextMessageReceived(DefaultIoFilterChain.java:433)
	at org.apache.mina.core.filterchain.DefaultIoFilterChain.access$1200(DefaultIoFilterChain.java:47)
	at org.apache.mina.core.filterchain.DefaultIoFilterChain$EntryImpl$1.messageReceived(DefaultIoFilterChain.java:801)
	at org.apache.mina.core.filterchain.IoFilterEvent.fire(IoFilterEvent.java:71)
	at org.apache.mina.core.session.IoEvent.run(IoEvent.java:63)
	at org.apache.mina.filter.executor.UnorderedThreadPoolExecutor$Worker.runTask(UnorderedThreadPoolExecutor.java:480)
	at org.apache.mina.filter.executor.UnorderedThreadPoolExecutor$Worker.run(UnorderedThreadPoolExecutor.java:434)
	at java.lang.Thread.run(Thread.java:745)
29 Apr 03:02:57 WARN [ldap.LdapProtocolHandler] - Null LdapSession given to cleanUpSession.
29 Apr 03:02:57 WARN [ldap.LdapProtocolHandler] - Unexpected exception forcing session to close: sending disconnect notice to client.
java.lang.NullPointerException
	at org.apache.directory.server.ldap.handlers.LdapRequestHandler.handleMessage(LdapRequestHandler.java:129)
	at org.apache.directory.server.ldap.handlers.LdapRequestHandler.handleMessage(LdapRequestHandler.java:56)
	at org.apache.mina.handler.demux.DemuxingIoHandler.messageReceived(DemuxingIoHandler.java:232)
	at org.apache.directory.server.ldap.LdapProtocolHandler.messageReceived(LdapProtocolHandler.java:194)
	at org.apache.mina.core.filterchain.DefaultIoFilterChain$TailFilter.messageReceived(DefaultIoFilterChain.java:721)
	at org.apache.mina.core.filterchain.DefaultIoFilterChain.callNextMessageReceived(DefaultIoFilterChain.java:433)
	at org.apache.mina.core.filterchain.DefaultIoFilterChain.access$1200(DefaultIoFilterChain.java:47)
	at org.apache.mina.core.filterchain.DefaultIoFilterChain$EntryImpl$1.messageReceived(DefaultIoFilterChain.java:801)
	at org.apache.mina.core.filterchain.IoFilterEvent.fire(IoFilterEvent.java:71)
	at org.apache.mina.core.session.IoEvent.run(IoEvent.java:63)
	at org.apache.mina.filter.executor.UnorderedThreadPoolExecutor$Worker.runTask(UnorderedThreadPoolExecutor.java:480)
	at org.apache.mina.filter.executor.UnorderedThreadPoolExecutor$Worker.run(UnorderedThreadPoolExecutor.java:434)
	at java.lang.Thread.run(Thread.java:745)
29 Apr 03:02:57 WARN [ldap.LdapProtocolHandler] - Null LdapSession given to cleanUpSession.
29 Apr 03:03:01 ERROR [registries.DefaultAttributeTypeRegistry] - attributeType w/ OID 2.5.4.16 not registered!
29 Apr 03:03:01 WARN [ldap.LdapProtocolHandler] - Unexpected exception forcing session to close: sending disconnect notice to client.
java.lang.NullPointerException
	at org.apache.directory.server.ldap.handlers.LdapRequestHandler.handleMessage(LdapRequestHandler.java:129)
	at org.apache.directory.server.ldap.handlers.LdapRequestHandler.handleMessage(LdapRequestHandler.java:56)
	at org.apache.mina.handler.demux.DemuxingIoHandler.messageReceived(DemuxingIoHandler.java:232)
	at org.apache.directory.server.ldap.LdapProtocolHandler.messageReceived(LdapProtocolHandler.java:194)
	at org.apache.mina.core.filterchain.DefaultIoFilterChain$TailFilter.messageReceived(DefaultIoFilterChain.java:721)
	at org.apache.mina.core.filterchain.DefaultIoFilterChain.callNextMessageReceived(DefaultIoFilterChain.java:433)
	at org.apache.mina.core.filterchain.DefaultIoFilterChain.access$1200(DefaultIoFilterChain.java:47)
	at org.apache.mina.core.filterchain.DefaultIoFilterChain$EntryImpl$1.messageReceived(DefaultIoFilterChain.java:801)
	at org.apache.mina.core.filterchain.IoFilterEvent.fire(IoFilterEvent.java:71)
	at org.apache.mina.core.session.IoEvent.run(IoEvent.java:63)
	at org.apache.mina.filter.executor.UnorderedThreadPoolExecutor$Worker.runTask(UnorderedThreadPoolExecutor.java:480)
	at org.apache.mina.filter.executor.UnorderedThreadPoolExecutor$Worker.run(UnorderedThreadPoolExecutor.java:434)
	at java.lang.Thread.run(Thread.java:745)
29 Apr 03:03:01 WARN [ldap.LdapProtocolHandler] - Null LdapSession given to cleanUpSession.
29 Apr 03:03:01 WARN [ldap.LdapProtocolHandler] - Unexpected exception forcing session to close: sending disconnect notice to client.
java.lang.NullPointerException
	at org.apache.directory.server.ldap.handlers.LdapRequestHandler.handleMessage(LdapRequestHandler.java:129)
	at org.apache.directory.server.ldap.handlers.LdapRequestHandler.handleMessage(LdapRequestHandler.java:56)
	at org.apache.mina.handler.demux.DemuxingIoHandler.messageReceived(DemuxingIoHandler.java:232)
	at org.apache.directory.server.ldap.LdapProtocolHandler.messageReceived(LdapProtocolHandler.java:194)
	at org.apache.mina.core.filterchain.DefaultIoFilterChain$TailFilter.messageReceived(DefaultIoFilterChain.java:721)
	at org.apache.mina.core.filterchain.DefaultIoFilterChain.callNextMessageReceived(DefaultIoFilterChain.java:433)
	at org.apache.mina.core.filterchain.DefaultIoFilterChain.access$1200(DefaultIoFilterChain.java:47)
	at org.apache.mina.core.filterchain.DefaultIoFilterChain$EntryImpl$1.messageReceived(DefaultIoFilterChain.java:801)
	at org.apache.mina.core.filterchain.IoFilterEvent.fire(IoFilterEvent.java:71)
	at org.apache.mina.core.session.IoEvent.run(IoEvent.java:63)
	at org.apache.mina.filter.executor.UnorderedThreadPoolExecutor$Worker.runTask(UnorderedThreadPoolExecutor.java:480)
	at org.apache.mina.filter.executor.UnorderedThreadPoolExecutor$Worker.run(UnorderedThreadPoolExecutor.java:434)
	at java.lang.Thread.run(Thread.java:745)
29 Apr 03:03:01 WARN [ldap.LdapProtocolHandler] - Null LdapSession given to cleanUpSession.
29 Apr 03:03:05 ERROR [registries.DefaultAttributeTypeRegistry] - attributeType w/ OID 2.5.4.16 not registered!
29 Apr 03:03:05 WARN [ldap.LdapProtocolHandler] - Null LdapSession given to cleanUpSession.
29 Apr 03:03:05 WARN [ldap.LdapProtocolHandler] - Unexpected exception forcing session to close: sending disconnect notice to client.
java.lang.NullPointerException
	at org.apache.directory.server.ldap.handlers.LdapRequestHandler.handleMessage(LdapRequestHandler.java:129)
	at org.apache.directory.server.ldap.handlers.LdapRequestHandler.handleMessage(LdapRequestHandler.java:56)
	at org.apache.mina.handler.demux.DemuxingIoHandler.messageReceived(DemuxingIoHandler.java:232)
	at org.apache.directory.server.ldap.LdapProtocolHandler.messageReceived(LdapProtocolHandler.java:194)
	at org.apache.mina.core.filterchain.DefaultIoFilterChain$TailFilter.messageReceived(DefaultIoFilterChain.java:721)
	at org.apache.mina.core.filterchain.DefaultIoFilterChain.callNextMessageReceived(DefaultIoFilterChain.java:433)
	at org.apache.mina.core.filterchain.DefaultIoFilterChain.access$1200(DefaultIoFilterChain.java:47)
	at org.apache.mina.core.filterchain.DefaultIoFilterChain$EntryImpl$1.messageReceived(DefaultIoFilterChain.java:801)
	at org.apache.mina.core.filterchain.IoFilterEvent.fire(IoFilterEvent.java:71)
	at org.apache.mina.core.session.IoEvent.run(IoEvent.java:63)
	at org.apache.mina.filter.executor.UnorderedThreadPoolExecutor$Worker.runTask(UnorderedThreadPoolExecutor.java:480)
	at org.apache.mina.filter.executor.UnorderedThreadPoolExecutor$Worker.run(UnorderedThreadPoolExecutor.java:434)
	at java.lang.Thread.run(Thread.java:745)
29 Apr 03:03:05 WARN [ldap.LdapProtocolHandler] - Null LdapSession given to cleanUpSession.
29 Apr 03:03:08 ERROR [registries.DefaultAttributeTypeRegistry] - attributeType w/ OID 2.5.4.16 not registered!
29 Apr 03:03:08 WARN [ldap.LdapProtocolHandler] - Null LdapSession given to cleanUpSession.
29 Apr 03:03:08 WARN [ldap.LdapProtocolHandler] - Unexpected exception forcing session to close: sending disconnect notice to client.
java.lang.NullPointerException
	at org.apache.directory.server.ldap.handlers.LdapRequestHandler.handleMessage(LdapRequestHandler.java:129)
	at org.apache.directory.server.ldap.handlers.LdapRequestHandler.handleMessage(LdapRequestHandler.java:56)
	at org.apache.mina.handler.demux.DemuxingIoHandler.messageReceived(DemuxingIoHandler.java:232)
	at org.apache.directory.server.ldap.LdapProtocolHandler.messageReceived(LdapProtocolHandler.java:194)
	at org.apache.mina.core.filterchain.DefaultIoFilterChain$TailFilter.messageReceived(DefaultIoFilterChain.java:721)
	at org.apache.mina.core.filterchain.DefaultIoFilterChain.callNextMessageReceived(DefaultIoFilterChain.java:433)
	at org.apache.mina.core.filterchain.DefaultIoFilterChain.access$1200(DefaultIoFilterChain.java:47)
	at org.apache.mina.core.filterchain.DefaultIoFilterChain$EntryImpl$1.messageReceived(DefaultIoFilterChain.java:801)
	at org.apache.mina.core.filterchain.IoFilterEvent.fire(IoFilterEvent.java:71)
	at org.apache.mina.core.session.IoEvent.run(IoEvent.java:63)
	at org.apache.mina.filter.executor.UnorderedThreadPoolExecutor$Worker.runTask(UnorderedThreadPoolExecutor.java:480)
	at org.apache.mina.filter.executor.UnorderedThreadPoolExecutor$Worker.run(UnorderedThreadPoolExecutor.java:434)
	at java.lang.Thread.run(Thread.java:745)
29 Apr 03:03:08 WARN [ldap.LdapProtocolHandler] - Null LdapSession given to cleanUpSession.
29 Apr 03:03:08 WARN [registries.DefaultOidRegistry] - OID for name 'javaremotelocation' was not found within the OID registry
29 Apr 03:03:08 WARN [context.SearchingOperationContext] - Requested attribute javaremotelocation does not exist in the schema, it will be ignored
29 Apr 03:03:12 ERROR [registries.DefaultAttributeTypeRegistry] - attributeType w/ OID 2.5.4.16 not registered!
29 Apr 03:03:12 WARN [ldap.LdapProtocolHandler] - Unexpected exception forcing session to close: sending disconnect notice to client.
java.lang.NullPointerException
	at org.apache.directory.server.ldap.handlers.LdapRequestHandler.handleMessage(LdapRequestHandler.java:129)
	at org.apache.directory.server.ldap.handlers.LdapRequestHandler.handleMessage(LdapRequestHandler.java:56)
	at org.apache.mina.handler.demux.DemuxingIoHandler.messageReceived(DemuxingIoHandler.java:232)
	at org.apache.directory.server.ldap.LdapProtocolHandler.messageReceived(LdapProtocolHandler.java:194)
	at org.apache.mina.core.filterchain.DefaultIoFilterChain$TailFilter.messageReceived(DefaultIoFilterChain.java:721)
	at org.apache.mina.core.filterchain.DefaultIoFilterChain.callNextMessageReceived(DefaultIoFilterChain.java:433)
	at org.apache.mina.core.filterchain.DefaultIoFilterChain.access$1200(DefaultIoFilterChain.java:47)
	at org.apache.mina.core.filterchain.DefaultIoFilterChain$EntryImpl$1.messageReceived(DefaultIoFilterChain.java:801)
	at org.apache.mina.core.filterchain.IoFilterEvent.fire(IoFilterEvent.java:71)
	at org.apache.mina.core.session.IoEvent.run(IoEvent.java:63)
	at org.apache.mina.filter.executor.UnorderedThreadPoolExecutor$Worker.runTask(UnorderedThreadPoolExecutor.java:480)
	at org.apache.mina.filter.executor.UnorderedThreadPoolExecutor$Worker.run(UnorderedThreadPoolExecutor.java:434)
	at java.lang.Thread.run(Thread.java:745)
29 Apr 03:03:12 WARN [ldap.LdapProtocolHandler] - Null LdapSession given to cleanUpSession.
29 Apr 03:03:12 WARN [ldap.LdapProtocolHandler] - Unexpected exception forcing session to close: sending disconnect notice to client.
java.lang.NullPointerException
	at org.apache.directory.server.ldap.handlers.LdapRequestHandler.handleMessage(LdapRequestHandler.java:129)
	at org.apache.directory.server.ldap.handlers.LdapRequestHandler.handleMessage(LdapRequestHandler.java:56)
	at org.apache.mina.handler.demux.DemuxingIoHandler.messageReceived(DemuxingIoHandler.java:232)
	at org.apache.directory.server.ldap.LdapProtocolHandler.messageReceived(LdapProtocolHandler.java:194)
	at org.apache.mina.core.filterchain.DefaultIoFilterChain$TailFilter.messageReceived(DefaultIoFilterChain.java:721)
	at org.apache.mina.core.filterchain.DefaultIoFilterChain.callNextMessageReceived(DefaultIoFilterChain.java:433)
	at org.apache.mina.core.filterchain.DefaultIoFilterChain.access$1200(DefaultIoFilterChain.java:47)
	at org.apache.mina.core.filterchain.DefaultIoFilterChain$EntryImpl$1.messageReceived(DefaultIoFilterChain.java:801)
	at org.apache.mina.core.filterchain.IoFilterEvent.fire(IoFilterEvent.java:71)
	at org.apache.mina.core.session.IoEvent.run(IoEvent.java:63)
	at org.apache.mina.filter.executor.UnorderedThreadPoolExecutor$Worker.runTask(UnorderedThreadPoolExecutor.java:480)
	at org.apache.mina.filter.executor.UnorderedThreadPoolExecutor$Worker.run(UnorderedThreadPoolExecutor.java:434)
	at java.lang.Thread.run(Thread.java:745)
29 Apr 03:03:12 WARN [ldap.LdapProtocolHandler] - Null LdapSession given to cleanUpSession.
29 Apr 03:03:16 ERROR [registries.DefaultAttributeTypeRegistry] - attributeType w/ OID 2.5.4.16 not registered!
29 Apr 03:03:16 WARN [ldap.LdapProtocolHandler] - Null LdapSession given to cleanUpSession.
29 Apr 03:03:16 WARN [ldap.LdapProtocolHandler] - Unexpected exception forcing session to close: sending disconnect notice to client.
java.lang.NullPointerException
	at org.apache.directory.server.ldap.handlers.LdapRequestHandler.handleMessage(LdapRequestHandler.java:129)
	at org.apache.directory.server.ldap.handlers.LdapRequestHandler.handleMessage(LdapRequestHandler.java:56)
	at org.apache.mina.handler.demux.DemuxingIoHandler.messageReceived(DemuxingIoHandler.java:232)
	at org.apache.directory.server.ldap.LdapProtocolHandler.messageReceived(LdapProtocolHandler.java:194)
	at org.apache.mina.core.filterchain.DefaultIoFilterChain$TailFilter.messageReceived(DefaultIoFilterChain.java:721)
	at org.apache.mina.core.filterchain.DefaultIoFilterChain.callNextMessageReceived(DefaultIoFilterChain.java:433)
	at org.apache.mina.core.filterchain.DefaultIoFilterChain.access$1200(DefaultIoFilterChain.java:47)
	at org.apache.mina.core.filterchain.DefaultIoFilterChain$EntryImpl$1.messageReceived(DefaultIoFilterChain.java:801)
	at org.apache.mina.core.filterchain.IoFilterEvent.fire(IoFilterEvent.java:71)
	at org.apache.mina.core.session.IoEvent.run(IoEvent.java:63)
	at org.apache.mina.filter.executor.UnorderedThreadPoolExecutor$Worker.runTask(UnorderedThreadPoolExecutor.java:480)
	at org.apache.mina.filter.executor.UnorderedThreadPoolExecutor$Worker.run(UnorderedThreadPoolExecutor.java:434)
	at java.lang.Thread.run(Thread.java:745)
29 Apr 03:03:16 WARN [ldap.LdapProtocolHandler] - Null LdapSession given to cleanUpSession.
29 Apr 03:03:19 ERROR [registries.DefaultAttributeTypeRegistry] - attributeType w/ OID 2.5.4.16 not registered!
29 Apr 03:03:19 WARN [ldap.LdapProtocolHandler] - Unexpected exception forcing session to close: sending disconnect notice to client.
java.lang.NullPointerException
	at org.apache.directory.server.ldap.handlers.LdapRequestHandler.handleMessage(LdapRequestHandler.java:129)
	at org.apache.directory.server.ldap.handlers.LdapRequestHandler.handleMessage(LdapRequestHandler.java:56)
	at org.apache.mina.handler.demux.DemuxingIoHandler.messageReceived(DemuxingIoHandler.java:232)
	at org.apache.directory.server.ldap.LdapProtocolHandler.messageReceived(LdapProtocolHandler.java:194)
	at org.apache.mina.core.filterchain.DefaultIoFilterChain$TailFilter.messageReceived(DefaultIoFilterChain.java:721)
	at org.apache.mina.core.filterchain.DefaultIoFilterChain.callNextMessageReceived(DefaultIoFilterChain.java:433)
	at org.apache.mina.core.filterchain.DefaultIoFilterChain.access$1200(DefaultIoFilterChain.java:47)
	at org.apache.mina.core.filterchain.DefaultIoFilterChain$EntryImpl$1.messageReceived(DefaultIoFilterChain.java:801)
	at org.apache.mina.core.filterchain.IoFilterEvent.fire(IoFilterEvent.java:71)
	at org.apache.mina.core.session.IoEvent.run(IoEvent.java:63)
	at org.apache.mina.filter.executor.UnorderedThreadPoolExecutor$Worker.runTask(UnorderedThreadPoolExecutor.java:480)
	at org.apache.mina.filter.executor.UnorderedThreadPoolExecutor$Worker.run(UnorderedThreadPoolExecutor.java:434)
	at java.lang.Thread.run(Thread.java:745)
29 Apr 03:03:19 WARN [ldap.LdapProtocolHandler] - Null LdapSession given to cleanUpSession.
29 Apr 03:03:19 WARN [ldap.LdapProtocolHandler] - Unexpected exception forcing session to close: sending disconnect notice to client.
java.lang.NullPointerException
	at org.apache.directory.server.ldap.handlers.LdapRequestHandler.handleMessage(LdapRequestHandler.java:129)
	at org.apache.directory.server.ldap.handlers.LdapRequestHandler.handleMessage(LdapRequestHandler.java:56)
	at org.apache.mina.handler.demux.DemuxingIoHandler.messageReceived(DemuxingIoHandler.java:232)
	at org.apache.directory.server.ldap.LdapProtocolHandler.messageReceived(LdapProtocolHandler.java:194)
	at org.apache.mina.core.filterchain.DefaultIoFilterChain$TailFilter.messageReceived(DefaultIoFilterChain.java:721)
	at org.apache.mina.core.filterchain.DefaultIoFilterChain.callNextMessageReceived(DefaultIoFilterChain.java:433)
	at org.apache.mina.core.filterchain.DefaultIoFilterChain.access$1200(DefaultIoFilterChain.java:47)
	at org.apache.mina.core.filterchain.DefaultIoFilterChain$EntryImpl$1.messageReceived(DefaultIoFilterChain.java:801)
	at org.apache.mina.core.filterchain.IoFilterEvent.fire(IoFilterEvent.java:71)
	at org.apache.mina.core.session.IoEvent.run(IoEvent.java:63)
	at org.apache.mina.filter.executor.UnorderedThreadPoolExecutor$Worker.runTask(UnorderedThreadPoolExecutor.java:480)
	at org.apache.mina.filter.executor.UnorderedThreadPoolExecutor$Worker.run(UnorderedThreadPoolExecutor.java:434)
	at java.lang.Thread.run(Thread.java:745)
29 Apr 03:03:19 WARN [ldap.LdapProtocolHandler] - Null LdapSession given to cleanUpSession.
29 Apr 03:03:24 ERROR [registries.DefaultAttributeTypeRegistry] - attributeType w/ OID 2.5.4.16 not registered!
29 Apr 03:03:24 WARN [ldap.LdapProtocolHandler] - Unexpected exception forcing session to close: sending disconnect notice to client.
java.lang.NullPointerException
	at org.apache.directory.server.ldap.handlers.LdapRequestHandler.handleMessage(LdapRequestHandler.java:129)
	at org.apache.directory.server.ldap.handlers.LdapRequestHandler.handleMessage(LdapRequestHandler.java:56)
	at org.apache.mina.handler.demux.DemuxingIoHandler.messageReceived(DemuxingIoHandler.java:232)
	at org.apache.directory.server.ldap.LdapProtocolHandler.messageReceived(LdapProtocolHandler.java:194)
	at org.apache.mina.core.filterchain.DefaultIoFilterChain$TailFilter.messageReceived(DefaultIoFilterChain.java:721)
	at org.apache.mina.core.filterchain.DefaultIoFilterChain.callNextMessageReceived(DefaultIoFilterChain.java:433)
	at org.apache.mina.core.filterchain.DefaultIoFilterChain.access$1200(DefaultIoFilterChain.java:47)
	at org.apache.mina.core.filterchain.DefaultIoFilterChain$EntryImpl$1.messageReceived(DefaultIoFilterChain.java:801)
	at org.apache.mina.core.filterchain.IoFilterEvent.fire(IoFilterEvent.java:71)
	at org.apache.mina.core.session.IoEvent.run(IoEvent.java:63)
	at org.apache.mina.filter.executor.UnorderedThreadPoolExecutor$Worker.runTask(UnorderedThreadPoolExecutor.java:480)
	at org.apache.mina.filter.executor.UnorderedThreadPoolExecutor$Worker.run(UnorderedThreadPoolExecutor.java:434)
	at java.lang.Thread.run(Thread.java:745)
29 Apr 03:03:24 WARN [ldap.LdapProtocolHandler] - Null LdapSession given to cleanUpSession.
29 Apr 03:03:24 WARN [ldap.LdapProtocolHandler] - Unexpected exception forcing session to close: sending disconnect notice to client.
java.lang.NullPointerException
	at org.apache.directory.server.ldap.handlers.LdapRequestHandler.handleMessage(LdapRequestHandler.java:129)
	at org.apache.directory.server.ldap.handlers.LdapRequestHandler.handleMessage(LdapRequestHandler.java:56)
	at org.apache.mina.handler.demux.DemuxingIoHandler.messageReceived(DemuxingIoHandler.java:232)
	at org.apache.directory.server.ldap.LdapProtocolHandler.messageReceived(LdapProtocolHandler.java:194)
	at org.apache.mina.core.filterchain.DefaultIoFilterChain$TailFilter.messageReceived(DefaultIoFilterChain.java:721)
	at org.apache.mina.core.filterchain.DefaultIoFilterChain.callNextMessageReceived(DefaultIoFilterChain.java:433)
	at org.apache.mina.core.filterchain.DefaultIoFilterChain.access$1200(DefaultIoFilterChain.java:47)
	at org.apache.mina.core.filterchain.DefaultIoFilterChain$EntryImpl$1.messageReceived(DefaultIoFilterChain.java:801)
	at org.apache.mina.core.filterchain.IoFilterEvent.fire(IoFilterEvent.java:71)
	at org.apache.mina.core.session.IoEvent.run(IoEvent.java:63)
	at org.apache.mina.filter.executor.UnorderedThreadPoolExecutor$Worker.runTask(UnorderedThreadPoolExecutor.java:480)
	at org.apache.mina.filter.executor.UnorderedThreadPoolExecutor$Worker.run(UnorderedThreadPoolExecutor.java:434)
	at java.lang.Thread.run(Thread.java:745)
29 Apr 03:03:24 WARN [ldap.LdapProtocolHandler] - Null LdapSession given to cleanUpSession.
29 Apr 03:03:27 ERROR [registries.DefaultAttributeTypeRegistry] - attributeType w/ OID 2.5.4.16 not registered!
29 Apr 03:03:28 WARN [ldap.LdapProtocolHandler] - Unexpected exception forcing session to close: sending disconnect notice to client.
java.lang.NullPointerException
	at org.apache.directory.server.ldap.handlers.LdapRequestHandler.handleMessage(LdapRequestHandler.java:129)
	at org.apache.directory.server.ldap.handlers.LdapRequestHandler.handleMessage(LdapRequestHandler.java:56)
	at org.apache.mina.handler.demux.DemuxingIoHandler.messageReceived(DemuxingIoHandler.java:232)
	at org.apache.directory.server.ldap.LdapProtocolHandler.messageReceived(LdapProtocolHandler.java:194)
	at org.apache.mina.core.filterchain.DefaultIoFilterChain$TailFilter.messageReceived(DefaultIoFilterChain.java:721)
	at org.apache.mina.core.filterchain.DefaultIoFilterChain.callNextMessageReceived(DefaultIoFilterChain.java:433)
	at org.apache.mina.core.filterchain.DefaultIoFilterChain.access$1200(DefaultIoFilterChain.java:47)
	at org.apache.mina.core.filterchain.DefaultIoFilterChain$EntryImpl$1.messageReceived(DefaultIoFilterChain.java:801)
	at org.apache.mina.core.filterchain.IoFilterEvent.fire(IoFilterEvent.java:71)
	at org.apache.mina.core.session.IoEvent.run(IoEvent.java:63)
	at org.apache.mina.filter.executor.UnorderedThreadPoolExecutor$Worker.runTask(UnorderedThreadPoolExecutor.java:480)
	at org.apache.mina.filter.executor.UnorderedThreadPoolExecutor$Worker.run(UnorderedThreadPoolExecutor.java:434)
	at java.lang.Thread.run(Thread.java:745)
29 Apr 03:03:28 WARN [ldap.LdapProtocolHandler] - Null LdapSession given to cleanUpSession.
29 Apr 03:03:28 WARN [ldap.LdapProtocolHandler] - Unexpected exception forcing session to close: sending disconnect notice to client.
java.lang.NullPointerException
	at org.apache.directory.server.ldap.handlers.LdapRequestHandler.handleMessage(LdapRequestHandler.java:129)
	at org.apache.directory.server.ldap.handlers.LdapRequestHandler.handleMessage(LdapRequestHandler.java:56)
	at org.apache.mina.handler.demux.DemuxingIoHandler.messageReceived(DemuxingIoHandler.java:232)
	at org.apache.directory.server.ldap.LdapProtocolHandler.messageReceived(LdapProtocolHandler.java:194)
	at org.apache.mina.core.filterchain.DefaultIoFilterChain$TailFilter.messageReceived(DefaultIoFilterChain.java:721)
	at org.apache.mina.core.filterchain.DefaultIoFilterChain.callNextMessageReceived(DefaultIoFilterChain.java:433)
	at org.apache.mina.core.filterchain.DefaultIoFilterChain.access$1200(DefaultIoFilterChain.java:47)
	at org.apache.mina.core.filterchain.DefaultIoFilterChain$EntryImpl$1.messageReceived(DefaultIoFilterChain.java:801)
	at org.apache.mina.core.filterchain.IoFilterEvent.fire(IoFilterEvent.java:71)
	at org.apache.mina.core.session.IoEvent.run(IoEvent.java:63)
	at org.apache.mina.filter.executor.UnorderedThreadPoolExecutor$Worker.runTask(UnorderedThreadPoolExecutor.java:480)
	at org.apache.mina.filter.executor.UnorderedThreadPoolExecutor$Worker.run(UnorderedThreadPoolExecutor.java:434)
	at java.lang.Thread.run(Thread.java:745)
29 Apr 03:03:28 WARN [ldap.LdapProtocolHandler] - Null LdapSession given to cleanUpSession.
29 Apr 03:03:31 ERROR [registries.DefaultAttributeTypeRegistry] - attributeType w/ OID 2.5.4.16 not registered!
29 Apr 03:03:31 WARN [ldap.LdapProtocolHandler] - Unexpected exception forcing session to close: sending disconnect notice to client.
java.lang.NullPointerException
	at org.apache.directory.server.ldap.handlers.LdapRequestHandler.handleMessage(LdapRequestHandler.java:129)
	at org.apache.directory.server.ldap.handlers.LdapRequestHandler.handleMessage(LdapRequestHandler.java:56)
	at org.apache.mina.handler.demux.DemuxingIoHandler.messageReceived(DemuxingIoHandler.java:232)
	at org.apache.directory.server.ldap.LdapProtocolHandler.messageReceived(LdapProtocolHandler.java:194)
	at org.apache.mina.core.filterchain.DefaultIoFilterChain$TailFilter.messageReceived(DefaultIoFilterChain.java:721)
	at org.apache.mina.core.filterchain.DefaultIoFilterChain.callNextMessageReceived(DefaultIoFilterChain.java:433)
	at org.apache.mina.core.filterchain.DefaultIoFilterChain.access$1200(DefaultIoFilterChain.java:47)
	at org.apache.mina.core.filterchain.DefaultIoFilterChain$EntryImpl$1.messageReceived(DefaultIoFilterChain.java:801)
	at org.apache.mina.core.filterchain.IoFilterEvent.fire(IoFilterEvent.java:71)
	at org.apache.mina.core.session.IoEvent.run(IoEvent.java:63)
	at org.apache.mina.filter.executor.UnorderedThreadPoolExecutor$Worker.runTask(UnorderedThreadPoolExecutor.java:480)
	at org.apache.mina.filter.executor.UnorderedThreadPoolExecutor$Worker.run(UnorderedThreadPoolExecutor.java:434)
	at java.lang.Thread.run(Thread.java:745)
29 Apr 03:03:31 WARN [ldap.LdapProtocolHandler] - Null LdapSession given to cleanUpSession.
29 Apr 03:03:31 WARN [ldap.LdapProtocolHandler] - Unexpected exception forcing session to close: sending disconnect notice to client.
java.lang.NullPointerException
	at org.apache.directory.server.ldap.handlers.LdapRequestHandler.handleMessage(LdapRequestHandler.java:129)
	at org.apache.directory.server.ldap.handlers.LdapRequestHandler.handleMessage(LdapRequestHandler.java:56)
	at org.apache.mina.handler.demux.DemuxingIoHandler.messageReceived(DemuxingIoHandler.java:232)
	at org.apache.directory.server.ldap.LdapProtocolHandler.messageReceived(LdapProtocolHandler.java:194)
	at org.apache.mina.core.filterchain.DefaultIoFilterChain$TailFilter.messageReceived(DefaultIoFilterChain.java:721)
	at org.apache.mina.core.filterchain.DefaultIoFilterChain.callNextMessageReceived(DefaultIoFilterChain.java:433)
	at org.apache.mina.core.filterchain.DefaultIoFilterChain.access$1200(DefaultIoFilterChain.java:47)
	at org.apache.mina.core.filterchain.DefaultIoFilterChain$EntryImpl$1.messageReceived(DefaultIoFilterChain.java:801)
	at org.apache.mina.core.filterchain.IoFilterEvent.fire(IoFilterEvent.java:71)
	at org.apache.mina.core.session.IoEvent.run(IoEvent.java:63)
	at org.apache.mina.filter.executor.UnorderedThreadPoolExecutor$Worker.runTask(UnorderedThreadPoolExecutor.java:480)
	at org.apache.mina.filter.executor.UnorderedThreadPoolExecutor$Worker.run(UnorderedThreadPoolExecutor.java:434)
	at java.lang.Thread.run(Thread.java:745)
29 Apr 03:03:31 WARN [ldap.LdapProtocolHandler] - Null LdapSession given to cleanUpSession.
29 Apr 03:03:35 ERROR [registries.DefaultAttributeTypeRegistry] - attributeType w/ OID 2.5.4.16 not registered!
29 Apr 03:03:35 WARN [ldap.LdapProtocolHandler] - Unexpected exception forcing session to close: sending disconnect notice to client.
java.lang.NullPointerException
	at org.apache.directory.server.ldap.handlers.LdapRequestHandler.handleMessage(LdapRequestHandler.java:129)
	at org.apache.directory.server.ldap.handlers.LdapRequestHandler.handleMessage(LdapRequestHandler.java:56)
	at org.apache.mina.handler.demux.DemuxingIoHandler.messageReceived(DemuxingIoHandler.java:232)
	at org.apache.directory.server.ldap.LdapProtocolHandler.messageReceived(LdapProtocolHandler.java:194)
	at org.apache.mina.core.filterchain.DefaultIoFilterChain$TailFilter.messageReceived(DefaultIoFilterChain.java:721)
	at org.apache.mina.core.filterchain.DefaultIoFilterChain.callNextMessageReceived(DefaultIoFilterChain.java:433)
	at org.apache.mina.core.filterchain.DefaultIoFilterChain.access$1200(DefaultIoFilterChain.java:47)
	at org.apache.mina.core.filterchain.DefaultIoFilterChain$EntryImpl$1.messageReceived(DefaultIoFilterChain.java:801)
	at org.apache.mina.core.filterchain.IoFilterEvent.fire(IoFilterEvent.java:71)
	at org.apache.mina.core.session.IoEvent.run(IoEvent.java:63)
	at org.apache.mina.filter.executor.UnorderedThreadPoolExecutor$Worker.runTask(UnorderedThreadPoolExecutor.java:480)
	at org.apache.mina.filter.executor.UnorderedThreadPoolExecutor$Worker.run(UnorderedThreadPoolExecutor.java:434)
	at java.lang.Thread.run(Thread.java:745)
29 Apr 03:03:35 WARN [ldap.LdapProtocolHandler] - Null LdapSession given to cleanUpSession.
29 Apr 03:03:35 WARN [ldap.LdapProtocolHandler] - Null LdapSession given to cleanUpSession.
29 Apr 03:03:39 ERROR [registries.DefaultAttributeTypeRegistry] - attributeType w/ OID 2.5.4.16 not registered!
29 Apr 03:03:39 WARN [ldap.LdapProtocolHandler] - Unexpected exception forcing session to close: sending disconnect notice to client.
java.lang.NullPointerException
	at org.apache.directory.server.ldap.handlers.LdapRequestHandler.handleMessage(LdapRequestHandler.java:129)
	at org.apache.directory.server.ldap.handlers.LdapRequestHandler.handleMessage(LdapRequestHandler.java:56)
	at org.apache.mina.handler.demux.DemuxingIoHandler.messageReceived(DemuxingIoHandler.java:232)
	at org.apache.directory.server.ldap.LdapProtocolHandler.messageReceived(LdapProtocolHandler.java:194)
	at org.apache.mina.core.filterchain.DefaultIoFilterChain$TailFilter.messageReceived(DefaultIoFilterChain.java:721)
	at org.apache.mina.core.filterchain.DefaultIoFilterChain.callNextMessageReceived(DefaultIoFilterChain.java:433)
	at org.apache.mina.core.filterchain.DefaultIoFilterChain.access$1200(DefaultIoFilterChain.java:47)
	at org.apache.mina.core.filterchain.DefaultIoFilterChain$EntryImpl$1.messageReceived(DefaultIoFilterChain.java:801)
	at org.apache.mina.core.filterchain.IoFilterEvent.fire(IoFilterEvent.java:71)
	at org.apache.mina.core.session.IoEvent.run(IoEvent.java:63)
	at org.apache.mina.filter.executor.UnorderedThreadPoolExecutor$Worker.runTask(UnorderedThreadPoolExecutor.java:480)
	at org.apache.mina.filter.executor.UnorderedThreadPoolExecutor$Worker.run(UnorderedThreadPoolExecutor.java:434)
	at java.lang.Thread.run(Thread.java:745)
29 Apr 03:03:39 WARN [ldap.LdapProtocolHandler] - Null LdapSession given to cleanUpSession.
29 Apr 03:03:39 WARN [ldap.LdapProtocolHandler] - Unexpected exception forcing session to close: sending disconnect notice to client.
java.lang.NullPointerException
	at org.apache.directory.server.ldap.handlers.LdapRequestHandler.handleMessage(LdapRequestHandler.java:129)
	at org.apache.directory.server.ldap.handlers.LdapRequestHandler.handleMessage(LdapRequestHandler.java:56)
	at org.apache.mina.handler.demux.DemuxingIoHandler.messageReceived(DemuxingIoHandler.java:232)
	at org.apache.directory.server.ldap.LdapProtocolHandler.messageReceived(LdapProtocolHandler.java:194)
	at org.apache.mina.core.filterchain.DefaultIoFilterChain$TailFilter.messageReceived(DefaultIoFilterChain.java:721)
	at org.apache.mina.core.filterchain.DefaultIoFilterChain.callNextMessageReceived(DefaultIoFilterChain.java:433)
	at org.apache.mina.core.filterchain.DefaultIoFilterChain.access$1200(DefaultIoFilterChain.java:47)
	at org.apache.mina.core.filterchain.DefaultIoFilterChain$EntryImpl$1.messageReceived(DefaultIoFilterChain.java:801)
	at org.apache.mina.core.filterchain.IoFilterEvent.fire(IoFilterEvent.java:71)
	at org.apache.mina.core.session.IoEvent.run(IoEvent.java:63)
	at org.apache.mina.filter.executor.UnorderedThreadPoolExecutor$Worker.runTask(UnorderedThreadPoolExecutor.java:480)
	at org.apache.mina.filter.executor.UnorderedThreadPoolExecutor$Worker.run(UnorderedThreadPoolExecutor.java:434)
	at java.lang.Thread.run(Thread.java:745)
29 Apr 03:03:39 WARN [ldap.LdapProtocolHandler] - Null LdapSession given to cleanUpSession.
Tests run: 13, Failures: 0, Errors: 0, Skipped: 0, Time elapsed: 48.784 sec

Results :

Tests run: 35, Failures: 0, Errors: 0, Skipped: 0

[INFO]                                                                         
[INFO] ------------------------------------------------------------------------
[INFO] Building Web Coverage Service Module 2.11.0
[INFO] ------------------------------------------------------------------------
[INFO] 
[INFO] --- git-commit-id-plugin:2.1.15:revision (default) @ gs-wcs ---
[INFO] 
[INFO] --- maven-resources-plugin:2.6:resources (default-resources) @ gs-wcs ---
[INFO] Using 'UTF-8' encoding to copy filtered resources.
[INFO] Copying 2 resources
[INFO] skip non existing resourceDirectory /root/workspace/geoserver/geoserver/226907097/src/wcs/src/main/resources
[INFO] 
[INFO] --- maven-compiler-plugin:2.3.2:compile (default-compile) @ gs-wcs ---
[INFO] Nothing to compile - all classes are up to date
[INFO] 
[INFO] --- maven-resources-plugin:2.6:testResources (default-testResources) @ gs-wcs ---
[INFO] Using 'UTF-8' encoding to copy filtered resources.
[INFO] skip non existing resourceDirectory /root/workspace/geoserver/geoserver/226907097/src/wcs/src/test/java
[INFO] skip non existing resourceDirectory /root/workspace/geoserver/geoserver/226907097/src/wcs/src/test/resources
[INFO] 
[INFO] --- maven-compiler-plugin:2.3.2:testCompile (default-testCompile) @ gs-wcs ---
[INFO] No sources to compile
[INFO] 
[INFO] --- maven-surefire-plugin:2.12.3:test (default-test) @ gs-wcs ---
[INFO] No tests to run.
[INFO]                                                                         
[INFO] ------------------------------------------------------------------------
[INFO] Building Web Coverage Service 1.0 Module 2.11.0
[INFO] ------------------------------------------------------------------------
[INFO] 
[INFO] --- git-commit-id-plugin:2.1.15:revision (default) @ gs-wcs1_0 ---
[INFO] 
[INFO] --- maven-resources-plugin:2.6:resources (default-resources) @ gs-wcs1_0 ---
[INFO] Using 'UTF-8' encoding to copy filtered resources.
[INFO] Copying 8 resources
[INFO] Copying 7 resources
[INFO] 
[INFO] --- maven-compiler-plugin:2.3.2:compile (default-compile) @ gs-wcs1_0 ---
[INFO] Nothing to compile - all classes are up to date
[INFO] 
[INFO] --- maven-resources-plugin:2.6:testResources (default-testResources) @ gs-wcs1_0 ---
[INFO] Using 'UTF-8' encoding to copy filtered resources.
[INFO] Copying 1 resource
[INFO] skip non existing resourceDirectory /root/workspace/geoserver/geoserver/226907097/src/wcs1_0/src/test/resources
[INFO] 
[INFO] --- maven-compiler-plugin:2.3.2:testCompile (default-testCompile) @ gs-wcs1_0 ---
[INFO] Nothing to compile - all classes are up to date
[INFO] 
[INFO] --- maven-surefire-plugin:2.12.3:test (default-test) @ gs-wcs1_0 ---
[INFO] Surefire report directory: /root/workspace/geoserver/geoserver/226907097/src/wcs1_0/target/surefire-reports

-------------------------------------------------------
 T E S T S
-------------------------------------------------------
Running org.geoserver.wcs.CustomDimensionsTest
Tests run: 2, Failures: 0, Errors: 0, Skipped: 0, Time elapsed: 4.971 sec
Running org.geoserver.wcs.DescribeCoverageTest
Tests run: 19, Failures: 0, Errors: 0, Skipped: 0, Time elapsed: 1.811 sec
Running org.geoserver.wcs.DynamicDimensionsTest
Tests run: 2, Failures: 0, Errors: 0, Skipped: 0, Time elapsed: 0.87 sec
Running org.geoserver.wcs.GetCapabilitiesTest
Tests run: 20, Failures: 0, Errors: 0, Skipped: 0, Time elapsed: 1.197 sec
Running org.geoserver.wcs.GetCoverageTest
Tests run: 20, Failures: 0, Errors: 0, Skipped: 0, Time elapsed: 1.215 sec
Running org.geoserver.wcs.WCSDisabledTest
Tests run: 2, Failures: 0, Errors: 0, Skipped: 0, Time elapsed: 0.398 sec
Running org.geoserver.wcs.kvp.GetCoverageReaderTest
Tests run: 5, Failures: 0, Errors: 0, Skipped: 0, Time elapsed: 0.293 sec
Running org.geoserver.wcs.kvp.InterpolationParserTest
Tests run: 1, Failures: 0, Errors: 0, Skipped: 0, Time elapsed: 0.401 sec
Running org.geoserver.wcs.xml.DescribeCoverageXmlParserTest
Tests run: 1, Failures: 0, Errors: 0, Skipped: 0, Time elapsed: 0.013 sec
Running org.geoserver.wcs.xml.GetCapabilitiesXmlParserTest
Tests run: 1, Failures: 0, Errors: 0, Skipped: 0, Time elapsed: 0.011 sec
Running org.geoserver.wcs.xml.GetCoverageXmlParserTest
Tests run: 3, Failures: 0, Errors: 0, Skipped: 0, Time elapsed: 0.322 sec

Results :

Tests run: 76, Failures: 0, Errors: 0, Skipped: 0

[INFO]                                                                         
[INFO] ------------------------------------------------------------------------
[INFO] Building Web Coverage Service 1.1 Module 2.11.0
[INFO] ------------------------------------------------------------------------
[INFO] 
[INFO] --- git-commit-id-plugin:2.1.15:revision (default) @ gs-wcs1_1 ---
[INFO] 
[INFO] --- javacc-maven-plugin:2.3:jjtree (jjtree) @ gs-wcs1_1 ---
[INFO] Nothing to process - all grammars in /root/workspace/geoserver/geoserver/226907097/src/wcs1_1/src/main/java/org/geoserver/wcs/kvp/rangesubset are up to date.
[INFO] 
[INFO] --- javacc-maven-plugin:2.3:javacc (javacc) @ gs-wcs1_1 ---
[INFO] Nothing to process - all grammars in /root/workspace/geoserver/geoserver/226907097/src/wcs1_1/target/jjtree are up to date.
[INFO] 
[INFO] --- maven-resources-plugin:2.6:resources (default-resources) @ gs-wcs1_1 ---
[INFO] Using 'UTF-8' encoding to copy filtered resources.
[INFO] Copying 11 resources
[INFO] Copying 11 resources
[INFO] 
[INFO] --- maven-compiler-plugin:2.3.2:compile (default-compile) @ gs-wcs1_1 ---
[INFO] Nothing to compile - all classes are up to date
[INFO] 
[INFO] --- maven-resources-plugin:2.6:testResources (default-testResources) @ gs-wcs1_1 ---
[INFO] Using 'UTF-8' encoding to copy filtered resources.
[INFO] Copying 2 resources
[INFO] 
[INFO] --- maven-compiler-plugin:2.3.2:testCompile (default-testCompile) @ gs-wcs1_1 ---
[INFO] Nothing to compile - all classes are up to date
[INFO] 
[INFO] --- maven-surefire-plugin:2.12.3:test (default-test) @ gs-wcs1_1 ---
[INFO] Surefire report directory: /root/workspace/geoserver/geoserver/226907097/src/wcs1_1/target/surefire-reports

-------------------------------------------------------
 T E S T S
-------------------------------------------------------
Running org.geoserver.wcs.DescribeCoverageTest
Tests run: 13, Failures: 0, Errors: 0, Skipped: 0, Time elapsed: 6.407 sec
Running org.geoserver.wcs.GetCapabilitiesTest
Tests run: 27, Failures: 0, Errors: 0, Skipped: 0, Time elapsed: 1.497 sec
Running org.geoserver.wcs.GetCoverageMultipartEncodingTest
SchemaLocation: schemaLocation value = 'http://localhost:8080/geoserver/schemas/wcs/1.1.1/wcsCoverages.xsd' must have even number of URI's.
Tests run: 5, Failures: 0, Errors: 0, Skipped: 0, Time elapsed: 1.147 sec
Running org.geoserver.wcs.GetCoverageTest
Tests run: 27, Failures: 0, Errors: 0, Skipped: 0, Time elapsed: 2.493 sec
Running org.geoserver.wcs.ResourceAccessManagerWCSTest
Tests run: 4, Failures: 0, Errors: 0, Skipped: 0, Time elapsed: 0.45 sec
Running org.geoserver.wcs.WCSDisabledTest
Tests run: 2, Failures: 0, Errors: 0, Skipped: 0, Time elapsed: 0.561 sec
Running org.geoserver.wcs.kvp.BoundingBoxKvpParserTest
Tests run: 8, Failures: 0, Errors: 0, Skipped: 0, Time elapsed: 0.005 sec
Running org.geoserver.wcs.kvp.GetCoverageReaderTest
Tests run: 11, Failures: 0, Errors: 0, Skipped: 0, Time elapsed: 0.339 sec
Running org.geoserver.wcs.kvp.RangeSubsetKvpParserTest
Tests run: 4, Failures: 0, Errors: 0, Skipped: 0, Time elapsed: 0.001 sec
Running org.geoserver.wcs.xml.DescribeCoverageXmlParserTest
Tests run: 1, Failures: 0, Errors: 0, Skipped: 0, Time elapsed: 0.064 sec
Running org.geoserver.wcs.xml.GetCapabilitiesXmlParserTest
Tests run: 2, Failures: 0, Errors: 0, Skipped: 0, Time elapsed: 0.124 sec
Running org.geoserver.wcs.xml.GetCoverageXmlParserTest
class [Ljava.lang.Double;: [Ljava.lang.Double;@3ee0a533
Tests run: 4, Failures: 0, Errors: 0, Skipped: 0, Time elapsed: 0.262 sec

Results :

Tests run: 108, Failures: 0, Errors: 0, Skipped: 0

[INFO]                                                                         
[INFO] ------------------------------------------------------------------------
[INFO] Building Web Coverage Service 2.0 Module 2.11.0
[INFO] ------------------------------------------------------------------------
[INFO] 
[INFO] --- git-commit-id-plugin:2.1.15:revision (default) @ gs-wcs2_0 ---
[INFO] 
[INFO] --- maven-resources-plugin:2.6:resources (default-resources) @ gs-wcs2_0 ---
[INFO] Using 'UTF-8' encoding to copy filtered resources.
[INFO] Copying 2 resources
[INFO] Copying 110 resources
[INFO] 
[INFO] --- maven-compiler-plugin:2.3.2:compile (default-compile) @ gs-wcs2_0 ---
[INFO] Nothing to compile - all classes are up to date
[INFO] 
[INFO] --- maven-resources-plugin:2.6:testResources (default-testResources) @ gs-wcs2_0 ---
[INFO] Using 'UTF-8' encoding to copy filtered resources.
[INFO] Copying 62 resources
[INFO] 
[INFO] --- maven-compiler-plugin:2.3.2:testCompile (default-testCompile) @ gs-wcs2_0 ---
[INFO] Nothing to compile - all classes are up to date
[INFO] 
[INFO] --- maven-surefire-plugin:2.12.3:test (default-test) @ gs-wcs2_0 ---
[INFO] Surefire report directory: /root/workspace/geoserver/geoserver/226907097/src/wcs2_0/target/surefire-reports

-------------------------------------------------------
 T E S T S
-------------------------------------------------------
Running org.geoserver.wcs2_0.CoverageIdConverterTest
Tests run: 5, Failures: 0, Errors: 0, Skipped: 0, Time elapsed: 0.438 sec
Running org.geoserver.wcs2_0.LayerCodecTest
Tests run: 1, Failures: 0, Errors: 0, Skipped: 0, Time elapsed: 3.618 sec
Running org.geoserver.wcs2_0.WCSXStreamLoaderTest
Tests run: 1, Failures: 0, Errors: 0, Skipped: 0, Time elapsed: 0.974 sec
Running org.geoserver.wcs2_0.kvp.CRSExtentionKVPTest
Tests run: 5, Failures: 0, Errors: 0, Skipped: 0, Time elapsed: 2.57 sec
Running org.geoserver.wcs2_0.kvp.DescribeCoverageTest
<?xml version="1.0" encoding="UTF-8" standalone="no"?>
<wcs:CoverageDescriptions xmlns:wcs="http://www.opengis.net/wcs/2.0" xmlns:gml="http://www.opengis.net/gml/3.2" xmlns:gmlcov="http://www.opengis.net/gmlcov/1.0" xmlns:ows="http://www.opengis.net/ows/2.0" xmlns:swe="http://www.opengis.net/swe/2.0" xmlns:wcsgs="http://www.geoserver.org/wcsgs/2.0" xmlns:xlink="http://www.w3.org/1999/xlink" xmlns:xsi="http://www.w3.org/2001/XMLSchema-instance" xsi:schemaLocation=" http://www.opengis.net/wcs/2.0 http://schemas.opengis.net/wcs/2.0/wcsDescribeCoverage.xsd">
  <wcs:CoverageDescription gml:id="wcs__BlueMarble">
    <gml:boundedBy>
      <gml:Envelope axisLabels="Lat Long" srsDimension="2" srsName="http://www.opengis.net/def/crs/EPSG/0/4326" uomLabels="Deg Deg">
        <gml:lowerCorner>-44.49999999999785 146.49999999999477</gml:lowerCorner>
        <gml:upperCorner>-42.99999999999787 147.99999999999474</gml:upperCorner>
      </gml:Envelope>
    </gml:boundedBy>
    <wcs:CoverageId>wcs__BlueMarble</wcs:CoverageId>
    <gml:coverageFunction>
      <gml:GridFunction>
        <gml:sequenceRule axisOrder="+2 +1">Linear</gml:sequenceRule>
        <gml:startPoint>0 0</gml:startPoint>
      </gml:GridFunction>
    </gml:coverageFunction>
    <gmlcov:metadata>
      <gmlcov:Extension/>
    </gmlcov:metadata>
    <gml:domainSet>
      <gml:RectifiedGrid dimension="2" gml:id="grid00__wcs__BlueMarble">
        <gml:limits>
          <gml:GridEnvelope>
            <gml:low>0 0</gml:low>
            <gml:high>359 359</gml:high>
          </gml:GridEnvelope>
        </gml:limits>
        <gml:axisLabels>i j</gml:axisLabels>
        <gml:origin>
          <gml:Point gml:id="p00_wcs__BlueMarble" srsName="http://www.opengis.net/def/crs/EPSG/0/4326">
            <gml:pos>-43.0020833333312 146.5020833333281</gml:pos>
          </gml:Point>
        </gml:origin>
        <gml:offsetVector srsName="http://www.opengis.net/def/crs/EPSG/0/4326">0.0 0.0041666666666666</gml:offsetVector>
        <gml:offsetVector srsName="http://www.opengis.net/def/crs/EPSG/0/4326">-0.0041666666666666 0.0</gml:offsetVector>
      </gml:RectifiedGrid>
    </gml:domainSet>
    <gmlcov:rangeType>
      <swe:DataRecord>
        <swe:field name="RED_BAND">
          <swe:Quantity>
            <swe:description>RED_BAND</swe:description>
            <swe:uom code="W.m-2.Sr-1"/>
            <swe:constraint>
              <swe:AllowedValues>
                <swe:interval>0 255</swe:interval>
              </swe:AllowedValues>
            </swe:constraint>
          </swe:Quantity>
        </swe:field>
        <swe:field name="GREEN_BAND">
          <swe:Quantity>
            <swe:description>GREEN_BAND</swe:description>
            <swe:uom code="W.m-2.Sr-1"/>
            <swe:constraint>
              <swe:AllowedValues>
                <swe:interval>0 255</swe:interval>
              </swe:AllowedValues>
            </swe:constraint>
          </swe:Quantity>
        </swe:field>
        <swe:field name="BLUE_BAND">
          <swe:Quantity>
            <swe:description>BLUE_BAND</swe:description>
            <swe:uom code="W.m-2.Sr-1"/>
            <swe:constraint>
              <swe:AllowedValues>
                <swe:interval>0 255</swe:interval>
              </swe:AllowedValues>
            </swe:constraint>
          </swe:Quantity>
        </swe:field>
      </swe:DataRecord>
    </gmlcov:rangeType>
    <wcs:ServiceParameters>
      <wcs:CoverageSubtype>RectifiedGridCoverage</wcs:CoverageSubtype>
      <wcs:nativeFormat>image/tiff</wcs:nativeFormat>
    </wcs:ServiceParameters>
  </wcs:CoverageDescription>
</wcs:CoverageDescriptions>
<?xml version="1.0" encoding="UTF-8" standalone="no"?>
<wcs:CoverageDescriptions xmlns:wcs="http://www.opengis.net/wcs/2.0" xmlns:gml="http://www.opengis.net/gml/3.2" xmlns:gmlcov="http://www.opengis.net/gmlcov/1.0" xmlns:ows="http://www.opengis.net/ows/2.0" xmlns:swe="http://www.opengis.net/swe/2.0" xmlns:wcsgs="http://www.geoserver.org/wcsgs/2.0" xmlns:xlink="http://www.w3.org/1999/xlink" xmlns:xsi="http://www.w3.org/2001/XMLSchema-instance" xsi:schemaLocation=" http://www.opengis.net/wcs/2.0 http://schemas.opengis.net/wcs/2.0/wcsDescribeCoverage.xsd">
  <wcs:CoverageDescription gml:id="sf__rain">
    <gml:boundedBy>
      <gml:Envelope axisLabels="Lat Long" srsDimension="2" srsName="http://www.opengis.net/def/crs/EPSG/0/4326" uomLabels="Deg Deg">
        <gml:lowerCorner>-90.0 -180.0</gml:lowerCorner>
        <gml:upperCorner>90.0 180.0</gml:upperCorner>
      </gml:Envelope>
    </gml:boundedBy>
    <wcs:CoverageId>sf__rain</wcs:CoverageId>
    <gml:coverageFunction>
      <gml:GridFunction>
        <gml:sequenceRule axisOrder="+2 +1">Linear</gml:sequenceRule>
        <gml:startPoint>0 0</gml:startPoint>
      </gml:GridFunction>
    </gml:coverageFunction>
    <gmlcov:metadata>
      <gmlcov:Extension/>
    </gmlcov:metadata>
    <gml:domainSet>
      <gml:RectifiedGrid dimension="2" gml:id="grid00__sf__rain">
        <gml:limits>
          <gml:GridEnvelope>
            <gml:low>0 0</gml:low>
            <gml:high>71 35</gml:high>
          </gml:GridEnvelope>
        </gml:limits>
        <gml:axisLabels>i j</gml:axisLabels>
        <gml:origin>
          <gml:Point gml:id="p00_sf__rain" srsName="http://www.opengis.net/def/crs/EPSG/0/4326">
            <gml:pos>87.5 -177.5</gml:pos>
          </gml:Point>
        </gml:origin>
        <gml:offsetVector srsName="http://www.opengis.net/def/crs/EPSG/0/4326">0.0 5.0</gml:offsetVector>
        <gml:offsetVector srsName="http://www.opengis.net/def/crs/EPSG/0/4326">-5.0 0.0</gml:offsetVector>
      </gml:RectifiedGrid>
    </gml:domainSet>
    <gmlcov:rangeType>
      <swe:DataRecord>
        <swe:field name="rain">
          <swe:Quantity>
            <swe:description>rain</swe:description>
            <swe:nilValues>
              <swe:NilValues>
                <swe:nilValue reason="http://www.opengis.net/def/nil/OGC/0/unknown">-999.9</swe:nilValue>
              </swe:NilValues>
            </swe:nilValues>
            <swe:uom code="W.m-2.Sr-1"/>
            <swe:constraint>
              <swe:AllowedValues>
                <swe:interval>-9999.0 -9999.0</swe:interval>
              </swe:AllowedValues>
            </swe:constraint>
          </swe:Quantity>
        </swe:field>
      </swe:DataRecord>
    </gmlcov:rangeType>
    <wcs:ServiceParameters>
      <wcs:CoverageSubtype>RectifiedGridCoverage</wcs:CoverageSubtype>
      <wcs:nativeFormat>text/plain</wcs:nativeFormat>
    </wcs:ServiceParameters>
  </wcs:CoverageDescription>
</wcs:CoverageDescriptions>
<?xml version="1.0" encoding="UTF-8" standalone="no"?>
<wcs:CoverageDescriptions xmlns:wcs="http://www.opengis.net/wcs/2.0" xmlns:gml="http://www.opengis.net/gml/3.2" xmlns:gmlcov="http://www.opengis.net/gmlcov/1.0" xmlns:ows="http://www.opengis.net/ows/2.0" xmlns:swe="http://www.opengis.net/swe/2.0" xmlns:wcsgs="http://www.geoserver.org/wcsgs/2.0" xmlns:xlink="http://www.w3.org/1999/xlink" xmlns:xsi="http://www.w3.org/2001/XMLSchema-instance" xsi:schemaLocation=" http://www.opengis.net/wcs/2.0 http://schemas.opengis.net/wcs/2.0/wcsDescribeCoverage.xsd">
  <wcs:CoverageDescription gml:id="sf__pk50095">
    <gml:boundedBy>
      <gml:Envelope axisLabels="E N" srsDimension="2" srsName="http://www.opengis.net/def/crs/EPSG/0/32633" uomLabels="m m">
        <gml:lowerCorner>347660.5162105911 5191763.949937257</gml:lowerCorner>
        <gml:upperCorner>353440.1129425911 5196950.767517257</gml:upperCorner>
      </gml:Envelope>
    </gml:boundedBy>
    <wcs:CoverageId>sf__pk50095</wcs:CoverageId>
    <gml:coverageFunction>
      <gml:GridFunction>
        <gml:sequenceRule axisOrder="+1 +2">Linear</gml:sequenceRule>
        <gml:startPoint>0 0</gml:startPoint>
      </gml:GridFunction>
    </gml:coverageFunction>
    <gmlcov:metadata>
      <gmlcov:Extension/>
    </gmlcov:metadata>
    <gml:domainSet>
      <gml:RectifiedGrid dimension="2" gml:id="grid00__sf__pk50095">
        <gml:limits>
          <gml:GridEnvelope>
            <gml:low>0 0</gml:low>
            <gml:high>272 243</gml:high>
          </gml:GridEnvelope>
        </gml:limits>
        <gml:axisLabels>i j</gml:axisLabels>
        <gml:origin>
          <gml:Point gml:id="p00_sf__pk50095" srsName="http://www.opengis.net/def/crs/EPSG/0/32633">
            <gml:pos>347671.1015525911 5196940.182175256</gml:pos>
          </gml:Point>
        </gml:origin>
        <gml:offsetVector srsName="http://www.opengis.net/def/crs/EPSG/0/32633">21.17068399999995 0.0</gml:offsetVector>
        <gml:offsetVector srsName="http://www.opengis.net/def/crs/EPSG/0/32633">0.0 -21.17068399999995</gml:offsetVector>
      </gml:RectifiedGrid>
    </gml:domainSet>
    <gmlcov:rangeType>
      <swe:DataRecord>
        <swe:field name="RED_BAND">
          <swe:Quantity>
            <swe:description>RED_BAND</swe:description>
            <swe:nilValues>
              <swe:NilValues>
                <swe:nilValue reason="http://www.opengis.net/def/nil/OGC/0/unknown">0.0</swe:nilValue>
              </swe:NilValues>
            </swe:nilValues>
            <swe:uom code="W.m-2.Sr-1"/>
            <swe:constraint>
              <swe:AllowedValues>
                <swe:interval>0.0 0.0</swe:interval>
              </swe:AllowedValues>
            </swe:constraint>
          </swe:Quantity>
        </swe:field>
        <swe:field name="GREEN_BAND">
          <swe:Quantity>
            <swe:description>GREEN_BAND</swe:description>
            <swe:nilValues>
              <swe:NilValues>
                <swe:nilValue reason="http://www.opengis.net/def/nil/OGC/0/unknown">0.0</swe:nilValue>
              </swe:NilValues>
            </swe:nilValues>
            <swe:uom code="W.m-2.Sr-1"/>
            <swe:constraint>
              <swe:AllowedValues>
                <swe:interval>0.0 0.0</swe:interval>
              </swe:AllowedValues>
            </swe:constraint>
          </swe:Quantity>
        </swe:field>
        <swe:field name="BLUE_BAND">
          <swe:Quantity>
            <swe:description>BLUE_BAND</swe:description>
            <swe:nilValues>
              <swe:NilValues>
                <swe:nilValue reason="http://www.opengis.net/def/nil/OGC/0/unknown">0.0</swe:nilValue>
              </swe:NilValues>
            </swe:nilValues>
            <swe:uom code="W.m-2.Sr-1"/>
            <swe:constraint>
              <swe:AllowedValues>
                <swe:interval>0.0 0.0</swe:interval>
              </swe:AllowedValues>
            </swe:constraint>
          </swe:Quantity>
        </swe:field>
      </swe:DataRecord>
    </gmlcov:rangeType>
    <wcs:ServiceParameters>
      <wcs:CoverageSubtype>RectifiedGridCoverage</wcs:CoverageSubtype>
      <wcs:nativeFormat>image/tiff</wcs:nativeFormat>
    </wcs:ServiceParameters>
  </wcs:CoverageDescription>
</wcs:CoverageDescriptions>
Tests run: 24, Failures: 0, Errors: 0, Skipped: 0, Time elapsed: 2.091 sec
Running org.geoserver.wcs2_0.kvp.GMLGetCoverageKVPTest
Tests run: 2, Failures: 0, Errors: 0, Skipped: 0, Time elapsed: 0.76 sec
Running org.geoserver.wcs2_0.kvp.GeoTiffKvpTest
Tests run: 13, Failures: 0, Errors: 0, Skipped: 0, Time elapsed: 1.106 sec
Running org.geoserver.wcs2_0.kvp.GetCapabilitiesTest
Tests run: 6, Failures: 0, Errors: 0, Skipped: 0, Time elapsed: 0.863 sec
Running org.geoserver.wcs2_0.kvp.GetCoverageKvpTest
Tests run: 15, Failures: 0, Errors: 0, Skipped: 0, Time elapsed: 0.557 sec
Running org.geoserver.wcs2_0.kvp.InterpolationKvpParserTest
Tests run: 5, Failures: 0, Errors: 0, Skipped: 0, Time elapsed: 0.363 sec
Running org.geoserver.wcs2_0.kvp.RangeSubsetKvpParserTest
Tests run: 2, Failures: 0, Errors: 0, Skipped: 0, Time elapsed: 0 sec
Running org.geoserver.wcs2_0.kvp.RangeSubsetKvpTest
Tests run: 8, Failures: 0, Errors: 0, Skipped: 0, Time elapsed: 0.644 sec
Running org.geoserver.wcs2_0.kvp.ScaleExtentKvpParserTest
Tests run: 5, Failures: 0, Errors: 0, Skipped: 0, Time elapsed: 0.001 sec
Running org.geoserver.wcs2_0.kvp.ScaleKvpTest
Tests run: 6, Failures: 0, Errors: 0, Skipped: 0, Time elapsed: 1.857 sec
Running org.geoserver.wcs2_0.kvp.SubsetKvpParserTest
Tests run: 6, Failures: 0, Errors: 0, Skipped: 0, Time elapsed: 0.002 sec
Running org.geoserver.wcs2_0.kvp.SubsetKvpTest
Tests run: 4, Failures: 0, Errors: 0, Skipped: 0, Time elapsed: 0.754 sec
Running org.geoserver.wcs2_0.xml.CRSExtentionTest
Tests run: 5, Failures: 0, Errors: 0, Skipped: 0, Time elapsed: 1.733 sec
Running org.geoserver.wcs2_0.xml.DescribeCoverageTest
Tests run: 3, Failures: 0, Errors: 0, Skipped: 0, Time elapsed: 0.451 sec
Running org.geoserver.wcs2_0.xml.GMLGetCoverageTest
Tests run: 1, Failures: 0, Errors: 0, Skipped: 0, Time elapsed: 0.53 sec
Running org.geoserver.wcs2_0.xml.GeoTiffGetCoverageTest
Tests run: 13, Failures: 0, Errors: 0, Skipped: 2, Time elapsed: 3.141 sec
Running org.geoserver.wcs2_0.xml.GetCapabilitiesTest
Tests run: 2, Failures: 0, Errors: 0, Skipped: 0, Time elapsed: 0.584 sec
Running org.geoserver.wcs2_0.xml.GetCoverageTest
./target/default3670733993282624188data
<ows:ExceptionReport xmlns:xs="http://www.w3.org/2001/XMLSchema" xmlns:ows="http://www.opengis.net/ows/2.0" xmlns:xsi="http://www.w3.org/2001/XMLSchema-instance" version="2.0.0" xsi:schemaLocation="http://www.opengis.net/ows/2.0 http://schemas.opengis.net/ows/2.0/owsExceptionReport.xsd">
  <ows:Exception exceptionCode="NoApplicableCode">
    <ows:ExceptionText>This request is trying to read too much data, the limit is 1KB but the actual amount of bytes to be read is 2.97MB
[]</ows:ExceptionText>
  </ows:Exception>
</ows:ExceptionReport>

Tests run: 31, Failures: 0, Errors: 0, Skipped: 0, Time elapsed: 7.878 sec
Running org.geoserver.wcs2_0.xml.InterpolationExtentionsTest
Tests run: 6, Failures: 0, Errors: 0, Skipped: 0, Time elapsed: 2.047 sec
Running org.geoserver.wcs2_0.xml.RangeSubsetExtentionTest
Tests run: 7, Failures: 7, Errors: 0, Skipped: 0, Time elapsed: 0.511 sec <<< FAILURE!
testBasic(org.geoserver.wcs2_0.xml.RangeSubsetExtentionTest)  Time elapsed: 398 sec  <<< FAILURE!
junit.framework.ComparisonFailure: expected:<[image/tiff]> but was:<[application/xml]>
	at junit.framework.Assert.assertEquals(Assert.java:100)
	at junit.framework.Assert.assertEquals(Assert.java:107)
	at junit.framework.TestCase.assertEquals(TestCase.java:269)
	at org.geoserver.wcs2_0.xml.RangeSubsetExtentionTest.testBasic(RangeSubsetExtentionTest.java:32)
	at sun.reflect.NativeMethodAccessorImpl.invoke0(Native Method)
	at sun.reflect.NativeMethodAccessorImpl.invoke(NativeMethodAccessorImpl.java:62)
	at sun.reflect.DelegatingMethodAccessorImpl.invoke(DelegatingMethodAccessorImpl.java:43)
	at java.lang.reflect.Method.invoke(Method.java:498)
	at org.junit.runners.model.FrameworkMethod$1.runReflectiveCall(FrameworkMethod.java:47)
	at org.junit.internal.runners.model.ReflectiveCallable.run(ReflectiveCallable.java:12)
	at org.junit.runners.model.FrameworkMethod.invokeExplosively(FrameworkMethod.java:44)
	at org.junit.internal.runners.statements.InvokeMethod.evaluate(InvokeMethod.java:17)
	at org.junit.internal.runners.statements.RunBefores.evaluate(RunBefores.java:26)
	at org.junit.internal.runners.statements.RunAfters.evaluate(RunAfters.java:27)
	at org.junit.rules.RunRules.evaluate(RunRules.java:20)
	at org.junit.runners.ParentRunner.runLeaf(ParentRunner.java:271)
	at org.junit.runners.BlockJUnit4ClassRunner.runChild(BlockJUnit4ClassRunner.java:70)
	at org.junit.runners.BlockJUnit4ClassRunner.runChild(BlockJUnit4ClassRunner.java:50)
	at org.junit.runners.ParentRunner$3.run(ParentRunner.java:238)
	at org.junit.runners.ParentRunner$1.schedule(ParentRunner.java:63)
	at org.junit.runners.ParentRunner.runChildren(ParentRunner.java:236)
	at org.junit.runners.ParentRunner.access$000(ParentRunner.java:53)
	at org.junit.runners.ParentRunner$2.evaluate(ParentRunner.java:229)
	at org.junit.internal.runners.statements.RunBefores.evaluate(RunBefores.java:26)
	at org.junit.internal.runners.statements.RunAfters.evaluate(RunAfters.java:27)
	at org.junit.runners.ParentRunner.run(ParentRunner.java:309)
	at org.apache.maven.surefire.junit4.JUnit4Provider.execute(JUnit4Provider.java:252)
	at org.apache.maven.surefire.junit4.JUnit4Provider.executeTestSet(JUnit4Provider.java:141)
	at org.apache.maven.surefire.junit4.JUnit4Provider.invoke(JUnit4Provider.java:112)
	at sun.reflect.NativeMethodAccessorImpl.invoke0(Native Method)
	at sun.reflect.NativeMethodAccessorImpl.invoke(NativeMethodAccessorImpl.java:62)
	at sun.reflect.DelegatingMethodAccessorImpl.invoke(DelegatingMethodAccessorImpl.java:43)
	at java.lang.reflect.Method.invoke(Method.java:498)
	at org.apache.maven.surefire.util.ReflectionUtils.invokeMethodWithArray(ReflectionUtils.java:189)
	at org.apache.maven.surefire.booter.ProviderFactory$ProviderProxy.invoke(ProviderFactory.java:165)
	at org.apache.maven.surefire.booter.ProviderFactory.invokeProvider(ProviderFactory.java:85)
	at org.apache.maven.surefire.booter.ForkedBooter.runSuitesInProcess(ForkedBooter.java:115)
	at org.apache.maven.surefire.booter.ForkedBooter.main(ForkedBooter.java:75)

testRange(org.geoserver.wcs2_0.xml.RangeSubsetExtentionTest)  Time elapsed: 12 sec  <<< FAILURE!
junit.framework.ComparisonFailure: expected:<[image/tiff]> but was:<[application/xml]>
	at junit.framework.Assert.assertEquals(Assert.java:100)
	at junit.framework.Assert.assertEquals(Assert.java:107)
	at junit.framework.TestCase.assertEquals(TestCase.java:269)
	at org.geoserver.wcs2_0.xml.RangeSubsetExtentionTest.testRange(RangeSubsetExtentionTest.java:174)
	at sun.reflect.NativeMethodAccessorImpl.invoke0(Native Method)
	at sun.reflect.NativeMethodAccessorImpl.invoke(NativeMethodAccessorImpl.java:62)
	at sun.reflect.DelegatingMethodAccessorImpl.invoke(DelegatingMethodAccessorImpl.java:43)
	at java.lang.reflect.Method.invoke(Method.java:498)
	at org.junit.runners.model.FrameworkMethod$1.runReflectiveCall(FrameworkMethod.java:47)
	at org.junit.internal.runners.model.ReflectiveCallable.run(ReflectiveCallable.java:12)
	at org.junit.runners.model.FrameworkMethod.invokeExplosively(FrameworkMethod.java:44)
	at org.junit.internal.runners.statements.InvokeMethod.evaluate(InvokeMethod.java:17)
	at org.junit.internal.runners.statements.RunBefores.evaluate(RunBefores.java:26)
	at org.junit.internal.runners.statements.RunAfters.evaluate(RunAfters.java:27)
	at org.junit.rules.RunRules.evaluate(RunRules.java:20)
	at org.junit.runners.ParentRunner.runLeaf(ParentRunner.java:271)
	at org.junit.runners.BlockJUnit4ClassRunner.runChild(BlockJUnit4ClassRunner.java:70)
	at org.junit.runners.BlockJUnit4ClassRunner.runChild(BlockJUnit4ClassRunner.java:50)
	at org.junit.runners.ParentRunner$3.run(ParentRunner.java:238)
	at org.junit.runners.ParentRunner$1.schedule(ParentRunner.java:63)
	at org.junit.runners.ParentRunner.runChildren(ParentRunner.java:236)
	at org.junit.runners.ParentRunner.access$000(ParentRunner.java:53)
	at org.junit.runners.ParentRunner$2.evaluate(ParentRunner.java:229)
	at org.junit.internal.runners.statements.RunBefores.evaluate(RunBefores.java:26)
	at org.junit.internal.runners.statements.RunAfters.evaluate(RunAfters.java:27)
	at org.junit.runners.ParentRunner.run(ParentRunner.java:309)
	at org.apache.maven.surefire.junit4.JUnit4Provider.execute(JUnit4Provider.java:252)
	at org.apache.maven.surefire.junit4.JUnit4Provider.executeTestSet(JUnit4Provider.java:141)
	at org.apache.maven.surefire.junit4.JUnit4Provider.invoke(JUnit4Provider.java:112)
	at sun.reflect.NativeMethodAccessorImpl.invoke0(Native Method)
	at sun.reflect.NativeMethodAccessorImpl.invoke(NativeMethodAccessorImpl.java:62)
	at sun.reflect.DelegatingMethodAccessorImpl.invoke(DelegatingMethodAccessorImpl.java:43)
	at java.lang.reflect.Method.invoke(Method.java:498)
	at org.apache.maven.surefire.util.ReflectionUtils.invokeMethodWithArray(ReflectionUtils.java:189)
	at org.apache.maven.surefire.booter.ProviderFactory$ProviderProxy.invoke(ProviderFactory.java:165)
	at org.apache.maven.surefire.booter.ProviderFactory.invokeProvider(ProviderFactory.java:85)
	at org.apache.maven.surefire.booter.ForkedBooter.runSuitesInProcess(ForkedBooter.java:115)
	at org.apache.maven.surefire.booter.ForkedBooter.main(ForkedBooter.java:75)

testWrong(org.geoserver.wcs2_0.xml.RangeSubsetExtentionTest)  Time elapsed: 13 sec  <<< FAILURE!
java.lang.AssertionError: expected:<404> but was:<200>
	at org.junit.Assert.fail(Assert.java:88)
	at org.junit.Assert.failNotEquals(Assert.java:743)
	at org.junit.Assert.assertEquals(Assert.java:118)
	at org.junit.Assert.assertEquals(Assert.java:555)
	at org.junit.Assert.assertEquals(Assert.java:542)
	at org.geoserver.test.GeoServerSystemTestSupport.checkOws20Exception(GeoServerSystemTestSupport.java:1730)
	at org.geoserver.wcs2_0.xml.RangeSubsetExtentionTest.testWrong(RangeSubsetExtentionTest.java:86)
	at sun.reflect.NativeMethodAccessorImpl.invoke0(Native Method)
	at sun.reflect.NativeMethodAccessorImpl.invoke(NativeMethodAccessorImpl.java:62)
	at sun.reflect.DelegatingMethodAccessorImpl.invoke(DelegatingMethodAccessorImpl.java:43)
	at java.lang.reflect.Method.invoke(Method.java:498)
	at org.junit.runners.model.FrameworkMethod$1.runReflectiveCall(FrameworkMethod.java:47)
	at org.junit.internal.runners.model.ReflectiveCallable.run(ReflectiveCallable.java:12)
	at org.junit.runners.model.FrameworkMethod.invokeExplosively(FrameworkMethod.java:44)
	at org.junit.internal.runners.statements.InvokeMethod.evaluate(InvokeMethod.java:17)
	at org.junit.internal.runners.statements.RunBefores.evaluate(RunBefores.java:26)
	at org.junit.internal.runners.statements.RunAfters.evaluate(RunAfters.java:27)
	at org.junit.rules.RunRules.evaluate(RunRules.java:20)
	at org.junit.runners.ParentRunner.runLeaf(ParentRunner.java:271)
	at org.junit.runners.BlockJUnit4ClassRunner.runChild(BlockJUnit4ClassRunner.java:70)
	at org.junit.runners.BlockJUnit4ClassRunner.runChild(BlockJUnit4ClassRunner.java:50)
	at org.junit.runners.ParentRunner$3.run(ParentRunner.java:238)
	at org.junit.runners.ParentRunner$1.schedule(ParentRunner.java:63)
	at org.junit.runners.ParentRunner.runChildren(ParentRunner.java:236)
	at org.junit.runners.ParentRunner.access$000(ParentRunner.java:53)
	at org.junit.runners.ParentRunner$2.evaluate(ParentRunner.java:229)
	at org.junit.internal.runners.statements.RunBefores.evaluate(RunBefores.java:26)
	at org.junit.internal.runners.statements.RunAfters.evaluate(RunAfters.java:27)
	at org.junit.runners.ParentRunner.run(ParentRunner.java:309)
	at org.apache.maven.surefire.junit4.JUnit4Provider.execute(JUnit4Provider.java:252)
	at org.apache.maven.surefire.junit4.JUnit4Provider.executeTestSet(JUnit4Provider.java:141)
	at org.apache.maven.surefire.junit4.JUnit4Provider.invoke(JUnit4Provider.java:112)
	at sun.reflect.NativeMethodAccessorImpl.invoke0(Native Method)
	at sun.reflect.NativeMethodAccessorImpl.invoke(NativeMethodAccessorImpl.java:62)
	at sun.reflect.DelegatingMethodAccessorImpl.invoke(DelegatingMethodAccessorImpl.java:43)
	at java.lang.reflect.Method.invoke(Method.java:498)
	at org.apache.maven.surefire.util.ReflectionUtils.invokeMethodWithArray(ReflectionUtils.java:189)
	at org.apache.maven.surefire.booter.ProviderFactory$ProviderProxy.invoke(ProviderFactory.java:165)
	at org.apache.maven.surefire.booter.ProviderFactory.invokeProvider(ProviderFactory.java:85)
	at org.apache.maven.surefire.booter.ForkedBooter.runSuitesInProcess(ForkedBooter.java:115)
	at org.apache.maven.surefire.booter.ForkedBooter.main(ForkedBooter.java:75)

test9to3(org.geoserver.wcs2_0.xml.RangeSubsetExtentionTest)  Time elapsed: 19 sec  <<< FAILURE!
junit.framework.ComparisonFailure: expected:<[image/tiff]> but was:<[application/xml]>
	at junit.framework.Assert.assertEquals(Assert.java:100)
	at junit.framework.Assert.assertEquals(Assert.java:107)
	at junit.framework.TestCase.assertEquals(TestCase.java:269)
	at org.geoserver.wcs2_0.xml.RangeSubsetExtentionTest.test9to3(RangeSubsetExtentionTest.java:96)
	at sun.reflect.NativeMethodAccessorImpl.invoke0(Native Method)
	at sun.reflect.NativeMethodAccessorImpl.invoke(NativeMethodAccessorImpl.java:62)
	at sun.reflect.DelegatingMethodAccessorImpl.invoke(DelegatingMethodAccessorImpl.java:43)
	at java.lang.reflect.Method.invoke(Method.java:498)
	at org.junit.runners.model.FrameworkMethod$1.runReflectiveCall(FrameworkMethod.java:47)
	at org.junit.internal.runners.model.ReflectiveCallable.run(ReflectiveCallable.java:12)
	at org.junit.runners.model.FrameworkMethod.invokeExplosively(FrameworkMethod.java:44)
	at org.junit.internal.runners.statements.InvokeMethod.evaluate(InvokeMethod.java:17)
	at org.junit.internal.runners.statements.RunBefores.evaluate(RunBefores.java:26)
	at org.junit.internal.runners.statements.RunAfters.evaluate(RunAfters.java:27)
	at org.junit.rules.RunRules.evaluate(RunRules.java:20)
	at org.junit.runners.ParentRunner.runLeaf(ParentRunner.java:271)
	at org.junit.runners.BlockJUnit4ClassRunner.runChild(BlockJUnit4ClassRunner.java:70)
	at org.junit.runners.BlockJUnit4ClassRunner.runChild(BlockJUnit4ClassRunner.java:50)
	at org.junit.runners.ParentRunner$3.run(ParentRunner.java:238)
	at org.junit.runners.ParentRunner$1.schedule(ParentRunner.java:63)
	at org.junit.runners.ParentRunner.runChildren(ParentRunner.java:236)
	at org.junit.runners.ParentRunner.access$000(ParentRunner.java:53)
	at org.junit.runners.ParentRunner$2.evaluate(ParentRunner.java:229)
	at org.junit.internal.runners.statements.RunBefores.evaluate(RunBefores.java:26)
	at org.junit.internal.runners.statements.RunAfters.evaluate(RunAfters.java:27)
	at org.junit.runners.ParentRunner.run(ParentRunner.java:309)
	at org.apache.maven.surefire.junit4.JUnit4Provider.execute(JUnit4Provider.java:252)
	at org.apache.maven.surefire.junit4.JUnit4Provider.executeTestSet(JUnit4Provider.java:141)
	at org.apache.maven.surefire.junit4.JUnit4Provider.invoke(JUnit4Provider.java:112)
	at sun.reflect.NativeMethodAccessorImpl.invoke0(Native Method)
	at sun.reflect.NativeMethodAccessorImpl.invoke(NativeMethodAccessorImpl.java:62)
	at sun.reflect.DelegatingMethodAccessorImpl.invoke(DelegatingMethodAccessorImpl.java:43)
	at java.lang.reflect.Method.invoke(Method.java:498)
	at org.apache.maven.surefire.util.ReflectionUtils.invokeMethodWithArray(ReflectionUtils.java:189)
	at org.apache.maven.surefire.booter.ProviderFactory$ProviderProxy.invoke(ProviderFactory.java:165)
	at org.apache.maven.surefire.booter.ProviderFactory.invokeProvider(ProviderFactory.java:85)
	at org.apache.maven.surefire.booter.ForkedBooter.runSuitesInProcess(ForkedBooter.java:115)
	at org.apache.maven.surefire.booter.ForkedBooter.main(ForkedBooter.java:75)

test9to4(org.geoserver.wcs2_0.xml.RangeSubsetExtentionTest)  Time elapsed: 14 sec  <<< FAILURE!
junit.framework.ComparisonFailure: expected:<[image/tiff]> but was:<[application/xml]>
	at junit.framework.Assert.assertEquals(Assert.java:100)
	at junit.framework.Assert.assertEquals(Assert.java:107)
	at junit.framework.TestCase.assertEquals(TestCase.java:269)
	at org.geoserver.wcs2_0.xml.RangeSubsetExtentionTest.test9to4(RangeSubsetExtentionTest.java:122)
	at sun.reflect.NativeMethodAccessorImpl.invoke0(Native Method)
	at sun.reflect.NativeMethodAccessorImpl.invoke(NativeMethodAccessorImpl.java:62)
	at sun.reflect.DelegatingMethodAccessorImpl.invoke(DelegatingMethodAccessorImpl.java:43)
	at java.lang.reflect.Method.invoke(Method.java:498)
	at org.junit.runners.model.FrameworkMethod$1.runReflectiveCall(FrameworkMethod.java:47)
	at org.junit.internal.runners.model.ReflectiveCallable.run(ReflectiveCallable.java:12)
	at org.junit.runners.model.FrameworkMethod.invokeExplosively(FrameworkMethod.java:44)
	at org.junit.internal.runners.statements.InvokeMethod.evaluate(InvokeMethod.java:17)
	at org.junit.internal.runners.statements.RunBefores.evaluate(RunBefores.java:26)
	at org.junit.internal.runners.statements.RunAfters.evaluate(RunAfters.java:27)
	at org.junit.rules.RunRules.evaluate(RunRules.java:20)
	at org.junit.runners.ParentRunner.runLeaf(ParentRunner.java:271)
	at org.junit.runners.BlockJUnit4ClassRunner.runChild(BlockJUnit4ClassRunner.java:70)
	at org.junit.runners.BlockJUnit4ClassRunner.runChild(BlockJUnit4ClassRunner.java:50)
	at org.junit.runners.ParentRunner$3.run(ParentRunner.java:238)
	at org.junit.runners.ParentRunner$1.schedule(ParentRunner.java:63)
	at org.junit.runners.ParentRunner.runChildren(ParentRunner.java:236)
	at org.junit.runners.ParentRunner.access$000(ParentRunner.java:53)
	at org.junit.runners.ParentRunner$2.evaluate(ParentRunner.java:229)
	at org.junit.internal.runners.statements.RunBefores.evaluate(RunBefores.java:26)
	at org.junit.internal.runners.statements.RunAfters.evaluate(RunAfters.java:27)
	at org.junit.runners.ParentRunner.run(ParentRunner.java:309)
	at org.apache.maven.surefire.junit4.JUnit4Provider.execute(JUnit4Provider.java:252)
	at org.apache.maven.surefire.junit4.JUnit4Provider.executeTestSet(JUnit4Provider.java:141)
	at org.apache.maven.surefire.junit4.JUnit4Provider.invoke(JUnit4Provider.java:112)
	at sun.reflect.NativeMethodAccessorImpl.invoke0(Native Method)
	at sun.reflect.NativeMethodAccessorImpl.invoke(NativeMethodAccessorImpl.java:62)
	at sun.reflect.DelegatingMethodAccessorImpl.invoke(DelegatingMethodAccessorImpl.java:43)
	at java.lang.reflect.Method.invoke(Method.java:498)
	at org.apache.maven.surefire.util.ReflectionUtils.invokeMethodWithArray(ReflectionUtils.java:189)
	at org.apache.maven.surefire.booter.ProviderFactory$ProviderProxy.invoke(ProviderFactory.java:165)
	at org.apache.maven.surefire.booter.ProviderFactory.invokeProvider(ProviderFactory.java:85)
	at org.apache.maven.surefire.booter.ForkedBooter.runSuitesInProcess(ForkedBooter.java:115)
	at org.apache.maven.surefire.booter.ForkedBooter.main(ForkedBooter.java:75)

test9to7(org.geoserver.wcs2_0.xml.RangeSubsetExtentionTest)  Time elapsed: 15 sec  <<< FAILURE!
junit.framework.ComparisonFailure: expected:<[image/tiff]> but was:<[application/xml]>
	at junit.framework.Assert.assertEquals(Assert.java:100)
	at junit.framework.Assert.assertEquals(Assert.java:107)
	at junit.framework.TestCase.assertEquals(TestCase.java:269)
	at org.geoserver.wcs2_0.xml.RangeSubsetExtentionTest.test9to7(RangeSubsetExtentionTest.java:148)
	at sun.reflect.NativeMethodAccessorImpl.invoke0(Native Method)
	at sun.reflect.NativeMethodAccessorImpl.invoke(NativeMethodAccessorImpl.java:62)
	at sun.reflect.DelegatingMethodAccessorImpl.invoke(DelegatingMethodAccessorImpl.java:43)
	at java.lang.reflect.Method.invoke(Method.java:498)
	at org.junit.runners.model.FrameworkMethod$1.runReflectiveCall(FrameworkMethod.java:47)
	at org.junit.internal.runners.model.ReflectiveCallable.run(ReflectiveCallable.java:12)
	at org.junit.runners.model.FrameworkMethod.invokeExplosively(FrameworkMethod.java:44)
	at org.junit.internal.runners.statements.InvokeMethod.evaluate(InvokeMethod.java:17)
	at org.junit.internal.runners.statements.RunBefores.evaluate(RunBefores.java:26)
	at org.junit.internal.runners.statements.RunAfters.evaluate(RunAfters.java:27)
	at org.junit.rules.RunRules.evaluate(RunRules.java:20)
	at org.junit.runners.ParentRunner.runLeaf(ParentRunner.java:271)
	at org.junit.runners.BlockJUnit4ClassRunner.runChild(BlockJUnit4ClassRunner.java:70)
	at org.junit.runners.BlockJUnit4ClassRunner.runChild(BlockJUnit4ClassRunner.java:50)
	at org.junit.runners.ParentRunner$3.run(ParentRunner.java:238)
	at org.junit.runners.ParentRunner$1.schedule(ParentRunner.java:63)
	at org.junit.runners.ParentRunner.runChildren(ParentRunner.java:236)
	at org.junit.runners.ParentRunner.access$000(ParentRunner.java:53)
	at org.junit.runners.ParentRunner$2.evaluate(ParentRunner.java:229)
	at org.junit.internal.runners.statements.RunBefores.evaluate(RunBefores.java:26)
	at org.junit.internal.runners.statements.RunAfters.evaluate(RunAfters.java:27)
	at org.junit.runners.ParentRunner.run(ParentRunner.java:309)
	at org.apache.maven.surefire.junit4.JUnit4Provider.execute(JUnit4Provider.java:252)
	at org.apache.maven.surefire.junit4.JUnit4Provider.executeTestSet(JUnit4Provider.java:141)
	at org.apache.maven.surefire.junit4.JUnit4Provider.invoke(JUnit4Provider.java:112)
	at sun.reflect.NativeMethodAccessorImpl.invoke0(Native Method)
	at sun.reflect.NativeMethodAccessorImpl.invoke(NativeMethodAccessorImpl.java:62)
	at sun.reflect.DelegatingMethodAccessorImpl.invoke(DelegatingMethodAccessorImpl.java:43)
	at java.lang.reflect.Method.invoke(Method.java:498)
	at org.apache.maven.surefire.util.ReflectionUtils.invokeMethodWithArray(ReflectionUtils.java:189)
	at org.apache.maven.surefire.booter.ProviderFactory$ProviderProxy.invoke(ProviderFactory.java:165)
	at org.apache.maven.surefire.booter.ProviderFactory.invokeProvider(ProviderFactory.java:85)
	at org.apache.maven.surefire.booter.ForkedBooter.runSuitesInProcess(ForkedBooter.java:115)
	at org.apache.maven.surefire.booter.ForkedBooter.main(ForkedBooter.java:75)

mixed(org.geoserver.wcs2_0.xml.RangeSubsetExtentionTest)  Time elapsed: 13 sec  <<< FAILURE!
junit.framework.ComparisonFailure: expected:<[image/tiff]> but was:<[application/xml]>
	at junit.framework.Assert.assertEquals(Assert.java:100)
	at junit.framework.Assert.assertEquals(Assert.java:107)
	at junit.framework.TestCase.assertEquals(TestCase.java:269)
	at org.geoserver.wcs2_0.xml.RangeSubsetExtentionTest.mixed(RangeSubsetExtentionTest.java:58)
	at sun.reflect.NativeMethodAccessorImpl.invoke0(Native Method)
	at sun.reflect.NativeMethodAccessorImpl.invoke(NativeMethodAccessorImpl.java:62)
	at sun.reflect.DelegatingMethodAccessorImpl.invoke(DelegatingMethodAccessorImpl.java:43)
	at java.lang.reflect.Method.invoke(Method.java:498)
	at org.junit.runners.model.FrameworkMethod$1.runReflectiveCall(FrameworkMethod.java:47)
	at org.junit.internal.runners.model.ReflectiveCallable.run(ReflectiveCallable.java:12)
	at org.junit.runners.model.FrameworkMethod.invokeExplosively(FrameworkMethod.java:44)
	at org.junit.internal.runners.statements.InvokeMethod.evaluate(InvokeMethod.java:17)
	at org.junit.internal.runners.statements.RunBefores.evaluate(RunBefores.java:26)
	at org.junit.internal.runners.statements.RunAfters.evaluate(RunAfters.java:27)
	at org.junit.rules.RunRules.evaluate(RunRules.java:20)
	at org.junit.runners.ParentRunner.runLeaf(ParentRunner.java:271)
	at org.junit.runners.BlockJUnit4ClassRunner.runChild(BlockJUnit4ClassRunner.java:70)
	at org.junit.runners.BlockJUnit4ClassRunner.runChild(BlockJUnit4ClassRunner.java:50)
	at org.junit.runners.ParentRunner$3.run(ParentRunner.java:238)
	at org.junit.runners.ParentRunner$1.schedule(ParentRunner.java:63)
	at org.junit.runners.ParentRunner.runChildren(ParentRunner.java:236)
	at org.junit.runners.ParentRunner.access$000(ParentRunner.java:53)
	at org.junit.runners.ParentRunner$2.evaluate(ParentRunner.java:229)
	at org.junit.internal.runners.statements.RunBefores.evaluate(RunBefores.java:26)
	at org.junit.internal.runners.statements.RunAfters.evaluate(RunAfters.java:27)
	at org.junit.runners.ParentRunner.run(ParentRunner.java:309)
	at org.apache.maven.surefire.junit4.JUnit4Provider.execute(JUnit4Provider.java:252)
	at org.apache.maven.surefire.junit4.JUnit4Provider.executeTestSet(JUnit4Provider.java:141)
	at org.apache.maven.surefire.junit4.JUnit4Provider.invoke(JUnit4Provider.java:112)
	at sun.reflect.NativeMethodAccessorImpl.invoke0(Native Method)
	at sun.reflect.NativeMethodAccessorImpl.invoke(NativeMethodAccessorImpl.java:62)
	at sun.reflect.DelegatingMethodAccessorImpl.invoke(DelegatingMethodAccessorImpl.java:43)
	at java.lang.reflect.Method.invoke(Method.java:498)
	at org.apache.maven.surefire.util.ReflectionUtils.invokeMethodWithArray(ReflectionUtils.java:189)
	at org.apache.maven.surefire.booter.ProviderFactory$ProviderProxy.invoke(ProviderFactory.java:165)
	at org.apache.maven.surefire.booter.ProviderFactory.invokeProvider(ProviderFactory.java:85)
	at org.apache.maven.surefire.booter.ForkedBooter.runSuitesInProcess(ForkedBooter.java:115)
	at org.apache.maven.surefire.booter.ForkedBooter.main(ForkedBooter.java:75)

Running org.geoserver.wcs2_0.xml.ScalingExtentionTest
Tests run: 4, Failures: 0, Errors: 0, Skipped: 0, Time elapsed: 1.867 sec

Results :

Failed tests:   testBasic(org.geoserver.wcs2_0.xml.RangeSubsetExtentionTest): expected:<[image/tiff]> but was:<[application/xml]>
  testRange(org.geoserver.wcs2_0.xml.RangeSubsetExtentionTest): expected:<[image/tiff]> but was:<[application/xml]>
  testWrong(org.geoserver.wcs2_0.xml.RangeSubsetExtentionTest): expected:<404> but was:<200>
  test9to3(org.geoserver.wcs2_0.xml.RangeSubsetExtentionTest): expected:<[image/tiff]> but was:<[application/xml]>
  test9to4(org.geoserver.wcs2_0.xml.RangeSubsetExtentionTest): expected:<[image/tiff]> but was:<[application/xml]>
  test9to7(org.geoserver.wcs2_0.xml.RangeSubsetExtentionTest): expected:<[image/tiff]> but was:<[application/xml]>
  mixed(org.geoserver.wcs2_0.xml.RangeSubsetExtentionTest): expected:<[image/tiff]> but was:<[application/xml]>

Tests run: 180, Failures: 7, Errors: 0, Skipped: 2

[INFO] ------------------------------------------------------------------------
[INFO] Reactor Summary:
[INFO] 
[INFO] GeoServer .......................................... SUCCESS [  3.982 s]
[INFO] Core Platform Module ............................... SUCCESS [  8.622 s]
[INFO] Open Web Service Module ............................ SUCCESS [  2.874 s]
[INFO] Main Module ........................................ SUCCESS [01:45 min]
[INFO] GeoServer Security Modules ......................... SUCCESS [  0.002 s]
[INFO] GeoServer JDBC Security Module ..................... SUCCESS [ 13.258 s]
[INFO] GeoServer LDAP Security Module ..................... SUCCESS [02:19 min]
[INFO] Web Coverage Service Module ........................ SUCCESS [  0.052 s]
[INFO] Web Coverage Service 1.0 Module .................... SUCCESS [ 11.965 s]
[INFO] Web Coverage Service 1.1 Module .................... SUCCESS [ 13.954 s]
[INFO] Web Coverage Service 2.0 Module .................... FAILURE [ 36.213 s]
[INFO] Web Feature Service Module ......................... SKIPPED
[INFO] Web Map Service Module ............................. SKIPPED
[INFO] KML support for GeoServer .......................... SKIPPED
[INFO] GeoWebCache (GWC) Module ........................... SKIPPED
[INFO] REST Support Module ................................ SKIPPED
[INFO] REST Configuration Service Module .................. SKIPPED
[INFO] GeoServer Web Modules .............................. SKIPPED
[INFO] Core UI Module ..................................... SKIPPED
[INFO] WMS UI Module ...................................... SKIPPED
[INFO] GWC UI Module ...................................... SKIPPED
[INFO] WFS UI Module ...................................... SKIPPED
[INFO] Demos Module ....................................... SKIPPED
[INFO] WCS UI Module ...................................... SKIPPED
[INFO] Security UI Modules ................................ SKIPPED
[INFO] Security UI Core Module ............................ SKIPPED
[INFO] Security UI JDBC Module ............................ SKIPPED
[INFO] Security UI LDAP Module ............................ SKIPPED
[INFO] REST UI Module ..................................... SKIPPED
[INFO] GeoServer Web Application .......................... SKIPPED
[INFO] Community Space .................................... SKIPPED
[INFO] GeoServer Extensions ............................... SKIPPED
[INFO] ------------------------------------------------------------------------
[INFO] BUILD FAILURE
[INFO] ------------------------------------------------------------------------
[INFO] Total time: 05:36 min
[INFO] Finished at: 2017-04-29T03:04:44+02:00
[INFO] Final Memory: 80M/575M
[INFO] ------------------------------------------------------------------------
[ERROR] Failed to execute goal org.apache.maven.plugins:maven-surefire-plugin:2.12.3:test (default-test) on project gs-wcs2_0: There are test failures.
[ERROR] 
[ERROR] Please refer to /root/workspace/geoserver/geoserver/226907097/src/wcs2_0/target/surefire-reports for the individual test results.
[ERROR] -> [Help 1]
[ERROR] 
[ERROR] To see the full stack trace of the errors, re-run Maven with the -e switch.
[ERROR] Re-run Maven using the -X switch to enable full debug logging.
[ERROR] 
[ERROR] For more information about the errors and possible solutions, please read the following articles:
[ERROR] [Help 1] http://cwiki.apache.org/confluence/display/MAVEN/MojoFailureException
[ERROR] 
[ERROR] After correcting the problems, you can resume the build with the command
[ERROR]   mvn <goals> -rf :gs-wcs2_0
